{
   "results" : [
      {
         "address_components" : [
            {
               "long_name" : "'s-Hertogenbosch",
               "short_name" : "'s-Hertogenbosch",
               "types" : [ "locality", "political" ]
            },
            {
               "long_name" : "s-Hertogenbosch",
               "short_name" : "s-Hertogenbosch",
               "types" : [ "administrative_area_level_2", "political" ]
            },
            {
               "long_name" : "North Brabant",
               "short_name" : "NB",
               "types" : [ "administrative_area_level_1", "political" ]
            },
            {
               "long_name" : "Netherlands",
               "short_name" : "NL",
               "types" : [ "country", "political" ]
            }
         ],
         "formatted_address" : "'s-Hertogenbosch, Netherlands",
         "geometry" : {
            "bounds" : {
               "northeast" : {
                  "lat" : 51.7624666,
                  "lng" : 5.4296447
               },
               "southwest" : {
                  "lat" : 51.6671708,
                  "lng" : 5.2067121
               }
            },
            "location" : {
               "lat" : 51.6978162,
               "lng" : 5.3036748
            },
            "location_type" : "APPROXIMATE",
            "viewport" : {
               "northeast" : {
                  "lat" : 51.7624666,
                  "lng" : 5.4296447
               },
               "southwest" : {
                  "lat" : 51.6671708,
                  "lng" : 5.2067121
               }
            }
         },
         "place_id" : "ChIJN90-rTfuxkcRUHwejVreAAQ",
         "types" : [ "locality", "political" ]
      }
   ],
   "status" : "OK"
}
