{
   "results" : [
      {
         "address_components" : [
            {
               "long_name" : "Alès",
               "short_name" : "Alès",
               "types" : [ "locality", "political" ]
            },
            {
               "long_name" : "Gard",
               "short_name" : "Gard",
               "types" : [ "administrative_area_level_2", "political" ]
            },
            {
               "long_name" : "Languedoc-Roussillon",
               "short_name" : "Languedoc-Roussillon",
               "types" : [ "administrative_area_level_1", "political" ]
            },
            {
               "long_name" : "France",
               "short_name" : "FR",
               "types" : [ "country", "political" ]
            }
         ],
         "formatted_address" : "Alès, France",
         "geometry" : {
            "bounds" : {
               "northeast" : {
                  "lat" : 44.1562589,
                  "lng" : 4.127314999999999
               },
               "southwest" : {
                  "lat" : 44.09408610000001,
                  "lng" : 4.0535691
               }
            },
            "location" : {
               "lat" : 44.127204,
               "lng" : 4.083352
            },
            "location_type" : "APPROXIMATE",
            "viewport" : {
               "northeast" : {
                  "lat" : 44.1562589,
                  "lng" : 4.127314999999999
               },
               "southwest" : {
                  "lat" : 44.09408610000001,
                  "lng" : 4.0535691
               }
            }
         },
         "place_id" : "ChIJ49i3h0JCtBIRMEhrFiGIBwQ",
         "types" : [ "locality", "political" ]
      }
   ],
   "status" : "OK"
}
