{
   "results" : [
      {
         "address_components" : [
            {
               "long_name" : "Albany Creek",
               "short_name" : "Albany Creek",
               "types" : [ "locality", "political" ]
            },
            {
               "long_name" : "Queensland",
               "short_name" : "QLD",
               "types" : [ "administrative_area_level_1", "political" ]
            },
            {
               "long_name" : "Australia",
               "short_name" : "AU",
               "types" : [ "country", "political" ]
            }
         ],
         "formatted_address" : "Albany Creek QLD, Australia",
         "geometry" : {
            "bounds" : {
               "northeast" : {
                  "lat" : -27.3342554,
                  "lng" : 152.9888721
               },
               "southwest" : {
                  "lat" : -27.3728434,
                  "lng" : 152.946436
               }
            },
            "location" : {
               "lat" : -27.344694,
               "lng" : 152.9658672
            },
            "location_type" : "APPROXIMATE",
            "viewport" : {
               "northeast" : {
                  "lat" : -27.3342554,
                  "lng" : 152.9888721
               },
               "southwest" : {
                  "lat" : -27.3728434,
                  "lng" : 152.946436
               }
            }
         },
         "place_id" : "ChIJ7ZvWV539k2sR8H3e81qjAgU",
         "types" : [ "locality", "political" ]
      }
   ],
   "status" : "OK"
}
