{
   "results" : [
      {
         "address_components" : [
            {
               "long_name" : "Alcoi",
               "short_name" : "Alcoi",
               "types" : [ "locality", "political" ]
            },
            {
               "long_name" : "Alcoy",
               "short_name" : "Alcoy",
               "types" : [ "administrative_area_level_4", "political" ]
            },
            {
               "long_name" : "L'Alcoià",
               "short_name" : "L'Alcoià",
               "types" : [ "administrative_area_level_3", "political" ]
            },
            {
               "long_name" : "Alicante",
               "short_name" : "A",
               "types" : [ "administrative_area_level_2", "political" ]
            },
            {
               "long_name" : "Valencian Community",
               "short_name" : "Valencian Community",
               "types" : [ "administrative_area_level_1", "political" ]
            },
            {
               "long_name" : "Spain",
               "short_name" : "ES",
               "types" : [ "country", "political" ]
            }
         ],
         "formatted_address" : "Alcoi, Alicante, Spain",
         "geometry" : {
            "bounds" : {
               "northeast" : {
                  "lat" : 38.7155667,
                  "lng" : -0.4591414
               },
               "southwest" : {
                  "lat" : 38.68559760000001,
                  "lng" : -0.4976875999999999
               }
            },
            "location" : {
               "lat" : 38.6987066,
               "lng" : -0.4810937
            },
            "location_type" : "APPROXIMATE",
            "viewport" : {
               "northeast" : {
                  "lat" : 38.7155667,
                  "lng" : -0.4591414
               },
               "southwest" : {
                  "lat" : 38.68559760000001,
                  "lng" : -0.4976875999999999
               }
            }
         },
         "place_id" : "ChIJd7NLIE6GYQ0RcgRRtFq8cDI",
         "types" : [ "locality", "political" ]
      }
   ],
   "status" : "OK"
}
