{
   "results" : [
      {
         "address_components" : [
            {
               "long_name" : "Amiens",
               "short_name" : "Amiens",
               "types" : [ "locality", "political" ]
            },
            {
               "long_name" : "Somme",
               "short_name" : "Somme",
               "types" : [ "administrative_area_level_2", "political" ]
            },
            {
               "long_name" : "Picardy",
               "short_name" : "Picardy",
               "types" : [ "administrative_area_level_1", "political" ]
            },
            {
               "long_name" : "France",
               "short_name" : "FR",
               "types" : [ "country", "political" ]
            }
         ],
         "formatted_address" : "Amiens, France",
         "geometry" : {
            "bounds" : {
               "northeast" : {
                  "lat" : 49.9502879,
                  "lng" : 2.3457469
               },
               "southwest" : {
                  "lat" : 49.84683589999999,
                  "lng" : 2.223528
               }
            },
            "location" : {
               "lat" : 49.894067,
               "lng" : 2.295753
            },
            "location_type" : "APPROXIMATE",
            "viewport" : {
               "northeast" : {
                  "lat" : 49.9502879,
                  "lng" : 2.3457469
               },
               "southwest" : {
                  "lat" : 49.84683589999999,
                  "lng" : 2.223528
               }
            }
         },
         "place_id" : "ChIJC3aL1xOE50cR4CBigT7xCgQ",
         "types" : [ "locality", "political" ]
      }
   ],
   "status" : "OK"
}
