{
   "results" : [
      {
         "address_components" : [
            {
               "long_name" : "Amsterdam",
               "short_name" : "Amsterdam",
               "types" : [ "locality", "political" ]
            },
            {
               "long_name" : "Government of Amsterdam",
               "short_name" : "Government of Amsterdam",
               "types" : [ "administrative_area_level_2", "political" ]
            },
            {
               "long_name" : "North Holland",
               "short_name" : "NH",
               "types" : [ "administrative_area_level_1", "political" ]
            },
            {
               "long_name" : "Netherlands",
               "short_name" : "NL",
               "types" : [ "country", "political" ]
            }
         ],
         "formatted_address" : "Amsterdam, Netherlands",
         "geometry" : {
            "bounds" : {
               "northeast" : {
                  "lat" : 52.4309497,
                  "lng" : 5.068372600000001
               },
               "southwest" : {
                  "lat" : 52.3182742,
                  "lng" : 4.7288558
               }
            },
            "location" : {
               "lat" : 52.3702157,
               "lng" : 4.895167900000001
            },
            "location_type" : "APPROXIMATE",
            "viewport" : {
               "northeast" : {
                  "lat" : 52.4309497,
                  "lng" : 5.068372600000001
               },
               "southwest" : {
                  "lat" : 52.3182742,
                  "lng" : 4.7288558
               }
            }
         },
         "place_id" : "ChIJVXealLU_xkcRja_At0z9AGY",
         "types" : [ "locality", "political" ]
      }
   ],
   "status" : "OK"
}
