{
   "results" : [
      {
         "address_components" : [
            {
               "long_name" : "Anchorage",
               "short_name" : "Anchorage",
               "types" : [ "locality", "political" ]
            },
            {
               "long_name" : "Anchorage",
               "short_name" : "Anchorage",
               "types" : [ "administrative_area_level_2", "political" ]
            },
            {
               "long_name" : "Alaska",
               "short_name" : "AK",
               "types" : [ "administrative_area_level_1", "political" ]
            },
            {
               "long_name" : "United States",
               "short_name" : "US",
               "types" : [ "country", "political" ]
            }
         ],
         "formatted_address" : "Anchorage, AK, USA",
         "geometry" : {
            "bounds" : {
               "northeast" : {
                  "lat" : 61.4838912,
                  "lng" : -148.460007
               },
               "southwest" : {
                  "lat" : 60.733791,
                  "lng" : -150.2862833
               }
            },
            "location" : {
               "lat" : 61.2180556,
               "lng" : -149.9002778
            },
            "location_type" : "APPROXIMATE",
            "viewport" : {
               "northeast" : {
                  "lat" : 61.4838912,
                  "lng" : -148.460007
               },
               "southwest" : {
                  "lat" : 60.733791,
                  "lng" : -150.2862833
               }
            }
         },
         "place_id" : "ChIJQT-zBHaRyFYR42iEp1q6fSU",
         "types" : [ "locality", "political" ]
      }
   ],
   "status" : "OK"
}
