{
   "results" : [
      {
         "address_components" : [
            {
               "long_name" : "Anderson",
               "short_name" : "Anderson",
               "types" : [ "locality", "political" ]
            },
            {
               "long_name" : "Madison County",
               "short_name" : "Madison County",
               "types" : [ "administrative_area_level_2", "political" ]
            },
            {
               "long_name" : "Indiana",
               "short_name" : "IN",
               "types" : [ "administrative_area_level_1", "political" ]
            },
            {
               "long_name" : "United States",
               "short_name" : "US",
               "types" : [ "country", "political" ]
            }
         ],
         "formatted_address" : "Anderson, IN, USA",
         "geometry" : {
            "bounds" : {
               "northeast" : {
                  "lat" : 40.1591549,
                  "lng" : -85.6013519
               },
               "southwest" : {
                  "lat" : 40.0302128,
                  "lng" : -85.749179
               }
            },
            "location" : {
               "lat" : 40.1053196,
               "lng" : -85.6802541
            },
            "location_type" : "APPROXIMATE",
            "viewport" : {
               "northeast" : {
                  "lat" : 40.1591549,
                  "lng" : -85.6013519
               },
               "southwest" : {
                  "lat" : 40.0302128,
                  "lng" : -85.749179
               }
            }
         },
         "place_id" : "ChIJA8BchIXZFIgRQ0MLZBUDF5A",
         "types" : [ "locality", "political" ]
      }
   ],
   "status" : "OK"
}
