{
   "results" : [
      {
         "address_components" : [
            {
               "long_name" : "Anglet",
               "short_name" : "Anglet",
               "types" : [ "locality", "political" ]
            },
            {
               "long_name" : "Pyrénées-Atlantiques",
               "short_name" : "Pyrénées-Atlantiques",
               "types" : [ "administrative_area_level_2", "political" ]
            },
            {
               "long_name" : "Aquitaine",
               "short_name" : "Aquitaine",
               "types" : [ "administrative_area_level_1", "political" ]
            },
            {
               "long_name" : "France",
               "short_name" : "FR",
               "types" : [ "country", "political" ]
            }
         ],
         "formatted_address" : "Anglet, France",
         "geometry" : {
            "bounds" : {
               "northeast" : {
                  "lat" : 43.5290199,
                  "lng" : -1.48987
               },
               "southwest" : {
                  "lat" : 43.449557,
                  "lng" : -1.548672
               }
            },
            "location" : {
               "lat" : 43.481402,
               "lng" : -1.514699
            },
            "location_type" : "APPROXIMATE",
            "viewport" : {
               "northeast" : {
                  "lat" : 43.5290199,
                  "lng" : -1.48987
               },
               "southwest" : {
                  "lat" : 43.449557,
                  "lng" : -1.548672
               }
            }
         },
         "place_id" : "ChIJNZeX3BxAUQ0RSKu5OPhfvL0",
         "types" : [ "locality", "political" ]
      }
   ],
   "status" : "OK"
}
