{
   "results" : [
      {
         "address_components" : [
            {
               "long_name" : "Ardmore",
               "short_name" : "Ardmore",
               "types" : [ "locality", "political" ]
            },
            {
               "long_name" : "Carter County",
               "short_name" : "Carter County",
               "types" : [ "administrative_area_level_2", "political" ]
            },
            {
               "long_name" : "Oklahoma",
               "short_name" : "OK",
               "types" : [ "administrative_area_level_1", "political" ]
            },
            {
               "long_name" : "United States",
               "short_name" : "US",
               "types" : [ "country", "political" ]
            },
            {
               "long_name" : "73401",
               "short_name" : "73401",
               "types" : [ "postal_code" ]
            }
         ],
         "formatted_address" : "Ardmore, OK 73401, USA",
         "geometry" : {
            "bounds" : {
               "northeast" : {
                  "lat" : 34.33242,
                  "lng" : -96.998695
               },
               "southwest" : {
                  "lat" : 34.128858,
                  "lng" : -97.212898
               }
            },
            "location" : {
               "lat" : 34.1742611,
               "lng" : -97.14362539999999
            },
            "location_type" : "APPROXIMATE",
            "viewport" : {
               "northeast" : {
                  "lat" : 34.33242,
                  "lng" : -96.998695
               },
               "southwest" : {
                  "lat" : 34.128858,
                  "lng" : -97.212898
               }
            }
         },
         "place_id" : "ChIJna8fj68pTYYRstSSvjAJ_Jc",
         "types" : [ "locality", "political" ]
      }
   ],
   "status" : "OK"
}
