{
   "results" : [
      {
         "address_components" : [
            {
               "long_name" : "Asheville",
               "short_name" : "Asheville",
               "types" : [ "locality", "political" ]
            },
            {
               "long_name" : "Buncombe County",
               "short_name" : "Buncombe County",
               "types" : [ "administrative_area_level_2", "political" ]
            },
            {
               "long_name" : "North Carolina",
               "short_name" : "NC",
               "types" : [ "administrative_area_level_1", "political" ]
            },
            {
               "long_name" : "United States",
               "short_name" : "US",
               "types" : [ "country", "political" ]
            }
         ],
         "formatted_address" : "Asheville, NC, USA",
         "geometry" : {
            "bounds" : {
               "northeast" : {
                  "lat" : 35.656299,
                  "lng" : -82.4599379
               },
               "southwest" : {
                  "lat" : 35.421565,
                  "lng" : -82.670873
               }
            },
            "location" : {
               "lat" : 35.5950581,
               "lng" : -82.5514869
            },
            "location_type" : "APPROXIMATE",
            "viewport" : {
               "northeast" : {
                  "lat" : 35.656299,
                  "lng" : -82.4599379
               },
               "southwest" : {
                  "lat" : 35.421565,
                  "lng" : -82.670873
               }
            }
         },
         "place_id" : "ChIJCW8PPKmMWYgRXTo0BsEx75Q",
         "types" : [ "locality", "political" ]
      }
   ],
   "status" : "OK"
}
