{
   "results" : [
      {
         "address_components" : [
            {
               "long_name" : "Astoria",
               "short_name" : "Astoria",
               "types" : [ "locality", "political" ]
            },
            {
               "long_name" : "Clatsop County",
               "short_name" : "Clatsop County",
               "types" : [ "administrative_area_level_2", "political" ]
            },
            {
               "long_name" : "Oregon",
               "short_name" : "OR",
               "types" : [ "administrative_area_level_1", "political" ]
            },
            {
               "long_name" : "United States",
               "short_name" : "US",
               "types" : [ "country", "political" ]
            }
         ],
         "formatted_address" : "Astoria, OR, USA",
         "geometry" : {
            "bounds" : {
               "northeast" : {
                  "lat" : 46.2039985,
                  "lng" : -123.7424717
               },
               "southwest" : {
                  "lat" : 46.170476,
                  "lng" : -123.8667333
               }
            },
            "location" : {
               "lat" : 46.1878841,
               "lng" : -123.8312534
            },
            "location_type" : "APPROXIMATE",
            "viewport" : {
               "northeast" : {
                  "lat" : 46.2039985,
                  "lng" : -123.7424717
               },
               "southwest" : {
                  "lat" : 46.170476,
                  "lng" : -123.8667333
               }
            }
         },
         "place_id" : "ChIJi_uVCUR7k1QRv4obofFy3fc",
         "types" : [ "locality", "political" ]
      }
   ],
   "status" : "OK"
}
