{
   "results" : [
      {
         "address_components" : [
            {
               "long_name" : "Athens",
               "short_name" : "Athens",
               "types" : [ "locality", "political" ]
            },
            {
               "long_name" : "Athens Township",
               "short_name" : "Athens Township",
               "types" : [ "administrative_area_level_3", "political" ]
            },
            {
               "long_name" : "Athens County",
               "short_name" : "Athens County",
               "types" : [ "administrative_area_level_2", "political" ]
            },
            {
               "long_name" : "Ohio",
               "short_name" : "OH",
               "types" : [ "administrative_area_level_1", "political" ]
            },
            {
               "long_name" : "United States",
               "short_name" : "US",
               "types" : [ "country", "political" ]
            },
            {
               "long_name" : "45701",
               "short_name" : "45701",
               "types" : [ "postal_code" ]
            }
         ],
         "formatted_address" : "Athens, OH 45701, USA",
         "geometry" : {
            "bounds" : {
               "northeast" : {
                  "lat" : 39.3607349,
                  "lng" : -82.02705089999999
               },
               "southwest" : {
                  "lat" : 39.2863199,
                  "lng" : -82.1427011
               }
            },
            "location" : {
               "lat" : 39.3292396,
               "lng" : -82.1012554
            },
            "location_type" : "APPROXIMATE",
            "viewport" : {
               "northeast" : {
                  "lat" : 39.3607349,
                  "lng" : -82.02705089999999
               },
               "southwest" : {
                  "lat" : 39.2863199,
                  "lng" : -82.1427011
               }
            }
         },
         "place_id" : "ChIJ08VDKIp6SIgRK0piBi8BsDA",
         "types" : [ "locality", "political" ]
      }
   ],
   "status" : "OK"
}
