{
   "results" : [
      {
         "address_components" : [
            {
               "long_name" : "Aurora",
               "short_name" : "Aurora",
               "types" : [ "locality", "political" ]
            },
            {
               "long_name" : "Arapahoe County",
               "short_name" : "Arapahoe County",
               "types" : [ "administrative_area_level_2", "political" ]
            },
            {
               "long_name" : "Colorado",
               "short_name" : "CO",
               "types" : [ "administrative_area_level_1", "political" ]
            },
            {
               "long_name" : "United States",
               "short_name" : "US",
               "types" : [ "country", "political" ]
            }
         ],
         "formatted_address" : "Aurora, CO, USA",
         "geometry" : {
            "bounds" : {
               "northeast" : {
                  "lat" : 39.826671,
                  "lng" : -104.4889061
               },
               "southwest" : {
                  "lat" : 39.550999,
                  "lng" : -104.884761
               }
            },
            "location" : {
               "lat" : 39.7294319,
               "lng" : -104.8319195
            },
            "location_type" : "APPROXIMATE",
            "viewport" : {
               "northeast" : {
                  "lat" : 39.826671,
                  "lng" : -104.4889061
               },
               "southwest" : {
                  "lat" : 39.550999,
                  "lng" : -104.884761
               }
            }
         },
         "place_id" : "ChIJmyu6IoZYbIcReOaii2jgQYQ",
         "types" : [ "locality", "political" ]
      }
   ],
   "status" : "OK"
}
