{
   "results" : [
      {
         "address_components" : [
            {
               "long_name" : "Baltimore",
               "short_name" : "Baltimore",
               "types" : [ "locality", "political" ]
            },
            {
               "long_name" : "Maryland",
               "short_name" : "MD",
               "types" : [ "administrative_area_level_1", "political" ]
            },
            {
               "long_name" : "United States",
               "short_name" : "US",
               "types" : [ "country", "political" ]
            }
         ],
         "formatted_address" : "Baltimore, MD, USA",
         "geometry" : {
            "bounds" : {
               "northeast" : {
                  "lat" : 39.3722059,
                  "lng" : -76.5294528
               },
               "southwest" : {
                  "lat" : 39.1972069,
                  "lng" : -76.71151909999999
               }
            },
            "location" : {
               "lat" : 39.2903848,
               "lng" : -76.6121893
            },
            "location_type" : "APPROXIMATE",
            "viewport" : {
               "northeast" : {
                  "lat" : 39.3722059,
                  "lng" : -76.5294528
               },
               "southwest" : {
                  "lat" : 39.1972069,
                  "lng" : -76.71151909999999
               }
            }
         },
         "place_id" : "ChIJt4P01q4DyIkRWOcjQqiWSAQ",
         "types" : [ "locality", "political" ]
      }
   ],
   "status" : "OK"
}
