{
   "results" : [
      {
         "address_components" : [
            {
               "long_name" : "Bayswater",
               "short_name" : "Bayswater",
               "types" : [ "locality", "political" ]
            },
            {
               "long_name" : "Victoria",
               "short_name" : "VIC",
               "types" : [ "administrative_area_level_1", "political" ]
            },
            {
               "long_name" : "Australia",
               "short_name" : "AU",
               "types" : [ "country", "political" ]
            },
            {
               "long_name" : "3153",
               "short_name" : "3153",
               "types" : [ "postal_code" ]
            }
         ],
         "formatted_address" : "Bayswater VIC 3153, Australia",
         "geometry" : {
            "bounds" : {
               "northeast" : {
                  "lat" : -37.83308299999999,
                  "lng" : 145.2872612
               },
               "southwest" : {
                  "lat" : -37.8594773,
                  "lng" : 145.2384735
               }
            },
            "location" : {
               "lat" : -37.842567,
               "lng" : 145.267944
            },
            "location_type" : "APPROXIMATE",
            "viewport" : {
               "northeast" : {
                  "lat" : -37.83308299999999,
                  "lng" : 145.2872612
               },
               "southwest" : {
                  "lat" : -37.8594773,
                  "lng" : 145.2384735
               }
            }
         },
         "place_id" : "ChIJvadHC5s71moR4NmMIXVWBAU",
         "types" : [ "locality", "political" ]
      }
   ],
   "status" : "OK"
}
