{
   "results" : [
      {
         "address_components" : [
            {
               "long_name" : "Belo Horizonte",
               "short_name" : "Belo Horizonte",
               "types" : [ "locality", "political" ]
            },
            {
               "long_name" : "Belo Horizonte",
               "short_name" : "Belo Horizonte",
               "types" : [ "administrative_area_level_2", "political" ]
            },
            {
               "long_name" : "State of Minas Gerais",
               "short_name" : "MG",
               "types" : [ "administrative_area_level_1", "political" ]
            },
            {
               "long_name" : "Brazil",
               "short_name" : "BR",
               "types" : [ "country", "political" ]
            }
         ],
         "formatted_address" : "Belo Horizonte, Belo Horizonte - State of Minas Gerais, Brazil",
         "geometry" : {
            "bounds" : {
               "northeast" : {
                  "lat" : -19.7763149,
                  "lng" : -43.8647871
               },
               "southwest" : {
                  "lat" : -20.0291177,
                  "lng" : -44.0633132
               }
            },
            "location" : {
               "lat" : -19.9166813,
               "lng" : -43.9344931
            },
            "location_type" : "APPROXIMATE",
            "viewport" : {
               "northeast" : {
                  "lat" : -19.7763149,
                  "lng" : -43.8647871
               },
               "southwest" : {
                  "lat" : -20.0291177,
                  "lng" : -44.0633132
               }
            }
         },
         "partial_match" : true,
         "place_id" : "ChIJMyzPysqQpgARlznSOl55NVs",
         "types" : [ "locality", "political" ]
      }
   ],
   "status" : "OK"
}
