{
   "results" : [
      {
         "address_components" : [
            {
               "long_name" : "Bend",
               "short_name" : "Bend",
               "types" : [ "locality", "political" ]
            },
            {
               "long_name" : "Deschutes County",
               "short_name" : "Deschutes County",
               "types" : [ "administrative_area_level_2", "political" ]
            },
            {
               "long_name" : "Oregon",
               "short_name" : "OR",
               "types" : [ "administrative_area_level_1", "political" ]
            },
            {
               "long_name" : "United States",
               "short_name" : "US",
               "types" : [ "country", "political" ]
            }
         ],
         "formatted_address" : "Bend, OR, USA",
         "geometry" : {
            "bounds" : {
               "northeast" : {
                  "lat" : 44.1231839,
                  "lng" : -121.248579
               },
               "southwest" : {
                  "lat" : 43.999089,
                  "lng" : -121.3807099
               }
            },
            "location" : {
               "lat" : 44.0581728,
               "lng" : -121.3153096
            },
            "location_type" : "APPROXIMATE",
            "viewport" : {
               "northeast" : {
                  "lat" : 44.1231839,
                  "lng" : -121.248579
               },
               "southwest" : {
                  "lat" : 43.999089,
                  "lng" : -121.3807099
               }
            }
         },
         "place_id" : "ChIJUdLTpf_AuFQRtNEgx6zniBA",
         "types" : [ "locality", "political" ]
      }
   ],
   "status" : "OK"
}
