{
   "results" : [
      {
         "address_components" : [
            {
               "long_name" : "Berlin",
               "short_name" : "Berlin",
               "types" : [ "locality", "political" ]
            },
            {
               "long_name" : "Berlin",
               "short_name" : "Berlin",
               "types" : [ "administrative_area_level_1", "political" ]
            },
            {
               "long_name" : "Germany",
               "short_name" : "DE",
               "types" : [ "country", "political" ]
            }
         ],
         "formatted_address" : "Berlin, Germany",
         "geometry" : {
            "bounds" : {
               "northeast" : {
                  "lat" : 52.6754542,
                  "lng" : 13.7611176
               },
               "southwest" : {
                  "lat" : 52.33962959999999,
                  "lng" : 13.0891553
               }
            },
            "location" : {
               "lat" : 52.52000659999999,
               "lng" : 13.404954
            },
            "location_type" : "APPROXIMATE",
            "viewport" : {
               "northeast" : {
                  "lat" : 52.6754542,
                  "lng" : 13.7611176
               },
               "southwest" : {
                  "lat" : 52.33962959999999,
                  "lng" : 13.0891553
               }
            }
         },
         "place_id" : "ChIJAVkDPzdOqEcRcDteW0YgIQQ",
         "types" : [ "locality", "political" ]
      }
   ],
   "status" : "OK"
}
