{
   "results" : [
      {
         "address_components" : [
            {
               "long_name" : "Bettendorf",
               "short_name" : "Bettendorf",
               "types" : [ "locality", "political" ]
            },
            {
               "long_name" : "Pleasant Valley",
               "short_name" : "Pleasant Valley",
               "types" : [ "administrative_area_level_3", "political" ]
            },
            {
               "long_name" : "Scott County",
               "short_name" : "Scott County",
               "types" : [ "administrative_area_level_2", "political" ]
            },
            {
               "long_name" : "Iowa",
               "short_name" : "IA",
               "types" : [ "administrative_area_level_1", "political" ]
            },
            {
               "long_name" : "United States",
               "short_name" : "US",
               "types" : [ "country", "political" ]
            }
         ],
         "formatted_address" : "Bettendorf, IA, USA",
         "geometry" : {
            "bounds" : {
               "northeast" : {
                  "lat" : 41.612255,
                  "lng" : -90.4245229
               },
               "southwest" : {
                  "lat" : 41.5180329,
                  "lng" : -90.533035
               }
            },
            "location" : {
               "lat" : 41.56084999999999,
               "lng" : -90.48344
            },
            "location_type" : "APPROXIMATE",
            "viewport" : {
               "northeast" : {
                  "lat" : 41.612255,
                  "lng" : -90.4245229
               },
               "southwest" : {
                  "lat" : 41.5180329,
                  "lng" : -90.533035
               }
            }
         },
         "place_id" : "ChIJaQxdAag34ocRvK8vm-lNVAM",
         "types" : [ "locality", "political" ]
      }
   ],
   "status" : "OK"
}
