{
   "results" : [
      {
         "address_components" : [
            {
               "long_name" : "Birkenhead",
               "short_name" : "Birkenhead",
               "types" : [ "locality", "political" ]
            },
            {
               "long_name" : "Wirral",
               "short_name" : "Wirral",
               "types" : [ "administrative_area_level_3", "political" ]
            },
            {
               "long_name" : "Merseyside",
               "short_name" : "Merseyside",
               "types" : [ "administrative_area_level_2", "political" ]
            },
            {
               "long_name" : "England",
               "short_name" : "England",
               "types" : [ "administrative_area_level_1", "political" ]
            },
            {
               "long_name" : "United Kingdom",
               "short_name" : "GB",
               "types" : [ "country", "political" ]
            }
         ],
         "formatted_address" : "Birkenhead, Merseyside, UK",
         "geometry" : {
            "bounds" : {
               "northeast" : {
                  "lat" : 53.4117647,
                  "lng" : -2.9286399
               },
               "southwest" : {
                  "lat" : 53.29773280000001,
                  "lng" : -3.173881
               }
            },
            "location" : {
               "lat" : 53.38999099999999,
               "lng" : -3.023009
            },
            "location_type" : "APPROXIMATE",
            "viewport" : {
               "northeast" : {
                  "lat" : 53.4117647,
                  "lng" : -2.9286399
               },
               "southwest" : {
                  "lat" : 53.29773280000001,
                  "lng" : -3.173881
               }
            }
         },
         "place_id" : "ChIJH_Wc0EUme0gRSrEunMWouJo",
         "types" : [ "locality", "political" ]
      }
   ],
   "status" : "OK"
}
