{
   "results" : [
      {
         "address_components" : [
            {
               "long_name" : "Blumenau",
               "short_name" : "Blumenau",
               "types" : [ "locality", "political" ]
            },
            {
               "long_name" : "Blumenau",
               "short_name" : "Blumenau",
               "types" : [ "administrative_area_level_2", "political" ]
            },
            {
               "long_name" : "Santa Catarina",
               "short_name" : "SC",
               "types" : [ "administrative_area_level_1", "political" ]
            },
            {
               "long_name" : "Brazil",
               "short_name" : "BR",
               "types" : [ "country", "political" ]
            }
         ],
         "formatted_address" : "Blumenau, Blumenau - SC, Brazil",
         "geometry" : {
            "bounds" : {
               "northeast" : {
                  "lat" : -26.7078043,
                  "lng" : -49.0122159
               },
               "southwest" : {
                  "lat" : -27.0054417,
                  "lng" : -49.1859917
               }
            },
            "location" : {
               "lat" : -26.9165792,
               "lng" : -49.0717331
            },
            "location_type" : "APPROXIMATE",
            "viewport" : {
               "northeast" : {
                  "lat" : -26.7078043,
                  "lng" : -49.0122159
               },
               "southwest" : {
                  "lat" : -27.0054417,
                  "lng" : -49.1859917
               }
            }
         },
         "place_id" : "ChIJlTBci0Ae35QRRHYavCCF-6w",
         "types" : [ "locality", "political" ]
      }
   ],
   "status" : "OK"
}
