{
   "results" : [
      {
         "address_components" : [
            {
               "long_name" : "Bodo",
               "short_name" : "Bodo",
               "types" : [ "locality", "political" ]
            },
            {
               "long_name" : "Bodø",
               "short_name" : "Bodø",
               "types" : [ "administrative_area_level_2", "political" ]
            },
            {
               "long_name" : "Nordland",
               "short_name" : "Nordland",
               "types" : [ "administrative_area_level_1", "political" ]
            },
            {
               "long_name" : "Norway",
               "short_name" : "NO",
               "types" : [ "country", "political" ]
            }
         ],
         "formatted_address" : "Bodo, Norway",
         "geometry" : {
            "bounds" : {
               "northeast" : {
                  "lat" : 67.31779590000001,
                  "lng" : 14.6149209
               },
               "southwest" : {
                  "lat" : 67.2654089,
                  "lng" : 14.3501949
               }
            },
            "location" : {
               "lat" : 67.28035559999999,
               "lng" : 14.404916
            },
            "location_type" : "APPROXIMATE",
            "viewport" : {
               "northeast" : {
                  "lat" : 67.31779590000001,
                  "lng" : 14.6149209
               },
               "southwest" : {
                  "lat" : 67.2654089,
                  "lng" : 14.3501949
               }
            }
         },
         "place_id" : "ChIJffFjW_UQ30URUzxdspNbeI4",
         "types" : [ "locality", "political" ]
      }
   ],
   "status" : "OK"
}
