{
   "results" : [
      {
         "address_components" : [
            {
               "long_name" : "Bolzano",
               "short_name" : "Bolzano",
               "types" : [ "locality", "political" ]
            },
            {
               "long_name" : "Bolzano",
               "short_name" : "Bolzano",
               "types" : [ "administrative_area_level_3", "political" ]
            },
            {
               "long_name" : "Province of Bolzano - South Tyrol",
               "short_name" : "BZ",
               "types" : [ "administrative_area_level_2", "political" ]
            },
            {
               "long_name" : "Trentino-Alto Adige/South Tyrol",
               "short_name" : "Trentino-Alto Adige/South Tyrol",
               "types" : [ "administrative_area_level_1", "political" ]
            },
            {
               "long_name" : "Italy",
               "short_name" : "IT",
               "types" : [ "country", "political" ]
            }
         ],
         "formatted_address" : "Bolzano, Province of Bolzano - South Tyrol, Italy",
         "geometry" : {
            "bounds" : {
               "northeast" : {
                  "lat" : 46.5154347,
                  "lng" : 11.3806479
               },
               "southwest" : {
                  "lat" : 46.4630385,
                  "lng" : 11.3136675
               }
            },
            "location" : {
               "lat" : 46.4982953,
               "lng" : 11.3547582
            },
            "location_type" : "APPROXIMATE",
            "viewport" : {
               "northeast" : {
                  "lat" : 46.5154347,
                  "lng" : 11.3806479
               },
               "southwest" : {
                  "lat" : 46.4630385,
                  "lng" : 11.3136675
               }
            }
         },
         "place_id" : "ChIJSXCeQSucgkcRKkOLNE9pK2U",
         "types" : [ "locality", "political" ]
      }
   ],
   "status" : "OK"
}
