{
   "results" : [
      {
         "address_components" : [
            {
               "long_name" : "Bradenton",
               "short_name" : "Bradenton",
               "types" : [ "locality", "political" ]
            },
            {
               "long_name" : "Manatee County",
               "short_name" : "Manatee County",
               "types" : [ "administrative_area_level_2", "political" ]
            },
            {
               "long_name" : "Florida",
               "short_name" : "FL",
               "types" : [ "administrative_area_level_1", "political" ]
            },
            {
               "long_name" : "United States",
               "short_name" : "US",
               "types" : [ "country", "political" ]
            }
         ],
         "formatted_address" : "Bradenton, FL, USA",
         "geometry" : {
            "bounds" : {
               "northeast" : {
                  "lat" : 27.522849,
                  "lng" : -82.48613089999999
               },
               "southwest" : {
                  "lat" : 27.455408,
                  "lng" : -82.6883648
               }
            },
            "location" : {
               "lat" : 27.4989278,
               "lng" : -82.5748194
            },
            "location_type" : "APPROXIMATE",
            "viewport" : {
               "northeast" : {
                  "lat" : 27.522849,
                  "lng" : -82.48613089999999
               },
               "southwest" : {
                  "lat" : 27.455408,
                  "lng" : -82.6883648
               }
            }
         },
         "place_id" : "ChIJ8YKm3k8Ww4gRWv3xTn07nfo",
         "types" : [ "locality", "political" ]
      }
   ],
   "status" : "OK"
}
