{
   "results" : [
      {
         "address_components" : [
            {
               "long_name" : "Brittany",
               "short_name" : "Brittany",
               "types" : [ "administrative_area_level_1", "political" ]
            },
            {
               "long_name" : "France",
               "short_name" : "FR",
               "types" : [ "country", "political" ]
            }
         ],
         "formatted_address" : "Brittany, France",
         "geometry" : {
            "bounds" : {
               "northeast" : {
                  "lat" : 48.90093599999999,
                  "lng" : -1.015621
               },
               "southwest" : {
                  "lat" : 47.2778628,
                  "lng" : -5.141292099999999
               }
            },
            "location" : {
               "lat" : 48.2020471,
               "lng" : -2.9326435
            },
            "location_type" : "APPROXIMATE",
            "viewport" : {
               "northeast" : {
                  "lat" : 48.900893,
                  "lng" : -1.015621
               },
               "southwest" : {
                  "lat" : 47.277863,
                  "lng" : -5.1411729
               }
            }
         },
         "place_id" : "ChIJr45-rmHKEUgRsCTfNs2lDAE",
         "types" : [ "administrative_area_level_1", "political" ]
      }
   ],
   "status" : "OK"
}
