{
   "results" : [
      {
         "address_components" : [
            {
               "long_name" : "Bridlington",
               "short_name" : "Bridlington",
               "types" : [ "locality", "political" ]
            },
            {
               "long_name" : "Bridlington",
               "short_name" : "Bridlington",
               "types" : [ "administrative_area_level_4", "political" ]
            },
            {
               "long_name" : "East Riding of Yorkshire",
               "short_name" : "East Riding of Yorkshire",
               "types" : [ "administrative_area_level_2", "political" ]
            },
            {
               "long_name" : "England",
               "short_name" : "England",
               "types" : [ "administrative_area_level_1", "political" ]
            },
            {
               "long_name" : "United Kingdom",
               "short_name" : "GB",
               "types" : [ "country", "political" ]
            }
         ],
         "formatted_address" : "Bridlington, East Riding of Yorkshire, UK",
         "geometry" : {
            "bounds" : {
               "northeast" : {
                  "lat" : 54.1107311,
                  "lng" : -0.1658367
               },
               "southwest" : {
                  "lat" : 54.06835299999999,
                  "lng" : -0.2255656
               }
            },
            "location" : {
               "lat" : 54.08535,
               "lng" : -0.198802
            },
            "location_type" : "APPROXIMATE",
            "viewport" : {
               "northeast" : {
                  "lat" : 54.1107311,
                  "lng" : -0.1658367
               },
               "southwest" : {
                  "lat" : 54.06835299999999,
                  "lng" : -0.2255656
               }
            }
         },
         "place_id" : "ChIJ5Q_YQkyteEgRVYlTKUkWopc",
         "types" : [ "locality", "political" ]
      }
   ],
   "status" : "OK"
}
