{
   "results" : [
      {
         "address_components" : [
            {
               "long_name" : "Browns Plains",
               "short_name" : "Browns Plains",
               "types" : [ "locality", "political" ]
            },
            {
               "long_name" : "Queensland",
               "short_name" : "QLD",
               "types" : [ "administrative_area_level_1", "political" ]
            },
            {
               "long_name" : "Australia",
               "short_name" : "AU",
               "types" : [ "country", "political" ]
            },
            {
               "long_name" : "4118",
               "short_name" : "4118",
               "types" : [ "postal_code" ]
            }
         ],
         "formatted_address" : "Browns Plains QLD 4118, Australia",
         "geometry" : {
            "bounds" : {
               "northeast" : {
                  "lat" : -27.6510756,
                  "lng" : 153.0685741
               },
               "southwest" : {
                  "lat" : -27.6753216,
                  "lng" : 153.0351142
               }
            },
            "location" : {
               "lat" : -27.6612236,
               "lng" : 153.0400982
            },
            "location_type" : "APPROXIMATE",
            "viewport" : {
               "northeast" : {
                  "lat" : -27.6510756,
                  "lng" : 153.0685741
               },
               "southwest" : {
                  "lat" : -27.6753216,
                  "lng" : 153.0351142
               }
            }
         },
         "place_id" : "ChIJMYXRz4tGkWsRIILe81qjAgU",
         "types" : [ "locality", "political" ]
      }
   ],
   "status" : "OK"
}
