{
   "results" : [
      {
         "address_components" : [
            {
               "long_name" : "Buenos Aires",
               "short_name" : "Buenos Aires",
               "types" : [ "locality", "political" ]
            },
            {
               "long_name" : "Autonomous City of Buenos Aires",
               "short_name" : "CABA",
               "types" : [ "administrative_area_level_1", "political" ]
            },
            {
               "long_name" : "Argentina",
               "short_name" : "AR",
               "types" : [ "country", "political" ]
            }
         ],
         "formatted_address" : "Buenos Aires, Autonomous City of Buenos Aires, Argentina",
         "geometry" : {
            "bounds" : {
               "northeast" : {
                  "lat" : -34.5265464,
                  "lng" : -58.33518840000001
               },
               "southwest" : {
                  "lat" : -34.7051011,
                  "lng" : -58.5314522
               }
            },
            "location" : {
               "lat" : -34.6036844,
               "lng" : -58.3815591
            },
            "location_type" : "APPROXIMATE",
            "viewport" : {
               "northeast" : {
                  "lat" : -34.5265464,
                  "lng" : -58.33518840000001
               },
               "southwest" : {
                  "lat" : -34.7051011,
                  "lng" : -58.5314522
               }
            }
         },
         "place_id" : "ChIJvQz5TjvKvJURh47oiC6Bs6A",
         "types" : [ "locality", "political" ]
      }
   ],
   "status" : "OK"
}
