{
   "results" : [
      {
         "address_components" : [
            {
               "long_name" : "Bury Saint Edmunds",
               "short_name" : "Bury St Edmunds",
               "types" : [ "locality", "political" ]
            },
            {
               "long_name" : "Bury Saint Edmunds",
               "short_name" : "Bury Saint Edmunds",
               "types" : [ "postal_town" ]
            },
            {
               "long_name" : "Bury St. Edmunds",
               "short_name" : "Bury St. Edmunds",
               "types" : [ "administrative_area_level_4", "political" ]
            },
            {
               "long_name" : "St Edmundsbury District",
               "short_name" : "St. Edmundsbury District",
               "types" : [ "administrative_area_level_3", "political" ]
            },
            {
               "long_name" : "Suffolk",
               "short_name" : "Suffolk",
               "types" : [ "administrative_area_level_2", "political" ]
            },
            {
               "long_name" : "England",
               "short_name" : "England",
               "types" : [ "administrative_area_level_1", "political" ]
            },
            {
               "long_name" : "United Kingdom",
               "short_name" : "GB",
               "types" : [ "country", "political" ]
            }
         ],
         "formatted_address" : "Bury St Edmunds, Bury Saint Edmunds, Suffolk, UK",
         "geometry" : {
            "bounds" : {
               "northeast" : {
                  "lat" : 52.25553009999999,
                  "lng" : 0.7608305
               },
               "southwest" : {
                  "lat" : 52.2230667,
                  "lng" : 0.6765317
               }
            },
            "location" : {
               "lat" : 52.2429228,
               "lng" : 0.7104931999999999
            },
            "location_type" : "APPROXIMATE",
            "viewport" : {
               "northeast" : {
                  "lat" : 52.25553009999999,
                  "lng" : 0.7608305
               },
               "southwest" : {
                  "lat" : 52.2230667,
                  "lng" : 0.6765317
               }
            }
         },
         "place_id" : "ChIJ4RrP7mIV2EcR-UiOY15WcCw",
         "types" : [ "locality", "political" ]
      }
   ],
   "status" : "OK"
}
