{
   "results" : [
      {
         "address_components" : [
            {
               "long_name" : "Calgary",
               "short_name" : "Calgary",
               "types" : [ "locality", "political" ]
            },
            {
               "long_name" : "Division No. 6",
               "short_name" : "Division No. 6",
               "types" : [ "administrative_area_level_2", "political" ]
            },
            {
               "long_name" : "Alberta",
               "short_name" : "AB",
               "types" : [ "administrative_area_level_1", "political" ]
            },
            {
               "long_name" : "Canada",
               "short_name" : "CA",
               "types" : [ "country", "political" ]
            }
         ],
         "formatted_address" : "Calgary, AB, Canada",
         "geometry" : {
            "bounds" : {
               "northeast" : {
                  "lat" : 51.18383,
                  "lng" : -113.8769511
               },
               "southwest" : {
                  "lat" : 50.84240399999999,
                  "lng" : -114.27136
               }
            },
            "location" : {
               "lat" : 51.0486151,
               "lng" : -114.0708459
            },
            "location_type" : "APPROXIMATE",
            "viewport" : {
               "northeast" : {
                  "lat" : 51.18383,
                  "lng" : -113.8769511
               },
               "southwest" : {
                  "lat" : 50.84240399999999,
                  "lng" : -114.27136
               }
            }
         },
         "place_id" : "ChIJ1T-EnwNwcVMROrZStrE7bSY",
         "types" : [ "locality", "political" ]
      }
   ],
   "status" : "OK"
}
