{
   "results" : [
      {
         "address_components" : [
            {
               "long_name" : "Cambridge",
               "short_name" : "Cambridge",
               "types" : [ "locality", "political" ]
            },
            {
               "long_name" : "Cambridge",
               "short_name" : "Cambridge",
               "types" : [ "postal_town" ]
            },
            {
               "long_name" : "Cambridgeshire",
               "short_name" : "Cambridgeshire",
               "types" : [ "administrative_area_level_2", "political" ]
            },
            {
               "long_name" : "England",
               "short_name" : "England",
               "types" : [ "administrative_area_level_1", "political" ]
            },
            {
               "long_name" : "United Kingdom",
               "short_name" : "GB",
               "types" : [ "country", "political" ]
            }
         ],
         "formatted_address" : "Cambridge, Cambridge, UK",
         "geometry" : {
            "bounds" : {
               "northeast" : {
                  "lat" : 52.237855,
                  "lng" : 0.1919273
               },
               "southwest" : {
                  "lat" : 52.1598292,
                  "lng" : 0.048047
               }
            },
            "location" : {
               "lat" : 52.205337,
               "lng" : 0.121817
            },
            "location_type" : "APPROXIMATE",
            "viewport" : {
               "northeast" : {
                  "lat" : 52.237855,
                  "lng" : 0.1919273
               },
               "southwest" : {
                  "lat" : 52.1598292,
                  "lng" : 0.048047
               }
            }
         },
         "place_id" : "ChIJLQEq84ld2EcRIT1eo-Ego2M",
         "types" : [ "locality", "political" ]
      },
      {
         "address_components" : [
            {
               "long_name" : "Cambridge",
               "short_name" : "Cambridge",
               "types" : [ "locality", "political" ]
            },
            {
               "long_name" : "Gloucester",
               "short_name" : "Gloucester",
               "types" : [ "postal_town" ]
            },
            {
               "long_name" : "Slimbridge",
               "short_name" : "Slimbridge",
               "types" : [ "administrative_area_level_4", "political" ]
            },
            {
               "long_name" : "Stroud District",
               "short_name" : "Stroud District",
               "types" : [ "administrative_area_level_3", "political" ]
            },
            {
               "long_name" : "Gloucestershire",
               "short_name" : "Gloucestershire",
               "types" : [ "administrative_area_level_2", "political" ]
            },
            {
               "long_name" : "England",
               "short_name" : "England",
               "types" : [ "administrative_area_level_1", "political" ]
            },
            {
               "long_name" : "United Kingdom",
               "short_name" : "GB",
               "types" : [ "country", "political" ]
            },
            {
               "long_name" : "GL2",
               "short_name" : "GL2",
               "types" : [ "postal_code_prefix", "postal_code" ]
            }
         ],
         "formatted_address" : "Cambridge, Gloucester, Gloucestershire GL2, UK",
         "geometry" : {
            "location" : {
               "lat" : 51.73193,
               "lng" : -2.3649
            },
            "location_type" : "APPROXIMATE",
            "viewport" : {
               "northeast" : {
                  "lat" : 51.73327898029149,
                  "lng" : -2.363551019708498
               },
               "southwest" : {
                  "lat" : 51.7305810197085,
                  "lng" : -2.366248980291502
               }
            }
         },
         "place_id" : "ChIJaZFd99CgcUgRQR5DJMvL3rk",
         "types" : [ "locality", "political" ]
      }
   ],
   "status" : "OK"
}
