{
   "results" : [
      {
         "address_components" : [
            {
               "long_name" : "Canada",
               "short_name" : "CA",
               "types" : [ "country", "political" ]
            }
         ],
         "formatted_address" : "Canada",
         "geometry" : {
            "bounds" : {
               "northeast" : {
                  "lat" : 83.09565619999999,
                  "lng" : -52.6206965
               },
               "southwest" : {
                  "lat" : 41.6765559,
                  "lng" : -141.00187
               }
            },
            "location" : {
               "lat" : 56.130366,
               "lng" : -106.346771
            },
            "location_type" : "APPROXIMATE",
            "viewport" : {
               "northeast" : {
                  "lat" : 70,
                  "lng" : -50
               },
               "southwest" : {
                  "lat" : 42,
                  "lng" : -142
               }
            }
         },
         "place_id" : "ChIJ2WrMN9MDDUsRpY9Doiq3aJk",
         "types" : [ "country", "political" ]
      }
   ],
   "status" : "OK"
}
