{
   "results" : [
      {
         "address_components" : [
            {
               "long_name" : "Canberra",
               "short_name" : "Canberra",
               "types" : [ "locality", "political" ]
            },
            {
               "long_name" : "Australian Capital Territory",
               "short_name" : "ACT",
               "types" : [ "administrative_area_level_1", "political" ]
            },
            {
               "long_name" : "Australia",
               "short_name" : "AU",
               "types" : [ "country", "political" ]
            },
            {
               "long_name" : "2601",
               "short_name" : "2601",
               "types" : [ "postal_code" ]
            }
         ],
         "formatted_address" : "Canberra ACT 2601, Australia",
         "geometry" : {
            "bounds" : {
               "northeast" : {
                  "lat" : -35.2753185,
                  "lng" : 149.1374471
               },
               "southwest" : {
                  "lat" : -35.2871238,
                  "lng" : 149.12085
               }
            },
            "location" : {
               "lat" : -35.2819998,
               "lng" : 149.1286843
            },
            "location_type" : "APPROXIMATE",
            "viewport" : {
               "northeast" : {
                  "lat" : -35.2753185,
                  "lng" : 149.1374471
               },
               "southwest" : {
                  "lat" : -35.2871238,
                  "lng" : 149.12085
               }
            }
         },
         "place_id" : "ChIJIZBcsGlNFmsRYFZpp27qAAU",
         "types" : [ "locality", "political" ]
      },
      {
         "address_components" : [
            {
               "long_name" : "Canberra",
               "short_name" : "Canberra",
               "types" : [ "colloquial_area", "locality", "political" ]
            },
            {
               "long_name" : "Australian Capital Territory",
               "short_name" : "ACT",
               "types" : [ "administrative_area_level_1", "political" ]
            },
            {
               "long_name" : "Australia",
               "short_name" : "AU",
               "types" : [ "country", "political" ]
            }
         ],
         "formatted_address" : "Canberra ACT, Australia",
         "geometry" : {
            "bounds" : {
               "northeast" : {
                  "lat" : -35.1245128,
                  "lng" : 149.3992848
               },
               "southwest" : {
                  "lat" : -35.5927569,
                  "lng" : 148.810356
               }
            },
            "location" : {
               "lat" : -35.282,
               "lng" : 149.128684
            },
            "location_type" : "APPROXIMATE",
            "viewport" : {
               "northeast" : {
                  "lat" : -35.1245128,
                  "lng" : 149.3992848
               },
               "southwest" : {
                  "lat" : -35.5927569,
                  "lng" : 148.810356
               }
            }
         },
         "place_id" : "ChIJuzQLsqNMFmsRcFlpp27qAAQ",
         "types" : [ "colloquial_area", "locality", "political" ]
      }
   ],
   "status" : "OK"
}
