{
   "results" : [
      {
         "address_components" : [
            {
               "long_name" : "Cape Girardeau",
               "short_name" : "Cape Girardeau",
               "types" : [ "locality", "political" ]
            },
            {
               "long_name" : "Cape Girardeau Township",
               "short_name" : "Cape Girardeau Township",
               "types" : [ "administrative_area_level_3", "political" ]
            },
            {
               "long_name" : "Cape Girardeau County",
               "short_name" : "Cape Girardeau County",
               "types" : [ "administrative_area_level_2", "political" ]
            },
            {
               "long_name" : "Missouri",
               "short_name" : "MO",
               "types" : [ "administrative_area_level_1", "political" ]
            },
            {
               "long_name" : "United States",
               "short_name" : "US",
               "types" : [ "country", "political" ]
            }
         ],
         "formatted_address" : "Cape Girardeau, MO, USA",
         "geometry" : {
            "bounds" : {
               "northeast" : {
                  "lat" : 37.389916,
                  "lng" : -89.49086509999999
               },
               "southwest" : {
                  "lat" : 37.21824489999999,
                  "lng" : -89.620707
               }
            },
            "location" : {
               "lat" : 37.3058839,
               "lng" : -89.51814759999999
            },
            "location_type" : "APPROXIMATE",
            "viewport" : {
               "northeast" : {
                  "lat" : 37.389916,
                  "lng" : -89.49086509999999
               },
               "southwest" : {
                  "lat" : 37.21824489999999,
                  "lng" : -89.620707
               }
            }
         },
         "place_id" : "ChIJ-3fPlDaFd4gRkl-NOv8ckIA",
         "types" : [ "locality", "political" ]
      }
   ],
   "status" : "OK"
}
