{
   "results" : [
      {
         "address_components" : [
            {
               "long_name" : "Charleston",
               "short_name" : "Charleston",
               "types" : [ "locality", "political" ]
            },
            {
               "long_name" : "Kanawha County",
               "short_name" : "Kanawha County",
               "types" : [ "administrative_area_level_2", "political" ]
            },
            {
               "long_name" : "West Virginia",
               "short_name" : "WV",
               "types" : [ "administrative_area_level_1", "political" ]
            },
            {
               "long_name" : "United States",
               "short_name" : "US",
               "types" : [ "country", "political" ]
            }
         ],
         "formatted_address" : "Charleston, WV, USA",
         "geometry" : {
            "bounds" : {
               "northeast" : {
                  "lat" : 38.4057589,
                  "lng" : -81.55931
               },
               "southwest" : {
                  "lat" : 38.28113889999999,
                  "lng" : -81.7277771
               }
            },
            "location" : {
               "lat" : 38.3498195,
               "lng" : -81.6326234
            },
            "location_type" : "APPROXIMATE",
            "viewport" : {
               "northeast" : {
                  "lat" : 38.4057589,
                  "lng" : -81.55931
               },
               "southwest" : {
                  "lat" : 38.28113889999999,
                  "lng" : -81.7277771
               }
            }
         },
         "place_id" : "ChIJOV0UiM4sT4gRCxvJBEeoYXY",
         "types" : [ "locality", "political" ]
      }
   ],
   "status" : "OK"
}
