{
   "results" : [
      {
         "address_components" : [
            {
               "long_name" : "Charleroi",
               "short_name" : "Charleroi",
               "types" : [ "locality", "political" ]
            },
            {
               "long_name" : "Hainaut",
               "short_name" : "HT",
               "types" : [ "administrative_area_level_2", "political" ]
            },
            {
               "long_name" : "Walloon Region",
               "short_name" : "Walloon Region",
               "types" : [ "administrative_area_level_1", "political" ]
            },
            {
               "long_name" : "Belgium",
               "short_name" : "BE",
               "types" : [ "country", "political" ]
            }
         ],
         "formatted_address" : "Charleroi, Belgium",
         "geometry" : {
            "bounds" : {
               "northeast" : {
                  "lat" : 50.4929701,
                  "lng" : 4.5074999
               },
               "southwest" : {
                  "lat" : 50.3529,
                  "lng" : 4.34772
               }
            },
            "location" : {
               "lat" : 50.4108095,
               "lng" : 4.444643
            },
            "location_type" : "APPROXIMATE",
            "viewport" : {
               "northeast" : {
                  "lat" : 50.4929701,
                  "lng" : 4.5074999
               },
               "southwest" : {
                  "lat" : 50.3529,
                  "lng" : 4.34772
               }
            }
         },
         "place_id" : "ChIJyTnKlvAlwkcREGRNL6uZAAQ",
         "types" : [ "locality", "political" ]
      },
      {
         "address_components" : [
            {
               "long_name" : "Charleroi",
               "short_name" : "Charleroi",
               "types" : [ "sublocality_level_1", "sublocality", "political" ]
            },
            {
               "long_name" : "Charleroi",
               "short_name" : "Charleroi",
               "types" : [ "locality", "political" ]
            },
            {
               "long_name" : "Hainaut",
               "short_name" : "HT",
               "types" : [ "administrative_area_level_2", "political" ]
            },
            {
               "long_name" : "Région wallonne",
               "short_name" : "Région wallonne",
               "types" : [ "administrative_area_level_1", "political" ]
            },
            {
               "long_name" : "Belgium",
               "short_name" : "BE",
               "types" : [ "country", "political" ]
            },
            {
               "long_name" : "6000",
               "short_name" : "6000",
               "types" : [ "postal_code" ]
            }
         ],
         "formatted_address" : "Charleroi, 6000 Charleroi, Belgium",
         "geometry" : {
            "location" : {
               "lat" : 50.4108998,
               "lng" : 4.4446709
            },
            "location_type" : "APPROXIMATE",
            "viewport" : {
               "northeast" : {
                  "lat" : 50.41224878029149,
                  "lng" : 4.446019880291503
               },
               "southwest" : {
                  "lat" : 50.40955081970849,
                  "lng" : 4.443321919708498
               }
            }
         },
         "place_id" : "ChIJsQjdEw8mwkcRufkJ2mUcPm4",
         "types" : [ "sublocality_level_1", "sublocality", "political" ]
      }
   ],
   "status" : "OK"
}
