{
   "results" : [
      {
         "address_components" : [
            {
               "long_name" : "Chesterfield",
               "short_name" : "Chesterfield",
               "types" : [ "locality", "political" ]
            },
            {
               "long_name" : "Chesterfield District",
               "short_name" : "Chesterfield District",
               "types" : [ "administrative_area_level_3", "political" ]
            },
            {
               "long_name" : "Derbyshire",
               "short_name" : "Derbyshire",
               "types" : [ "administrative_area_level_2", "political" ]
            },
            {
               "long_name" : "England",
               "short_name" : "England",
               "types" : [ "administrative_area_level_1", "political" ]
            },
            {
               "long_name" : "United Kingdom",
               "short_name" : "GB",
               "types" : [ "country", "political" ]
            }
         ],
         "formatted_address" : "Chesterfield, Derbyshire, UK",
         "geometry" : {
            "bounds" : {
               "northeast" : {
                  "lat" : 53.2808189,
                  "lng" : -1.3958976
               },
               "southwest" : {
                  "lat" : 53.213164,
                  "lng" : -1.4842039
               }
            },
            "location" : {
               "lat" : 53.235048,
               "lng" : -1.421629
            },
            "location_type" : "APPROXIMATE",
            "viewport" : {
               "northeast" : {
                  "lat" : 53.2808189,
                  "lng" : -1.3958976
               },
               "southwest" : {
                  "lat" : 53.213164,
                  "lng" : -1.4842039
               }
            }
         },
         "place_id" : "ChIJF0Z3ByyEeUgR5bhvmzSOPGA",
         "types" : [ "locality", "political" ]
      }
   ],
   "status" : "OK"
}
