{
   "results" : [
      {
         "address_components" : [
            {
               "long_name" : "Michael's Clarence Valley Retreat",
               "short_name" : "Michael's Clarence Valley Retreat",
               "types" : [ "point_of_interest", "establishment" ]
            },
            {
               "long_name" : "196",
               "short_name" : "196",
               "types" : [ "street_number" ]
            },
            {
               "long_name" : "Old Murrayville Rd",
               "short_name" : "Old Murrayville Rd",
               "types" : [ "route" ]
            },
            {
               "long_name" : "Ashby",
               "short_name" : "Ashby",
               "types" : [ "locality", "political" ]
            },
            {
               "long_name" : "New South Wales",
               "short_name" : "NSW",
               "types" : [ "administrative_area_level_1", "political" ]
            },
            {
               "long_name" : "Australia",
               "short_name" : "AU",
               "types" : [ "country", "political" ]
            },
            {
               "long_name" : "2463",
               "short_name" : "2463",
               "types" : [ "postal_code" ]
            }
         ],
         "formatted_address" : "Michael's Clarence Valley Retreat, 196 Old Murrayville Rd, Ashby NSW 2463, Australia",
         "geometry" : {
            "location" : {
               "lat" : -29.386129,
               "lng" : 153.200697
            },
            "location_type" : "APPROXIMATE",
            "viewport" : {
               "northeast" : {
                  "lat" : -29.3847800197085,
                  "lng" : 153.2020459802915
               },
               "southwest" : {
                  "lat" : -29.3874779802915,
                  "lng" : 153.1993480197085
               }
            }
         },
         "partial_match" : true,
         "place_id" : "ChIJfYmicB42mmsRj30yWIKUheY",
         "types" : [
            "rv_park",
            "campground",
            "park",
            "lodging",
            "point_of_interest",
            "establishment"
         ]
      }
   ],
   "status" : "OK"
}
