{
   "results" : [
      {
         "address_components" : [
            {
               "long_name" : "Clinton",
               "short_name" : "Clinton",
               "types" : [ "locality", "political" ]
            },
            {
               "long_name" : "Clinton County",
               "short_name" : "Clinton County",
               "types" : [ "administrative_area_level_2", "political" ]
            },
            {
               "long_name" : "Iowa",
               "short_name" : "IA",
               "types" : [ "administrative_area_level_1", "political" ]
            },
            {
               "long_name" : "United States",
               "short_name" : "US",
               "types" : [ "country", "political" ]
            }
         ],
         "formatted_address" : "Clinton, IA, USA",
         "geometry" : {
            "bounds" : {
               "northeast" : {
                  "lat" : 41.9101329,
                  "lng" : -90.1534779
               },
               "southwest" : {
                  "lat" : 41.7939421,
                  "lng" : -90.3449519
               }
            },
            "location" : {
               "lat" : 41.8444735,
               "lng" : -90.18873790000001
            },
            "location_type" : "APPROXIMATE",
            "viewport" : {
               "northeast" : {
                  "lat" : 41.9101329,
                  "lng" : -90.1534779
               },
               "southwest" : {
                  "lat" : 41.7939421,
                  "lng" : -90.3449519
               }
            }
         },
         "place_id" : "ChIJNWJl8S5g4ocR_qoyqTBAk6M",
         "types" : [ "locality", "political" ]
      }
   ],
   "status" : "OK"
}
