{
   "results" : [
      {
         "address_components" : [
            {
               "long_name" : "Clovis",
               "short_name" : "Clovis",
               "types" : [ "locality", "political" ]
            },
            {
               "long_name" : "Curry County",
               "short_name" : "Curry County",
               "types" : [ "administrative_area_level_2", "political" ]
            },
            {
               "long_name" : "New Mexico",
               "short_name" : "NM",
               "types" : [ "administrative_area_level_1", "political" ]
            },
            {
               "long_name" : "United States",
               "short_name" : "US",
               "types" : [ "country", "political" ]
            }
         ],
         "formatted_address" : "Clovis, NM, USA",
         "geometry" : {
            "bounds" : {
               "northeast" : {
                  "lat" : 34.532174,
                  "lng" : -103.134624
               },
               "southwest" : {
                  "lat" : 34.375698,
                  "lng" : -103.2623629
               }
            },
            "location" : {
               "lat" : 34.4047987,
               "lng" : -103.2052272
            },
            "location_type" : "APPROXIMATE",
            "viewport" : {
               "northeast" : {
                  "lat" : 34.532174,
                  "lng" : -103.134624
               },
               "southwest" : {
                  "lat" : 34.375698,
                  "lng" : -103.2623629
               }
            }
         },
         "place_id" : "ChIJERANc37eAocRP1vRsKI7dzY",
         "types" : [ "locality", "political" ]
      }
   ],
   "status" : "OK"
}
