{
   "results" : [
      {
         "address_components" : [
            {
               "long_name" : "Coffs Harbour",
               "short_name" : "Coffs Harbour",
               "types" : [ "locality", "political" ]
            },
            {
               "long_name" : "New South Wales",
               "short_name" : "NSW",
               "types" : [ "administrative_area_level_1", "political" ]
            },
            {
               "long_name" : "Australia",
               "short_name" : "AU",
               "types" : [ "country", "political" ]
            },
            {
               "long_name" : "2450",
               "short_name" : "2450",
               "types" : [ "postal_code" ]
            }
         ],
         "formatted_address" : "Coffs Harbour NSW 2450, Australia",
         "geometry" : {
            "bounds" : {
               "northeast" : {
                  "lat" : -30.2617578,
                  "lng" : 153.154261
               },
               "southwest" : {
                  "lat" : -30.35512719999999,
                  "lng" : 153.0599928
               }
            },
            "location" : {
               "lat" : -30.2963121,
               "lng" : 153.1156722
            },
            "location_type" : "APPROXIMATE",
            "viewport" : {
               "northeast" : {
                  "lat" : -30.2617578,
                  "lng" : 153.154261
               },
               "southwest" : {
                  "lat" : -30.3551285,
                  "lng" : 153.0599928
               }
            }
         },
         "place_id" : "ChIJHaTYiwkOnGsREC1EkLQJBgU",
         "types" : [ "locality", "political" ]
      },
      {
         "address_components" : [
            {
               "long_name" : "Coffs Harbour",
               "short_name" : "Coffs Harbour",
               "types" : [ "colloquial_area", "locality", "political" ]
            },
            {
               "long_name" : "New South Wales",
               "short_name" : "NSW",
               "types" : [ "administrative_area_level_1", "political" ]
            },
            {
               "long_name" : "Australia",
               "short_name" : "AU",
               "types" : [ "country", "political" ]
            }
         ],
         "formatted_address" : "Coffs Harbour NSW, Australia",
         "geometry" : {
            "bounds" : {
               "northeast" : {
                  "lat" : -30.21035,
                  "lng" : 153.15833
               },
               "southwest" : {
                  "lat" : -30.3788687,
                  "lng" : 153.02819
               }
            },
            "location" : {
               "lat" : -30.2900241,
               "lng" : 153.0971875
            },
            "location_type" : "APPROXIMATE",
            "viewport" : {
               "northeast" : {
                  "lat" : -30.21035,
                  "lng" : 153.15833
               },
               "southwest" : {
                  "lat" : -30.3788687,
                  "lng" : 153.02819
               }
            }
         },
         "place_id" : "ChIJk3zpi04OnGsRcJRDkLQJBgQ",
         "types" : [ "colloquial_area", "locality", "political" ]
      }
   ],
   "status" : "OK"
}
