{
   "results" : [
      {
         "address_components" : [
            {
               "long_name" : "Cold Lake",
               "short_name" : "Cold Lake",
               "types" : [ "locality", "political" ]
            },
            {
               "long_name" : "Bonnyville No. 87",
               "short_name" : "Bonnyville No. 87",
               "types" : [ "administrative_area_level_3", "political" ]
            },
            {
               "long_name" : "Division No. 12",
               "short_name" : "Division No. 12",
               "types" : [ "administrative_area_level_2", "political" ]
            },
            {
               "long_name" : "Alberta",
               "short_name" : "AB",
               "types" : [ "administrative_area_level_1", "political" ]
            },
            {
               "long_name" : "Canada",
               "short_name" : "CA",
               "types" : [ "country", "political" ]
            }
         ],
         "formatted_address" : "Cold Lake, AB, Canada",
         "geometry" : {
            "bounds" : {
               "northeast" : {
                  "lat" : 54.5007083,
                  "lng" : -110.1568291
               },
               "southwest" : {
                  "lat" : 54.3737174,
                  "lng" : -110.3334678
               }
            },
            "location" : {
               "lat" : 54.4643173,
               "lng" : -110.1731468
            },
            "location_type" : "APPROXIMATE",
            "viewport" : {
               "northeast" : {
                  "lat" : 54.5007083,
                  "lng" : -110.1568291
               },
               "southwest" : {
                  "lat" : 54.3737174,
                  "lng" : -110.3334678
               }
            }
         },
         "place_id" : "ChIJF_1QZSfKp1MRKPcnm0K34nI",
         "types" : [ "locality", "political" ]
      }
   ],
   "status" : "OK"
}
