{
   "results" : [
      {
         "address_components" : [
            {
               "long_name" : "Colorado Springs",
               "short_name" : "Colorado Springs",
               "types" : [ "locality", "political" ]
            },
            {
               "long_name" : "El Paso County",
               "short_name" : "El Paso County",
               "types" : [ "administrative_area_level_2", "political" ]
            },
            {
               "long_name" : "Colorado",
               "short_name" : "CO",
               "types" : [ "administrative_area_level_1", "political" ]
            },
            {
               "long_name" : "United States",
               "short_name" : "US",
               "types" : [ "country", "political" ]
            }
         ],
         "formatted_address" : "Colorado Springs, CO, USA",
         "geometry" : {
            "bounds" : {
               "northeast" : {
                  "lat" : 39.0353389,
                  "lng" : -104.5988969
               },
               "southwest" : {
                  "lat" : 38.7160299,
                  "lng" : -104.917822
               }
            },
            "location" : {
               "lat" : 38.8338816,
               "lng" : -104.8213634
            },
            "location_type" : "APPROXIMATE",
            "viewport" : {
               "northeast" : {
                  "lat" : 39.0353389,
                  "lng" : -104.5988969
               },
               "southwest" : {
                  "lat" : 38.7160299,
                  "lng" : -104.917822
               }
            }
         },
         "place_id" : "ChIJK9LmoS5BE4cRE2vo9ZLrjkE",
         "types" : [ "locality", "political" ]
      }
   ],
   "status" : "OK"
}
