{
   "results" : [
      {
         "address_components" : [
            {
               "long_name" : "Concord",
               "short_name" : "Concord",
               "types" : [ "locality", "political" ]
            },
            {
               "long_name" : "Merrimack County",
               "short_name" : "Merrimack County",
               "types" : [ "administrative_area_level_2", "political" ]
            },
            {
               "long_name" : "New Hampshire",
               "short_name" : "NH",
               "types" : [ "administrative_area_level_1", "political" ]
            },
            {
               "long_name" : "United States",
               "short_name" : "US",
               "types" : [ "country", "political" ]
            }
         ],
         "formatted_address" : "Concord, NH, USA",
         "geometry" : {
            "bounds" : {
               "northeast" : {
                  "lat" : 43.309816,
                  "lng" : -71.456501
               },
               "southwest" : {
                  "lat" : 43.151787,
                  "lng" : -71.6687099
               }
            },
            "location" : {
               "lat" : 43.2081366,
               "lng" : -71.53757179999999
            },
            "location_type" : "APPROXIMATE",
            "viewport" : {
               "northeast" : {
                  "lat" : 43.309816,
                  "lng" : -71.456501
               },
               "southwest" : {
                  "lat" : 43.151787,
                  "lng" : -71.6687099
               }
            }
         },
         "place_id" : "ChIJF4lKFZZq4okR8SglpqBxqAU",
         "types" : [ "locality", "political" ]
      }
   ],
   "status" : "OK"
}
