{
   "results" : [
      {
         "address_components" : [
            {
               "long_name" : "Conroe",
               "short_name" : "Conroe",
               "types" : [ "locality", "political" ]
            },
            {
               "long_name" : "Montgomery County",
               "short_name" : "Montgomery County",
               "types" : [ "administrative_area_level_2", "political" ]
            },
            {
               "long_name" : "Texas",
               "short_name" : "TX",
               "types" : [ "administrative_area_level_1", "political" ]
            },
            {
               "long_name" : "United States",
               "short_name" : "US",
               "types" : [ "country", "political" ]
            }
         ],
         "formatted_address" : "Conroe, TX, USA",
         "geometry" : {
            "bounds" : {
               "northeast" : {
                  "lat" : 30.404194,
                  "lng" : -95.39037809999999
               },
               "southwest" : {
                  "lat" : 30.203375,
                  "lng" : -95.65678779999999
               }
            },
            "location" : {
               "lat" : 30.3118769,
               "lng" : -95.45605119999999
            },
            "location_type" : "APPROXIMATE",
            "viewport" : {
               "northeast" : {
                  "lat" : 30.404194,
                  "lng" : -95.39037809999999
               },
               "southwest" : {
                  "lat" : 30.203375,
                  "lng" : -95.65678779999999
               }
            }
         },
         "place_id" : "ChIJSTttVZEkR4YRDhGtHZsrNeY",
         "types" : [ "locality", "political" ]
      }
   ],
   "status" : "OK"
}
