{
   "results" : [
      {
         "address_components" : [
            {
               "long_name" : "Copenhagen",
               "short_name" : "Copenhagen",
               "types" : [ "locality", "political" ]
            },
            {
               "long_name" : "København",
               "short_name" : "København",
               "types" : [ "administrative_area_level_2", "political" ]
            },
            {
               "long_name" : "Capital Region of Denmark",
               "short_name" : "Capital Region of Denmark",
               "types" : [ "administrative_area_level_1", "political" ]
            },
            {
               "long_name" : "Denmark",
               "short_name" : "DK",
               "types" : [ "country", "political" ]
            }
         ],
         "formatted_address" : "Copenhagen, Denmark",
         "geometry" : {
            "bounds" : {
               "northeast" : {
                  "lat" : 55.7270937,
                  "lng" : 12.7342654
               },
               "southwest" : {
                  "lat" : 55.615441,
                  "lng" : 12.4533824
               }
            },
            "location" : {
               "lat" : 55.6760968,
               "lng" : 12.5683371
            },
            "location_type" : "APPROXIMATE",
            "viewport" : {
               "northeast" : {
                  "lat" : 55.7270937,
                  "lng" : 12.6682953
               },
               "southwest" : {
                  "lat" : 55.615441,
                  "lng" : 12.4533824
               }
            }
         },
         "place_id" : "ChIJIz2AXDxTUkYRuGeU5t1-3QQ",
         "types" : [ "locality", "political" ]
      },
      {
         "address_components" : [
            {
               "long_name" : "Copenhagen",
               "short_name" : "Copenhagen",
               "types" : [ "locality", "political" ]
            },
            {
               "long_name" : "Denmark",
               "short_name" : "Denmark",
               "types" : [ "administrative_area_level_3", "political" ]
            },
            {
               "long_name" : "Lewis County",
               "short_name" : "Lewis County",
               "types" : [ "administrative_area_level_2", "political" ]
            },
            {
               "long_name" : "New York",
               "short_name" : "NY",
               "types" : [ "administrative_area_level_1", "political" ]
            },
            {
               "long_name" : "United States",
               "short_name" : "US",
               "types" : [ "country", "political" ]
            },
            {
               "long_name" : "13626",
               "short_name" : "13626",
               "types" : [ "postal_code" ]
            }
         ],
         "formatted_address" : "Copenhagen, NY 13626, USA",
         "geometry" : {
            "bounds" : {
               "northeast" : {
                  "lat" : 43.90525600000001,
                  "lng" : -75.6591949
               },
               "southwest" : {
                  "lat" : 43.881929,
                  "lng" : -75.6869849
               }
            },
            "location" : {
               "lat" : 43.8934013,
               "lng" : -75.6735259
            },
            "location_type" : "APPROXIMATE",
            "viewport" : {
               "northeast" : {
                  "lat" : 43.90525600000001,
                  "lng" : -75.6591949
               },
               "southwest" : {
                  "lat" : 43.881929,
                  "lng" : -75.6869849
               }
            }
         },
         "place_id" : "ChIJcWB0LqCJ2IkRy3ra-h8Axng",
         "types" : [ "locality", "political" ]
      }
   ],
   "status" : "OK"
}
