{
   "results" : [
      {
         "address_components" : [
            {
               "long_name" : "Crewe",
               "short_name" : "Crewe",
               "types" : [ "locality", "political" ]
            },
            {
               "long_name" : "Cheshire East",
               "short_name" : "Cheshire East",
               "types" : [ "administrative_area_level_2", "political" ]
            },
            {
               "long_name" : "England",
               "short_name" : "England",
               "types" : [ "administrative_area_level_1", "political" ]
            },
            {
               "long_name" : "United Kingdom",
               "short_name" : "GB",
               "types" : [ "country", "political" ]
            }
         ],
         "formatted_address" : "Crewe, Cheshire East, UK",
         "geometry" : {
            "bounds" : {
               "northeast" : {
                  "lat" : 53.1258658,
                  "lng" : -2.407011
               },
               "southwest" : {
                  "lat" : 53.0714001,
                  "lng" : -2.5094619
               }
            },
            "location" : {
               "lat" : 53.10040499999999,
               "lng" : -2.4438209
            },
            "location_type" : "APPROXIMATE",
            "viewport" : {
               "northeast" : {
                  "lat" : 53.1258658,
                  "lng" : -2.407011
               },
               "southwest" : {
                  "lat" : 53.0714001,
                  "lng" : -2.5094619
               }
            }
         },
         "place_id" : "ChIJR0hUUjBFekgROriIN3DQng8",
         "types" : [ "locality", "political" ]
      }
   ],
   "status" : "OK"
}
