{
   "results" : [
      {
         "address_components" : [
            {
               "long_name" : "Darwin",
               "short_name" : "Darwin",
               "types" : [ "colloquial_area", "locality", "political" ]
            },
            {
               "long_name" : "Northern Territory",
               "short_name" : "NT",
               "types" : [ "administrative_area_level_1", "political" ]
            },
            {
               "long_name" : "Australia",
               "short_name" : "AU",
               "types" : [ "country", "political" ]
            }
         ],
         "formatted_address" : "Darwin NT, Australia",
         "geometry" : {
            "bounds" : {
               "northeast" : {
                  "lat" : -12.3300116,
                  "lng" : 131.2006001
               },
               "southwest" : {
                  "lat" : -12.8597102,
                  "lng" : 130.8151517
               }
            },
            "location" : {
               "lat" : -12.4628271,
               "lng" : 130.8417772
            },
            "location_type" : "APPROXIMATE",
            "viewport" : {
               "northeast" : {
                  "lat" : -12.3300116,
                  "lng" : 131.2006001
               },
               "southwest" : {
                  "lat" : -12.8597102,
                  "lng" : 130.8151517
               }
            }
         },
         "place_id" : "ChIJPwRZn_ygwCwRIHwkKqgXAgM",
         "types" : [ "colloquial_area", "locality", "political" ]
      },
      {
         "address_components" : [
            {
               "long_name" : "Darwin",
               "short_name" : "Darwin",
               "types" : [ "locality", "political" ]
            },
            {
               "long_name" : "Northern Territory",
               "short_name" : "NT",
               "types" : [ "administrative_area_level_1", "political" ]
            },
            {
               "long_name" : "Australia",
               "short_name" : "AU",
               "types" : [ "country", "political" ]
            },
            {
               "long_name" : "0800",
               "short_name" : "0800",
               "types" : [ "postal_code" ]
            }
         ],
         "formatted_address" : "Darwin NT 0800, Australia",
         "geometry" : {
            "bounds" : {
               "northeast" : {
                  "lat" : -12.4512803,
                  "lng" : 130.8515234
               },
               "southwest" : {
                  "lat" : -12.4726886,
                  "lng" : 130.8332952
               }
            },
            "location" : {
               "lat" : -12.4628198,
               "lng" : 130.8417694
            },
            "location_type" : "APPROXIMATE",
            "viewport" : {
               "northeast" : {
                  "lat" : -12.4512803,
                  "lng" : 130.8515234
               },
               "southwest" : {
                  "lat" : -12.4726886,
                  "lng" : 130.8332952
               }
            }
         },
         "place_id" : "ChIJm35Z1QiRwCwRwH0kKqgXAgU",
         "types" : [ "locality", "political" ]
      }
   ],
   "status" : "OK"
}
