{
   "results" : [
      {
         "address_components" : [
            {
               "long_name" : "Davenport",
               "short_name" : "Davenport",
               "types" : [ "locality", "political" ]
            },
            {
               "long_name" : "Scott County",
               "short_name" : "Scott County",
               "types" : [ "administrative_area_level_2", "political" ]
            },
            {
               "long_name" : "Iowa",
               "short_name" : "IA",
               "types" : [ "administrative_area_level_1", "political" ]
            },
            {
               "long_name" : "United States",
               "short_name" : "US",
               "types" : [ "country", "political" ]
            }
         ],
         "formatted_address" : "Davenport, IA, USA",
         "geometry" : {
            "bounds" : {
               "northeast" : {
                  "lat" : 41.62154,
                  "lng" : -90.490026
               },
               "southwest" : {
                  "lat" : 41.4606319,
                  "lng" : -90.687933
               }
            },
            "location" : {
               "lat" : 41.5236437,
               "lng" : -90.5776367
            },
            "location_type" : "APPROXIMATE",
            "viewport" : {
               "northeast" : {
                  "lat" : 41.62154,
                  "lng" : -90.490026
               },
               "southwest" : {
                  "lat" : 41.4606319,
                  "lng" : -90.687933
               }
            }
         },
         "place_id" : "ChIJ8aIS4MU04ocRsB9YVmMf6ug",
         "types" : [ "locality", "political" ]
      }
   ],
   "status" : "OK"
}
