{
   "results" : [
      {
         "address_components" : [
            {
               "long_name" : "Dayton",
               "short_name" : "Dayton",
               "types" : [ "locality", "political" ]
            },
            {
               "long_name" : "Montgomery County",
               "short_name" : "Montgomery County",
               "types" : [ "administrative_area_level_2", "political" ]
            },
            {
               "long_name" : "Ohio",
               "short_name" : "OH",
               "types" : [ "administrative_area_level_1", "political" ]
            },
            {
               "long_name" : "United States",
               "short_name" : "US",
               "types" : [ "country", "political" ]
            }
         ],
         "formatted_address" : "Dayton, OH, USA",
         "geometry" : {
            "bounds" : {
               "northeast" : {
                  "lat" : 39.9208229,
                  "lng" : -84.0929378
               },
               "southwest" : {
                  "lat" : 39.7018339,
                  "lng" : -84.3113769
               }
            },
            "location" : {
               "lat" : 39.7589478,
               "lng" : -84.1916069
            },
            "location_type" : "APPROXIMATE",
            "viewport" : {
               "northeast" : {
                  "lat" : 39.857147,
                  "lng" : -84.0929378
               },
               "southwest" : {
                  "lat" : 39.7018339,
                  "lng" : -84.3113769
               }
            }
         },
         "place_id" : "ChIJAxTdrtWAQIgR5EwO8pLjQKY",
         "types" : [ "locality", "political" ]
      }
   ],
   "status" : "OK"
}
