{
   "results" : [
      {
         "address_components" : [
            {
               "long_name" : "Decatur",
               "short_name" : "Decatur",
               "types" : [ "locality", "political" ]
            },
            {
               "long_name" : "Macon County",
               "short_name" : "Macon County",
               "types" : [ "administrative_area_level_2", "political" ]
            },
            {
               "long_name" : "Illinois",
               "short_name" : "IL",
               "types" : [ "administrative_area_level_1", "political" ]
            },
            {
               "long_name" : "United States",
               "short_name" : "US",
               "types" : [ "country", "political" ]
            }
         ],
         "formatted_address" : "Decatur, IL, USA",
         "geometry" : {
            "bounds" : {
               "northeast" : {
                  "lat" : 39.9249639,
                  "lng" : -88.803049
               },
               "southwest" : {
                  "lat" : 39.786783,
                  "lng" : -89.0331211
               }
            },
            "location" : {
               "lat" : 39.8403147,
               "lng" : -88.9548001
            },
            "location_type" : "APPROXIMATE",
            "viewport" : {
               "northeast" : {
                  "lat" : 39.9249639,
                  "lng" : -88.803049
               },
               "southwest" : {
                  "lat" : 39.786783,
                  "lng" : -89.0331211
               }
            }
         },
         "place_id" : "ChIJpx0M7kuudIgRMDh6thpHCwc",
         "types" : [ "locality", "political" ]
      }
   ],
   "status" : "OK"
}
