{
   "results" : [
      {
         "address_components" : [
            {
               "long_name" : "Deer Park",
               "short_name" : "Deer Park",
               "types" : [ "locality", "political" ]
            },
            {
               "long_name" : "Harris County",
               "short_name" : "Harris County",
               "types" : [ "administrative_area_level_2", "political" ]
            },
            {
               "long_name" : "Texas",
               "short_name" : "TX",
               "types" : [ "administrative_area_level_1", "political" ]
            },
            {
               "long_name" : "United States",
               "short_name" : "US",
               "types" : [ "country", "political" ]
            }
         ],
         "formatted_address" : "Deer Park, TX, USA",
         "geometry" : {
            "bounds" : {
               "northeast" : {
                  "lat" : 29.745667,
                  "lng" : -95.0871229
               },
               "southwest" : {
                  "lat" : 29.6637291,
                  "lng" : -95.1446639
               }
            },
            "location" : {
               "lat" : 29.7052284,
               "lng" : -95.1238204
            },
            "location_type" : "APPROXIMATE",
            "viewport" : {
               "northeast" : {
                  "lat" : 29.745667,
                  "lng" : -95.0871229
               },
               "southwest" : {
                  "lat" : 29.6637291,
                  "lng" : -95.1446639
               }
            }
         },
         "place_id" : "ChIJsxXFd2KfQIYRTPzD01PwyEE",
         "types" : [ "locality", "political" ]
      }
   ],
   "status" : "OK"
}
