{
   "results" : [
      {
         "address_components" : [
            {
               "long_name" : "Delacombe",
               "short_name" : "Delacombe",
               "types" : [ "locality", "political" ]
            },
            {
               "long_name" : "Victoria",
               "short_name" : "VIC",
               "types" : [ "administrative_area_level_1", "political" ]
            },
            {
               "long_name" : "Australia",
               "short_name" : "AU",
               "types" : [ "country", "political" ]
            },
            {
               "long_name" : "3356",
               "short_name" : "3356",
               "types" : [ "postal_code" ]
            }
         ],
         "formatted_address" : "Delacombe VIC 3356, Australia",
         "geometry" : {
            "bounds" : {
               "northeast" : {
                  "lat" : -37.5666546,
                  "lng" : 143.8291469
               },
               "southwest" : {
                  "lat" : -37.5954746,
                  "lng" : 143.78023
               }
            },
            "location" : {
               "lat" : -37.5891147,
               "lng" : 143.8147182
            },
            "location_type" : "APPROXIMATE",
            "viewport" : {
               "northeast" : {
                  "lat" : -37.5666546,
                  "lng" : 143.8291469
               },
               "southwest" : {
                  "lat" : -37.5954746,
                  "lng" : 143.78023
               }
            }
         },
         "place_id" : "ChIJV7GnqrVc0WoRINegMKR5BQU",
         "types" : [ "locality", "political" ]
      }
   ],
   "status" : "OK"
}
