{
   "results" : [
      {
         "address_components" : [
            {
               "long_name" : "Deptford Township",
               "short_name" : "Deptford Township",
               "types" : [ "locality", "political" ]
            },
            {
               "long_name" : "Gloucester County",
               "short_name" : "Gloucester County",
               "types" : [ "administrative_area_level_2", "political" ]
            },
            {
               "long_name" : "New Jersey",
               "short_name" : "NJ",
               "types" : [ "administrative_area_level_1", "political" ]
            },
            {
               "long_name" : "United States",
               "short_name" : "US",
               "types" : [ "country", "political" ]
            }
         ],
         "formatted_address" : "Deptford Township, NJ, USA",
         "geometry" : {
            "bounds" : {
               "northeast" : {
                  "lat" : 39.8632919,
                  "lng" : -75.07512410000001
               },
               "southwest" : {
                  "lat" : 39.7684129,
                  "lng" : -75.1720771
               }
            },
            "location" : {
               "lat" : 39.8227054,
               "lng" : -75.11951069999999
            },
            "location_type" : "APPROXIMATE",
            "viewport" : {
               "northeast" : {
                  "lat" : 39.8632919,
                  "lng" : -75.07512410000001
               },
               "southwest" : {
                  "lat" : 39.7684129,
                  "lng" : -75.1720771
               }
            }
         },
         "place_id" : "ChIJ53JCL7PQxokRZv5FsAq7ask",
         "types" : [ "locality", "political" ]
      }
   ],
   "status" : "OK"
}
