{
   "results" : [
      {
         "address_components" : [
            {
               "long_name" : "Dieppe",
               "short_name" : "Dieppe",
               "types" : [ "locality", "political" ]
            },
            {
               "long_name" : "Moncton",
               "short_name" : "Moncton",
               "types" : [ "administrative_area_level_3", "political" ]
            },
            {
               "long_name" : "Westmorland County",
               "short_name" : "Westmorland County",
               "types" : [ "administrative_area_level_2", "political" ]
            },
            {
               "long_name" : "New Brunswick",
               "short_name" : "NB",
               "types" : [ "administrative_area_level_1", "political" ]
            },
            {
               "long_name" : "Canada",
               "short_name" : "CA",
               "types" : [ "country", "political" ]
            }
         ],
         "formatted_address" : "Dieppe, NB, Canada",
         "geometry" : {
            "bounds" : {
               "northeast" : {
                  "lat" : 46.1299769,
                  "lng" : -64.606386
               },
               "southwest" : {
                  "lat" : 46.024035,
                  "lng" : -64.7670179
               }
            },
            "location" : {
               "lat" : 46.0952765,
               "lng" : -64.7486638
            },
            "location_type" : "APPROXIMATE",
            "viewport" : {
               "northeast" : {
                  "lat" : 46.1299769,
                  "lng" : -64.606386
               },
               "southwest" : {
                  "lat" : 46.024035,
                  "lng" : -64.7670179
               }
            }
         },
         "place_id" : "ChIJdX7TjAC8oEwRTQMwGF8N0Co",
         "types" : [ "locality", "political" ]
      }
   ],
   "status" : "OK"
}
