{
   "results" : [
      {
         "address_components" : [
            {
               "long_name" : "San Sebastián",
               "short_name" : "San Sebastián",
               "types" : [ "locality", "political" ]
            },
            {
               "long_name" : "San Sebastián",
               "short_name" : "San Sebastián",
               "types" : [ "administrative_area_level_4", "political" ]
            },
            {
               "long_name" : "Donostialdea",
               "short_name" : "Donostialdea",
               "types" : [ "administrative_area_level_3", "political" ]
            },
            {
               "long_name" : "Gipuzkoa",
               "short_name" : "SS",
               "types" : [ "administrative_area_level_2", "political" ]
            },
            {
               "long_name" : "Basque Country",
               "short_name" : "PV",
               "types" : [ "administrative_area_level_1", "political" ]
            },
            {
               "long_name" : "Spain",
               "short_name" : "ES",
               "types" : [ "country", "political" ]
            }
         ],
         "formatted_address" : "San Sebastián, Gipuzkoa, Spain",
         "geometry" : {
            "bounds" : {
               "northeast" : {
                  "lat" : 43.3287143,
                  "lng" : -1.9242115
               },
               "southwest" : {
                  "lat" : 43.285871,
                  "lng" : -2.0235544
               }
            },
            "location" : {
               "lat" : 43.318334,
               "lng" : -1.9812313
            },
            "location_type" : "APPROXIMATE",
            "viewport" : {
               "northeast" : {
                  "lat" : 43.3287143,
                  "lng" : -1.9242115
               },
               "southwest" : {
                  "lat" : 43.285871,
                  "lng" : -2.0235544
               }
            }
         },
         "place_id" : "ChIJFf5oO_6vUQ0RSUaGlFnFPuQ",
         "types" : [ "locality", "political" ]
      }
   ],
   "status" : "OK"
}
