{
   "results" : [
      {
         "address_components" : [
            {
               "long_name" : "Dumas",
               "short_name" : "Dumas",
               "types" : [ "locality", "political" ]
            },
            {
               "long_name" : "Moore County",
               "short_name" : "Moore County",
               "types" : [ "administrative_area_level_2", "political" ]
            },
            {
               "long_name" : "Texas",
               "short_name" : "TX",
               "types" : [ "administrative_area_level_1", "political" ]
            },
            {
               "long_name" : "United States",
               "short_name" : "US",
               "types" : [ "country", "political" ]
            },
            {
               "long_name" : "79029",
               "short_name" : "79029",
               "types" : [ "postal_code" ]
            }
         ],
         "formatted_address" : "Dumas, TX 79029, USA",
         "geometry" : {
            "bounds" : {
               "northeast" : {
                  "lat" : 35.894405,
                  "lng" : -101.945669
               },
               "southwest" : {
                  "lat" : 35.833977,
                  "lng" : -101.9819709
               }
            },
            "location" : {
               "lat" : 35.8653789,
               "lng" : -101.9732236
            },
            "location_type" : "APPROXIMATE",
            "viewport" : {
               "northeast" : {
                  "lat" : 35.894405,
                  "lng" : -101.945669
               },
               "southwest" : {
                  "lat" : 35.833977,
                  "lng" : -101.9819709
               }
            }
         },
         "place_id" : "ChIJg951e5aEBocRqwQs2vx3p34",
         "types" : [ "locality", "political" ]
      }
   ],
   "status" : "OK"
}
