{
   "results" : [
      {
         "address_components" : [
            {
               "long_name" : "Durham",
               "short_name" : "Durham",
               "types" : [ "locality", "political" ]
            },
            {
               "long_name" : "County Durham",
               "short_name" : "County Durham",
               "types" : [ "administrative_area_level_2", "political" ]
            },
            {
               "long_name" : "England",
               "short_name" : "England",
               "types" : [ "administrative_area_level_1", "political" ]
            },
            {
               "long_name" : "United Kingdom",
               "short_name" : "GB",
               "types" : [ "country", "political" ]
            }
         ],
         "formatted_address" : "Durham, County Durham, UK",
         "geometry" : {
            "bounds" : {
               "northeast" : {
                  "lat" : 54.827611,
                  "lng" : -1.4974256
               },
               "southwest" : {
                  "lat" : 54.7358989,
                  "lng" : -1.6070484
               }
            },
            "location" : {
               "lat" : 54.77525,
               "lng" : -1.584852
            },
            "location_type" : "APPROXIMATE",
            "viewport" : {
               "northeast" : {
                  "lat" : 54.827611,
                  "lng" : -1.4974256
               },
               "southwest" : {
                  "lat" : 54.7358989,
                  "lng" : -1.6070484
               }
            }
         },
         "place_id" : "ChIJwbHYJaUqfEgRK0Ui9dVGimc",
         "types" : [ "locality", "political" ]
      },
      {
         "address_components" : [
            {
               "long_name" : "County Durham",
               "short_name" : "County Durham",
               "types" : [ "administrative_area_level_2", "political" ]
            },
            {
               "long_name" : "England",
               "short_name" : "England",
               "types" : [ "administrative_area_level_1", "political" ]
            },
            {
               "long_name" : "United Kingdom",
               "short_name" : "GB",
               "types" : [ "country", "political" ]
            }
         ],
         "formatted_address" : "County Durham, UK",
         "geometry" : {
            "bounds" : {
               "northeast" : {
                  "lat" : 54.9186924,
                  "lng" : -1.2406413
               },
               "southwest" : {
                  "lat" : 54.4514666,
                  "lng" : -2.3557424
               }
            },
            "location" : {
               "lat" : 54.7294099,
               "lng" : -1.8811598
            },
            "location_type" : "APPROXIMATE",
            "viewport" : {
               "northeast" : {
                  "lat" : 54.9186924,
                  "lng" : -1.2406413
               },
               "southwest" : {
                  "lat" : 54.4514666,
                  "lng" : -2.3557424
               }
            }
         },
         "place_id" : "ChIJreC1xuErfEgRwLZs7Z75DAM",
         "types" : [ "administrative_area_level_2", "political" ]
      },
      {
         "address_components" : [
            {
               "long_name" : "Durham",
               "short_name" : "Durham",
               "types" : [ "colloquial_area", "political" ]
            },
            {
               "long_name" : "United Kingdom",
               "short_name" : "GB",
               "types" : [ "country", "political" ]
            }
         ],
         "formatted_address" : "Durham, UK",
         "geometry" : {
            "bounds" : {
               "northeast" : {
                  "lat" : 54.9186924,
                  "lng" : -1.1475256
               },
               "southwest" : {
                  "lat" : 54.4511535,
                  "lng" : -2.3557424
               }
            },
            "location" : {
               "lat" : 54.6836384,
               "lng" : -1.8201775
            },
            "location_type" : "APPROXIMATE",
            "viewport" : {
               "northeast" : {
                  "lat" : 54.9186924,
                  "lng" : -1.1475256
               },
               "southwest" : {
                  "lat" : 54.4511535,
                  "lng" : -2.3557424
               }
            }
         },
         "place_id" : "ChIJk_p1-ScqfEgRxahQlYKbx7U",
         "types" : [ "colloquial_area", "political" ]
      }
   ],
   "status" : "OK"
}
