{
   "results" : [
      {
         "address_components" : [
            {
               "long_name" : "Eastbourne",
               "short_name" : "Eastbourne",
               "types" : [ "locality", "political" ]
            },
            {
               "long_name" : "Eastbourne",
               "short_name" : "Eastbourne",
               "types" : [ "administrative_area_level_3", "political" ]
            },
            {
               "long_name" : "East Sussex",
               "short_name" : "East Sussex",
               "types" : [ "administrative_area_level_2", "political" ]
            },
            {
               "long_name" : "England",
               "short_name" : "England",
               "types" : [ "administrative_area_level_1", "political" ]
            },
            {
               "long_name" : "United Kingdom",
               "short_name" : "GB",
               "types" : [ "country", "political" ]
            }
         ],
         "formatted_address" : "Eastbourne, East Sussex, UK",
         "geometry" : {
            "bounds" : {
               "northeast" : {
                  "lat" : 50.8158334,
                  "lng" : 0.340132
               },
               "southwest" : {
                  "lat" : 50.74913799999999,
                  "lng" : 0.2350787
               }
            },
            "location" : {
               "lat" : 50.768035,
               "lng" : 0.290472
            },
            "location_type" : "APPROXIMATE",
            "viewport" : {
               "northeast" : {
                  "lat" : 50.8158334,
                  "lng" : 0.340132
               },
               "southwest" : {
                  "lat" : 50.74913799999999,
                  "lng" : 0.2350787
               }
            }
         },
         "place_id" : "ChIJDUivd6xw30cRBfbYkqOpZ_c",
         "types" : [ "locality", "political" ]
      }
   ],
   "status" : "OK"
}
