{
   "results" : [
      {
         "address_components" : [
            {
               "long_name" : "Evansville",
               "short_name" : "Evansville",
               "types" : [ "locality", "political" ]
            },
            {
               "long_name" : "Vanderburgh County",
               "short_name" : "Vanderburgh County",
               "types" : [ "administrative_area_level_2", "political" ]
            },
            {
               "long_name" : "Indiana",
               "short_name" : "IN",
               "types" : [ "administrative_area_level_1", "political" ]
            },
            {
               "long_name" : "United States",
               "short_name" : "US",
               "types" : [ "country", "political" ]
            }
         ],
         "formatted_address" : "Evansville, IN, USA",
         "geometry" : {
            "bounds" : {
               "northeast" : {
                  "lat" : 38.0568899,
                  "lng" : -87.45001099999999
               },
               "southwest" : {
                  "lat" : 37.935588,
                  "lng" : -87.637548
               }
            },
            "location" : {
               "lat" : 37.9715592,
               "lng" : -87.5710898
            },
            "location_type" : "APPROXIMATE",
            "viewport" : {
               "northeast" : {
                  "lat" : 38.0568899,
                  "lng" : -87.45001099999999
               },
               "southwest" : {
                  "lat" : 37.935588,
                  "lng" : -87.637548
               }
            }
         },
         "place_id" : "ChIJLXdWMRPVcYgRnckqETlJLrU",
         "types" : [ "locality", "political" ]
      }
   ],
   "status" : "OK"
}
