{
   "results" : [
      {
         "address_components" : [
            {
               "long_name" : "Everett",
               "short_name" : "Everett",
               "types" : [ "locality", "political" ]
            },
            {
               "long_name" : "Snohomish County",
               "short_name" : "Snohomish County",
               "types" : [ "administrative_area_level_2", "political" ]
            },
            {
               "long_name" : "Washington",
               "short_name" : "WA",
               "types" : [ "administrative_area_level_1", "political" ]
            },
            {
               "long_name" : "United States",
               "short_name" : "US",
               "types" : [ "country", "political" ]
            }
         ],
         "formatted_address" : "Everett, WA, USA",
         "geometry" : {
            "bounds" : {
               "northeast" : {
                  "lat" : 48.0365619,
                  "lng" : -121.7945138
               },
               "southwest" : {
                  "lat" : 47.87841290000001,
                  "lng" : -122.293447
               }
            },
            "location" : {
               "lat" : 47.9789848,
               "lng" : -122.2020794
            },
            "location_type" : "APPROXIMATE",
            "viewport" : {
               "northeast" : {
                  "lat" : 48.0365619,
                  "lng" : -122.162061
               },
               "southwest" : {
                  "lat" : 47.87841290000001,
                  "lng" : -122.293447
               }
            }
         },
         "place_id" : "ChIJWy_1BGQAkFQRkEeycfJJJAc",
         "types" : [ "locality", "political" ]
      }
   ],
   "status" : "OK"
}
