{
   "results" : [
      {
         "address_components" : [
            {
               "long_name" : "Fargo",
               "short_name" : "Fargo",
               "types" : [ "locality", "political" ]
            },
            {
               "long_name" : "Cass County",
               "short_name" : "Cass County",
               "types" : [ "administrative_area_level_2", "political" ]
            },
            {
               "long_name" : "North Dakota",
               "short_name" : "ND",
               "types" : [ "administrative_area_level_1", "political" ]
            },
            {
               "long_name" : "United States",
               "short_name" : "US",
               "types" : [ "country", "political" ]
            }
         ],
         "formatted_address" : "Fargo, ND, USA",
         "geometry" : {
            "bounds" : {
               "northeast" : {
                  "lat" : 46.976966,
                  "lng" : -96.7532568
               },
               "southwest" : {
                  "lat" : 46.7314298,
                  "lng" : -96.90377079999999
               }
            },
            "location" : {
               "lat" : 46.8771863,
               "lng" : -96.7898034
            },
            "location_type" : "APPROXIMATE",
            "viewport" : {
               "northeast" : {
                  "lat" : 46.976966,
                  "lng" : -96.7532568
               },
               "southwest" : {
                  "lat" : 46.7314298,
                  "lng" : -96.90377079999999
               }
            }
         },
         "place_id" : "ChIJRXFnhI3LyFIRyqqRJ6UwqoE",
         "types" : [ "locality", "political" ]
      }
   ],
   "status" : "OK"
}
