{
   "results" : [
      {
         "address_components" : [
            {
               "long_name" : "Gautier",
               "short_name" : "Gautier",
               "types" : [ "locality", "political" ]
            },
            {
               "long_name" : "Jackson County",
               "short_name" : "Jackson County",
               "types" : [ "administrative_area_level_2", "political" ]
            },
            {
               "long_name" : "Mississippi",
               "short_name" : "MS",
               "types" : [ "administrative_area_level_1", "political" ]
            },
            {
               "long_name" : "United States",
               "short_name" : "US",
               "types" : [ "country", "political" ]
            }
         ],
         "formatted_address" : "Gautier, MS, USA",
         "geometry" : {
            "bounds" : {
               "northeast" : {
                  "lat" : 30.485988,
                  "lng" : -88.606836
               },
               "southwest" : {
                  "lat" : 30.3598032,
                  "lng" : -88.7217539
               }
            },
            "location" : {
               "lat" : 30.385755,
               "lng" : -88.6116854
            },
            "location_type" : "APPROXIMATE",
            "viewport" : {
               "northeast" : {
                  "lat" : 30.485988,
                  "lng" : -88.606836
               },
               "southwest" : {
                  "lat" : 30.3598032,
                  "lng" : -88.7217539
               }
            }
         },
         "place_id" : "ChIJb15pZ9Hxm4gRbvBZo0c3vrA",
         "types" : [ "locality", "political" ]
      }
   ],
   "status" : "OK"
}
