{
   "results" : [
      {
         "address_components" : [
            {
               "long_name" : "Ghent",
               "short_name" : "Ghent",
               "types" : [ "locality", "political" ]
            },
            {
               "long_name" : "East Flanders",
               "short_name" : "OV",
               "types" : [ "administrative_area_level_2", "political" ]
            },
            {
               "long_name" : "Flanders",
               "short_name" : "Flanders",
               "types" : [ "administrative_area_level_1", "political" ]
            },
            {
               "long_name" : "Belgium",
               "short_name" : "BE",
               "types" : [ "country", "political" ]
            }
         ],
         "formatted_address" : "Ghent, Belgium",
         "geometry" : {
            "bounds" : {
               "northeast" : {
                  "lat" : 51.1880501,
                  "lng" : 3.8492301
               },
               "southwest" : {
                  "lat" : 50.97683,
                  "lng" : 3.57974
               }
            },
            "location" : {
               "lat" : 51.0543422,
               "lng" : 3.7174243
            },
            "location_type" : "APPROXIMATE",
            "viewport" : {
               "northeast" : {
                  "lat" : 51.1880501,
                  "lng" : 3.8492301
               },
               "southwest" : {
                  "lat" : 50.97683,
                  "lng" : 3.57974
               }
            }
         },
         "place_id" : "ChIJrUOUM-Fww0cRQFFNL6uZAAQ",
         "types" : [ "locality", "political" ]
      }
   ],
   "status" : "OK"
}
