{
   "results" : [
      {
         "address_components" : [
            {
               "long_name" : "Gold Coast",
               "short_name" : "Gold Coast",
               "types" : [ "colloquial_area", "locality", "political" ]
            },
            {
               "long_name" : "Queensland",
               "short_name" : "QLD",
               "types" : [ "administrative_area_level_1", "political" ]
            },
            {
               "long_name" : "Australia",
               "short_name" : "AU",
               "types" : [ "country", "political" ]
            }
         ],
         "formatted_address" : "Gold Coast QLD, Australia",
         "geometry" : {
            "bounds" : {
               "northeast" : {
                  "lat" : -27.7091559,
                  "lng" : 153.5518072
               },
               "southwest" : {
                  "lat" : -28.2647236,
                  "lng" : 153.0955984
               }
            },
            "location" : {
               "lat" : -28.0172605,
               "lng" : 153.4256987
            },
            "location_type" : "APPROXIMATE",
            "viewport" : {
               "northeast" : {
                  "lat" : -27.7091559,
                  "lng" : 153.5518072
               },
               "southwest" : {
                  "lat" : -28.2647236,
                  "lng" : 153.0955984
               }
            }
         },
         "place_id" : "ChIJt2BdK0cakWsRcK_e81qjAgM",
         "types" : [ "colloquial_area", "locality", "political" ]
      }
   ],
   "status" : "OK"
}
