{
   "results" : [
      {
         "address_components" : [
            {
               "long_name" : "Gothenburg",
               "short_name" : "Gothenburg",
               "types" : [ "locality", "political" ]
            },
            {
               "long_name" : "Göteborg",
               "short_name" : "Göteborg",
               "types" : [ "administrative_area_level_2", "political" ]
            },
            {
               "long_name" : "Västra Götaland County",
               "short_name" : "Västra Götaland County",
               "types" : [ "administrative_area_level_1", "political" ]
            },
            {
               "long_name" : "Sweden",
               "short_name" : "SE",
               "types" : [ "country", "political" ]
            }
         ],
         "formatted_address" : "Gothenburg, Sweden",
         "geometry" : {
            "bounds" : {
               "northeast" : {
                  "lat" : 57.863055,
                  "lng" : 12.1928382
               },
               "southwest" : {
                  "lat" : 57.5408547,
                  "lng" : 11.5945269
               }
            },
            "location" : {
               "lat" : 57.70887,
               "lng" : 11.97456
            },
            "location_type" : "APPROXIMATE",
            "viewport" : {
               "northeast" : {
                  "lat" : 57.863055,
                  "lng" : 12.1928382
               },
               "southwest" : {
                  "lat" : 57.5408547,
                  "lng" : 11.5945269
               }
            }
         },
         "place_id" : "ChIJPwdslmeOT0YRQHwOKXiQAQQ",
         "types" : [ "locality", "political" ]
      }
   ],
   "status" : "OK"
}
