{
   "results" : [
      {
         "address_components" : [
            {
               "long_name" : "Grand Rapids",
               "short_name" : "Grand Rapids",
               "types" : [ "locality", "political" ]
            },
            {
               "long_name" : "Kent County",
               "short_name" : "Kent County",
               "types" : [ "administrative_area_level_2", "political" ]
            },
            {
               "long_name" : "Michigan",
               "short_name" : "MI",
               "types" : [ "administrative_area_level_1", "political" ]
            },
            {
               "long_name" : "United States",
               "short_name" : "US",
               "types" : [ "country", "political" ]
            }
         ],
         "formatted_address" : "Grand Rapids, MI, USA",
         "geometry" : {
            "bounds" : {
               "northeast" : {
                  "lat" : 43.0290509,
                  "lng" : -85.56864589999999
               },
               "southwest" : {
                  "lat" : 42.8836659,
                  "lng" : -85.75153209999999
               }
            },
            "location" : {
               "lat" : 42.9633599,
               "lng" : -85.6680863
            },
            "location_type" : "APPROXIMATE",
            "viewport" : {
               "northeast" : {
                  "lat" : 43.0290509,
                  "lng" : -85.56864589999999
               },
               "southwest" : {
                  "lat" : 42.8836659,
                  "lng" : -85.75153209999999
               }
            }
         },
         "place_id" : "ChIJFShQu2BUGIgR0KjTG8uqk6U",
         "types" : [ "locality", "political" ]
      },
      {
         "address_components" : [
            {
               "long_name" : "Grand Rapids",
               "short_name" : "Grand Rapids",
               "types" : [ "locality", "political" ]
            },
            {
               "long_name" : "Ontonagon Township",
               "short_name" : "Ontonagon Township",
               "types" : [ "administrative_area_level_3", "political" ]
            },
            {
               "long_name" : "Ontonagon County",
               "short_name" : "Ontonagon County",
               "types" : [ "administrative_area_level_2", "political" ]
            },
            {
               "long_name" : "Michigan",
               "short_name" : "MI",
               "types" : [ "administrative_area_level_1", "political" ]
            },
            {
               "long_name" : "United States",
               "short_name" : "US",
               "types" : [ "country", "political" ]
            },
            {
               "long_name" : "49953",
               "short_name" : "49953",
               "types" : [ "postal_code" ]
            }
         ],
         "formatted_address" : "Grand Rapids, MI 49953, USA",
         "geometry" : {
            "location" : {
               "lat" : 46.7657748,
               "lng" : -89.2756983
            },
            "location_type" : "APPROXIMATE",
            "viewport" : {
               "northeast" : {
                  "lat" : 46.76712378029149,
                  "lng" : -89.27434931970849
               },
               "southwest" : {
                  "lat" : 46.76442581970849,
                  "lng" : -89.2770472802915
               }
            }
         },
         "place_id" : "ChIJ2Q7t6SH8Vk0R4KSPxmAt4Ns",
         "types" : [ "locality", "political" ]
      }
   ],
   "status" : "OK"
}
