{
   "results" : [
      {
         "address_components" : [
            {
               "long_name" : "Grand Rapids",
               "short_name" : "Grand Rapids",
               "types" : [ "locality", "political" ]
            },
            {
               "long_name" : "Grand Rapids township",
               "short_name" : "Grand Rapids Township",
               "types" : [ "administrative_area_level_3", "political" ]
            },
            {
               "long_name" : "Itasca County",
               "short_name" : "Itasca County",
               "types" : [ "administrative_area_level_2", "political" ]
            },
            {
               "long_name" : "Minnesota",
               "short_name" : "MN",
               "types" : [ "administrative_area_level_1", "political" ]
            },
            {
               "long_name" : "United States",
               "short_name" : "US",
               "types" : [ "country", "political" ]
            },
            {
               "long_name" : "55744",
               "short_name" : "55744",
               "types" : [ "postal_code" ]
            }
         ],
         "formatted_address" : "Grand Rapids, MN 55744, USA",
         "geometry" : {
            "bounds" : {
               "northeast" : {
                  "lat" : 47.26092509999999,
                  "lng" : -93.4933439
               },
               "southwest" : {
                  "lat" : 47.1953868,
                  "lng" : -93.57682010000001
               }
            },
            "location" : {
               "lat" : 47.2371658,
               "lng" : -93.53021419999999
            },
            "location_type" : "APPROXIMATE",
            "viewport" : {
               "northeast" : {
                  "lat" : 47.26092509999999,
                  "lng" : -93.4933439
               },
               "southwest" : {
                  "lat" : 47.1953868,
                  "lng" : -93.57682010000001
               }
            }
         },
         "place_id" : "ChIJT2X6OuOPsFIRMWGF6FjdxLs",
         "types" : [ "locality", "political" ]
      },
      {
         "address_components" : [
            {
               "long_name" : "Grand Marais",
               "short_name" : "Grand Marais",
               "types" : [ "locality", "political" ]
            },
            {
               "long_name" : "Cook County",
               "short_name" : "Cook County",
               "types" : [ "administrative_area_level_2", "political" ]
            },
            {
               "long_name" : "Minnesota",
               "short_name" : "MN",
               "types" : [ "administrative_area_level_1", "political" ]
            },
            {
               "long_name" : "United States",
               "short_name" : "US",
               "types" : [ "country", "political" ]
            }
         ],
         "formatted_address" : "Grand Marais, MN, USA",
         "geometry" : {
            "bounds" : {
               "northeast" : {
                  "lat" : 47.77565389999999,
                  "lng" : -90.31324289999999
               },
               "southwest" : {
                  "lat" : 47.7439229,
                  "lng" : -90.36659700000001
               }
            },
            "location" : {
               "lat" : 47.7504469,
               "lng" : -90.3342727
            },
            "location_type" : "APPROXIMATE",
            "viewport" : {
               "northeast" : {
                  "lat" : 47.77565389999999,
                  "lng" : -90.31324289999999
               },
               "southwest" : {
                  "lat" : 47.7439229,
                  "lng" : -90.36659700000001
               }
            }
         },
         "place_id" : "ChIJQwFgGAbAp1IRwpPVaisDYRU",
         "types" : [ "locality", "political" ]
      }
   ],
   "status" : "OK"
}
