{
   "results" : [
      {
         "address_components" : [
            {
               "long_name" : "Grande Vitória",
               "short_name" : "Grande Vitória",
               "types" : [ "sublocality_level_1", "sublocality", "political" ]
            },
            {
               "long_name" : "Vitoria",
               "short_name" : "Vitoria",
               "types" : [ "locality", "political" ]
            },
            {
               "long_name" : "Vitória",
               "short_name" : "Vitória",
               "types" : [ "administrative_area_level_2", "political" ]
            },
            {
               "long_name" : "Espírito Santo",
               "short_name" : "ES",
               "types" : [ "administrative_area_level_1", "political" ]
            },
            {
               "long_name" : "Brazil",
               "short_name" : "BR",
               "types" : [ "country", "political" ]
            }
         ],
         "formatted_address" : "Grande Vitória, Vitória - ES, Brazil",
         "geometry" : {
            "bounds" : {
               "northeast" : {
                  "lat" : -20.2819769,
                  "lng" : -40.3347819
               },
               "southwest" : {
                  "lat" : -20.2964314,
                  "lng" : -40.3480537
               }
            },
            "location" : {
               "lat" : -20.2886902,
               "lng" : -40.340761
            },
            "location_type" : "APPROXIMATE",
            "viewport" : {
               "northeast" : {
                  "lat" : -20.2819769,
                  "lng" : -40.3347819
               },
               "southwest" : {
                  "lat" : -20.2964314,
                  "lng" : -40.3480537
               }
            }
         },
         "place_id" : "ChIJZYueMR89uAAR7Wr1yCXby20",
         "types" : [ "sublocality_level_1", "sublocality", "political" ]
      }
   ],
   "status" : "OK"
}
