{
   "results" : [
      {
         "address_components" : [
            {
               "long_name" : "Grangemouth",
               "short_name" : "Grangemouth",
               "types" : [ "locality", "political" ]
            },
            {
               "long_name" : "Falkirk",
               "short_name" : "Falkirk",
               "types" : [ "administrative_area_level_2", "political" ]
            },
            {
               "long_name" : "Scotland",
               "short_name" : "Scotland",
               "types" : [ "administrative_area_level_1", "political" ]
            },
            {
               "long_name" : "United Kingdom",
               "short_name" : "GB",
               "types" : [ "country", "political" ]
            }
         ],
         "formatted_address" : "Grangemouth, Falkirk, UK",
         "geometry" : {
            "bounds" : {
               "northeast" : {
                  "lat" : 56.0389373,
                  "lng" : -3.659401099999999
               },
               "southwest" : {
                  "lat" : 55.9918475,
                  "lng" : -3.7608753
               }
            },
            "location" : {
               "lat" : 56.0097152,
               "lng" : -3.7227698
            },
            "location_type" : "APPROXIMATE",
            "viewport" : {
               "northeast" : {
                  "lat" : 56.0389373,
                  "lng" : -3.659401099999999
               },
               "southwest" : {
                  "lat" : 55.9918475,
                  "lng" : -3.7608753
               }
            }
         },
         "place_id" : "ChIJibYiUk14iEgRF-JaRgVF3MY",
         "types" : [ "locality", "political" ]
      }
   ],
   "status" : "OK"
}
