{
   "results" : [
      {
         "address_components" : [
            {
               "long_name" : "Greenville",
               "short_name" : "Greenville",
               "types" : [ "locality", "political" ]
            },
            {
               "long_name" : "Hunt County",
               "short_name" : "Hunt County",
               "types" : [ "administrative_area_level_2", "political" ]
            },
            {
               "long_name" : "Texas",
               "short_name" : "TX",
               "types" : [ "administrative_area_level_1", "political" ]
            },
            {
               "long_name" : "United States",
               "short_name" : "US",
               "types" : [ "country", "political" ]
            }
         ],
         "formatted_address" : "Greenville, TX, USA",
         "geometry" : {
            "bounds" : {
               "northeast" : {
                  "lat" : 33.1729638,
                  "lng" : -96.047991
               },
               "southwest" : {
                  "lat" : 33.051592,
                  "lng" : -96.16970309999999
               }
            },
            "location" : {
               "lat" : 33.1384488,
               "lng" : -96.11080659999999
            },
            "location_type" : "APPROXIMATE",
            "viewport" : {
               "northeast" : {
                  "lat" : 33.1729638,
                  "lng" : -96.047991
               },
               "southwest" : {
                  "lat" : 33.051592,
                  "lng" : -96.16970309999999
               }
            }
         },
         "place_id" : "ChIJySyZlNriS4YRqnd2vPViBbA",
         "types" : [ "locality", "political" ]
      }
   ],
   "status" : "OK"
}
