{
   "results" : [
      {
         "address_components" : [
            {
               "long_name" : "Guelph",
               "short_name" : "Guelph",
               "types" : [ "locality", "political" ]
            },
            {
               "long_name" : "Wellington County",
               "short_name" : "Wellington County",
               "types" : [ "administrative_area_level_2", "political" ]
            },
            {
               "long_name" : "Ontario",
               "short_name" : "ON",
               "types" : [ "administrative_area_level_1", "political" ]
            },
            {
               "long_name" : "Canada",
               "short_name" : "CA",
               "types" : [ "country", "political" ]
            }
         ],
         "formatted_address" : "Guelph, ON, Canada",
         "geometry" : {
            "bounds" : {
               "northeast" : {
                  "lat" : 43.595021,
                  "lng" : -80.153391
               },
               "southwest" : {
                  "lat" : 43.473845,
                  "lng" : -80.3269451
               }
            },
            "location" : {
               "lat" : 43.5448048,
               "lng" : -80.24816659999999
            },
            "location_type" : "APPROXIMATE",
            "viewport" : {
               "northeast" : {
                  "lat" : 43.595021,
                  "lng" : -80.153391
               },
               "southwest" : {
                  "lat" : 43.473845,
                  "lng" : -80.3269451
               }
            }
         },
         "place_id" : "ChIJa_upw9CaK4gRYBsjxyh7AwU",
         "types" : [ "locality", "political" ]
      }
   ],
   "status" : "OK"
}
