{
   "results" : [
      {
         "address_components" : [
            {
               "long_name" : "Guildford",
               "short_name" : "Guildford",
               "types" : [ "locality", "political" ]
            },
            {
               "long_name" : "Guildford",
               "short_name" : "Guildford",
               "types" : [ "postal_town" ]
            },
            {
               "long_name" : "Borough of Guildford",
               "short_name" : "Borough of Guildford",
               "types" : [ "administrative_area_level_3", "political" ]
            },
            {
               "long_name" : "Surrey",
               "short_name" : "Surrey",
               "types" : [ "administrative_area_level_2", "political" ]
            },
            {
               "long_name" : "England",
               "short_name" : "England",
               "types" : [ "administrative_area_level_1", "political" ]
            },
            {
               "long_name" : "United Kingdom",
               "short_name" : "GB",
               "types" : [ "country", "political" ]
            }
         ],
         "formatted_address" : "Guildford, Guildford, Surrey, UK",
         "geometry" : {
            "bounds" : {
               "northeast" : {
                  "lat" : 51.2711197,
                  "lng" : -0.5084325
               },
               "southwest" : {
                  "lat" : 51.211911,
                  "lng" : -0.6224141
               }
            },
            "location" : {
               "lat" : 51.23622,
               "lng" : -0.5704090000000001
            },
            "location_type" : "APPROXIMATE",
            "viewport" : {
               "northeast" : {
                  "lat" : 51.2711197,
                  "lng" : -0.5084325
               },
               "southwest" : {
                  "lat" : 51.211911,
                  "lng" : -0.6224141
               }
            }
         },
         "place_id" : "ChIJ31mWt6_EdUgRoajr-bKZZpQ",
         "types" : [ "locality", "political" ]
      }
   ],
   "status" : "OK"
}
