{
   "results" : [
      {
         "address_components" : [
            {
               "long_name" : "Hagerstown",
               "short_name" : "Hagerstown",
               "types" : [ "locality", "political" ]
            },
            {
               "long_name" : "Washington County",
               "short_name" : "Washington County",
               "types" : [ "administrative_area_level_2", "political" ]
            },
            {
               "long_name" : "Maryland",
               "short_name" : "MD",
               "types" : [ "administrative_area_level_1", "political" ]
            },
            {
               "long_name" : "United States",
               "short_name" : "US",
               "types" : [ "country", "political" ]
            }
         ],
         "formatted_address" : "Hagerstown, MD, USA",
         "geometry" : {
            "bounds" : {
               "northeast" : {
                  "lat" : 39.6736209,
                  "lng" : -77.67227099999999
               },
               "southwest" : {
                  "lat" : 39.5999039,
                  "lng" : -77.77313599999999
               }
            },
            "location" : {
               "lat" : 39.6417629,
               "lng" : -77.71999319999999
            },
            "location_type" : "APPROXIMATE",
            "viewport" : {
               "northeast" : {
                  "lat" : 39.6736209,
                  "lng" : -77.67227099999999
               },
               "southwest" : {
                  "lat" : 39.5999039,
                  "lng" : -77.77313599999999
               }
            }
         },
         "place_id" : "ChIJ3d-BFBXtyYkROXLfJghi8mU",
         "types" : [ "locality", "political" ]
      }
   ],
   "status" : "OK"
}
