{
   "results" : [
      {
         "address_components" : [
            {
               "long_name" : "Hampton Roads Beltway",
               "short_name" : "Hampton Roads Beltway",
               "types" : [ "route" ]
            },
            {
               "long_name" : "Virginia",
               "short_name" : "VA",
               "types" : [ "administrative_area_level_1", "political" ]
            },
            {
               "long_name" : "United States",
               "short_name" : "US",
               "types" : [ "country", "political" ]
            }
         ],
         "formatted_address" : "Hampton Roads Beltway, Virginia, USA",
         "geometry" : {
            "bounds" : {
               "northeast" : {
                  "lat" : 37.0349795,
                  "lng" : -76.1946356
               },
               "southwest" : {
                  "lat" : 36.7574749,
                  "lng" : -76.43436109999999
               }
            },
            "location" : {
               "lat" : 36.9190246,
               "lng" : -76.2699215
            },
            "location_type" : "GEOMETRIC_CENTER",
            "viewport" : {
               "northeast" : {
                  "lat" : 37.0349795,
                  "lng" : -76.1946356
               },
               "southwest" : {
                  "lat" : 36.7574749,
                  "lng" : -76.43436109999999
               }
            }
         },
         "partial_match" : true,
         "place_id" : "ChIJHW8nfqiZuokRpMUG2lYwRo4",
         "types" : [ "route" ]
      },
      {
         "address_components" : [
            {
               "long_name" : "Hampton Roads Avenue",
               "short_name" : "Hampton Roads Ave",
               "types" : [ "route" ]
            },
            {
               "long_name" : "Wythe",
               "short_name" : "Wythe",
               "types" : [ "neighborhood", "political" ]
            },
            {
               "long_name" : "Hampton",
               "short_name" : "Hampton",
               "types" : [ "locality", "political" ]
            },
            {
               "long_name" : "Virginia",
               "short_name" : "VA",
               "types" : [ "administrative_area_level_1", "political" ]
            },
            {
               "long_name" : "United States",
               "short_name" : "US",
               "types" : [ "country", "political" ]
            },
            {
               "long_name" : "23661",
               "short_name" : "23661",
               "types" : [ "postal_code" ]
            }
         ],
         "formatted_address" : "Hampton Roads Ave, Hampton, VA 23661, USA",
         "geometry" : {
            "bounds" : {
               "northeast" : {
                  "lat" : 37.014451,
                  "lng" : -76.368689
               },
               "southwest" : {
                  "lat" : 37.0001931,
                  "lng" : -76.3711871
               }
            },
            "location" : {
               "lat" : 37.0072752,
               "lng" : -76.3698881
            },
            "location_type" : "GEOMETRIC_CENTER",
            "viewport" : {
               "northeast" : {
                  "lat" : 37.014451,
                  "lng" : -76.36858906970849
               },
               "southwest" : {
                  "lat" : 37.0001931,
                  "lng" : -76.37128703029151
               }
            }
         },
         "partial_match" : true,
         "place_id" : "ChIJTea956WcuokRodHICWgZjVg",
         "types" : [ "route" ]
      },
      {
         "address_components" : [
            {
               "long_name" : "Roads View Avenue",
               "short_name" : "Roads View Ave",
               "types" : [ "route" ]
            },
            {
               "long_name" : "Hampton",
               "short_name" : "Hampton",
               "types" : [ "locality", "political" ]
            },
            {
               "long_name" : "Virginia",
               "short_name" : "VA",
               "types" : [ "administrative_area_level_1", "political" ]
            },
            {
               "long_name" : "United States",
               "short_name" : "US",
               "types" : [ "country", "political" ]
            },
            {
               "long_name" : "23669",
               "short_name" : "23669",
               "types" : [ "postal_code" ]
            }
         ],
         "formatted_address" : "Roads View Ave, Hampton, VA 23669, USA",
         "geometry" : {
            "bounds" : {
               "northeast" : {
                  "lat" : 37.0061604,
                  "lng" : -76.3515635
               },
               "southwest" : {
                  "lat" : 37.004413,
                  "lng" : -76.3556593
               }
            },
            "location" : {
               "lat" : 37.0057859,
               "lng" : -76.3534028
            },
            "location_type" : "GEOMETRIC_CENTER",
            "viewport" : {
               "northeast" : {
                  "lat" : 37.0066356802915,
                  "lng" : -76.3515635
               },
               "southwest" : {
                  "lat" : 37.0039377197085,
                  "lng" : -76.3556593
               }
            }
         },
         "partial_match" : true,
         "place_id" : "ChIJReYmvlqbuokR-uOvSxbghbI",
         "types" : [ "route" ]
      },
      {
         "address_components" : [
            {
               "long_name" : "Hampton Roads Center Parkway",
               "short_name" : "Hampton Roads Center Pkwy",
               "types" : [ "route" ]
            },
            {
               "long_name" : "Hampton",
               "short_name" : "Hampton",
               "types" : [ "locality", "political" ]
            },
            {
               "long_name" : "Virginia",
               "short_name" : "VA",
               "types" : [ "administrative_area_level_1", "political" ]
            },
            {
               "long_name" : "United States",
               "short_name" : "US",
               "types" : [ "country", "political" ]
            }
         ],
         "formatted_address" : "Hampton Roads Center Pkwy, Hampton, VA, USA",
         "geometry" : {
            "bounds" : {
               "northeast" : {
                  "lat" : 37.0640256,
                  "lng" : -76.385436
               },
               "southwest" : {
                  "lat" : 37.0590657,
                  "lng" : -76.44903529999999
               }
            },
            "location" : {
               "lat" : 37.0593508,
               "lng" : -76.41694529999999
            },
            "location_type" : "GEOMETRIC_CENTER",
            "viewport" : {
               "northeast" : {
                  "lat" : 37.0640256,
                  "lng" : -76.385436
               },
               "southwest" : {
                  "lat" : 37.0590657,
                  "lng" : -76.44903529999999
               }
            }
         },
         "partial_match" : true,
         "place_id" : "ChIJ0amzsvCCuokRogQ3ipJYWa8",
         "types" : [ "route" ]
      },
      {
         "address_components" : [
            {
               "long_name" : "Hampton Roads Beltway",
               "short_name" : "Hampton Roads Beltway",
               "types" : [ "route" ]
            },
            {
               "long_name" : "Norfolk",
               "short_name" : "Norfolk",
               "types" : [ "locality", "political" ]
            },
            {
               "long_name" : "Virginia",
               "short_name" : "VA",
               "types" : [ "administrative_area_level_1", "political" ]
            },
            {
               "long_name" : "United States",
               "short_name" : "US",
               "types" : [ "country", "political" ]
            }
         ],
         "formatted_address" : "Hampton Roads Beltway, Norfolk, VA, USA",
         "geometry" : {
            "bounds" : {
               "northeast" : {
                  "lat" : 36.9146368,
                  "lng" : -76.1949623
               },
               "southwest" : {
                  "lat" : 36.8363702,
                  "lng" : -76.2646879
               }
            },
            "location" : {
               "lat" : 36.8850949,
               "lng" : -76.2248566
            },
            "location_type" : "GEOMETRIC_CENTER",
            "viewport" : {
               "northeast" : {
                  "lat" : 36.9146368,
                  "lng" : -76.1949623
               },
               "southwest" : {
                  "lat" : 36.8363702,
                  "lng" : -76.2646879
               }
            }
         },
         "partial_match" : true,
         "place_id" : "ChIJyfGmhBmWuokRWkytS9GAfpk",
         "types" : [ "route" ]
      },
      {
         "address_components" : [
            {
               "long_name" : "Hampton Roads",
               "short_name" : "Hampton Roads",
               "types" : [ "natural_feature", "establishment" ]
            },
            {
               "long_name" : "Virginia",
               "short_name" : "VA",
               "types" : [ "administrative_area_level_1", "political" ]
            },
            {
               "long_name" : "United States",
               "short_name" : "US",
               "types" : [ "country", "political" ]
            }
         ],
         "formatted_address" : "Hampton Roads, Virginia, USA",
         "geometry" : {
            "bounds" : {
               "northeast" : {
                  "lat" : 37.015333,
                  "lng" : -76.26503459999999
               },
               "southwest" : {
                  "lat" : 36.8940345,
                  "lng" : -76.51164
               }
            },
            "location" : {
               "lat" : 36.9546838,
               "lng" : -76.3883373
            },
            "location_type" : "APPROXIMATE",
            "viewport" : {
               "northeast" : {
                  "lat" : 37.015333,
                  "lng" : -76.26503459999999
               },
               "southwest" : {
                  "lat" : 36.8940345,
                  "lng" : -76.51164
               }
            }
         },
         "place_id" : "ChIJZ6rL34qbuokRlqTU1mq8-9k",
         "types" : [ "natural_feature", "establishment" ]
      },
      {
         "address_components" : [
            {
               "long_name" : "Hampton Roads Parkway",
               "short_name" : "Hampton Roads Pkwy",
               "types" : [ "route" ]
            },
            {
               "long_name" : "Suffolk",
               "short_name" : "Suffolk",
               "types" : [ "locality", "political" ]
            },
            {
               "long_name" : "Virginia",
               "short_name" : "VA",
               "types" : [ "administrative_area_level_1", "political" ]
            },
            {
               "long_name" : "United States",
               "short_name" : "US",
               "types" : [ "country", "political" ]
            },
            {
               "long_name" : "23435",
               "short_name" : "23435",
               "types" : [ "postal_code" ]
            }
         ],
         "formatted_address" : "Hampton Roads Pkwy, Suffolk, VA 23435, USA",
         "geometry" : {
            "bounds" : {
               "northeast" : {
                  "lat" : 36.8784461,
                  "lng" : -76.4134904
               },
               "southwest" : {
                  "lat" : 36.874145,
                  "lng" : -76.4383667
               }
            },
            "location" : {
               "lat" : 36.8770067,
               "lng" : -76.42639079999999
            },
            "location_type" : "GEOMETRIC_CENTER",
            "viewport" : {
               "northeast" : {
                  "lat" : 36.8784461,
                  "lng" : -76.4134904
               },
               "southwest" : {
                  "lat" : 36.874145,
                  "lng" : -76.4383667
               }
            }
         },
         "partial_match" : true,
         "place_id" : "ChIJMSkMQpafuokR6fApNO3SONk",
         "types" : [ "route" ]
      },
      {
         "address_components" : [
            {
               "long_name" : "Hampton Roads Executive Airport",
               "short_name" : "Hampton Roads Executive Airport",
               "types" : [ "point_of_interest", "establishment" ]
            },
            {
               "long_name" : "5172",
               "short_name" : "5172",
               "types" : [ "street_number" ]
            },
            {
               "long_name" : "West Military Highway",
               "short_name" : "W Military Hwy",
               "types" : [ "route" ]
            },
            {
               "long_name" : "Western Branch South",
               "short_name" : "Western Branch South",
               "types" : [ "neighborhood", "political" ]
            },
            {
               "long_name" : "Chesapeake",
               "short_name" : "Chesapeake",
               "types" : [ "locality", "political" ]
            },
            {
               "long_name" : "Virginia",
               "short_name" : "VA",
               "types" : [ "administrative_area_level_1", "political" ]
            },
            {
               "long_name" : "United States",
               "short_name" : "US",
               "types" : [ "country", "political" ]
            },
            {
               "long_name" : "23321",
               "short_name" : "23321",
               "types" : [ "postal_code" ]
            }
         ],
         "formatted_address" : "Hampton Roads Executive Airport, 5172 W Military Hwy, Chesapeake, VA 23321, USA",
         "geometry" : {
            "location" : {
               "lat" : 36.77749350000001,
               "lng" : -76.4471535
            },
            "location_type" : "APPROXIMATE",
            "viewport" : {
               "northeast" : {
                  "lat" : 36.77884248029151,
                  "lng" : -76.44580451970849
               },
               "southwest" : {
                  "lat" : 36.77614451970851,
                  "lng" : -76.44850248029149
               }
            }
         },
         "partial_match" : true,
         "place_id" : "ChIJ-WbAra2guokRTzQfpAeKUwc",
         "types" : [ "airport", "point_of_interest", "establishment" ]
      },
      {
         "address_components" : [
            {
               "long_name" : "Hampton Roads Bridge Tunnel",
               "short_name" : "Hampton Roads Bridge Tunnel",
               "types" : [ "route" ]
            },
            {
               "long_name" : "Hampton",
               "short_name" : "Hampton",
               "types" : [ "locality", "political" ]
            },
            {
               "long_name" : "Virginia",
               "short_name" : "VA",
               "types" : [ "administrative_area_level_1", "political" ]
            },
            {
               "long_name" : "United States",
               "short_name" : "US",
               "types" : [ "country", "political" ]
            }
         ],
         "formatted_address" : "Hampton Roads Bridge Tunnel, Hampton, VA, USA",
         "geometry" : {
            "bounds" : {
               "northeast" : {
                  "lat" : 37.0115605,
                  "lng" : -76.298616
               },
               "southwest" : {
                  "lat" : 36.9683159,
                  "lng" : -76.3230152
               }
            },
            "location" : {
               "lat" : 36.9924259,
               "lng" : -76.31079559999999
            },
            "location_type" : "GEOMETRIC_CENTER",
            "viewport" : {
               "northeast" : {
                  "lat" : 37.0115605,
                  "lng" : -76.298616
               },
               "southwest" : {
                  "lat" : 36.9683159,
                  "lng" : -76.3230152
               }
            }
         },
         "partial_match" : true,
         "place_id" : "ChIJBTOiDeeauokRGw8banYuk34",
         "types" : [ "route" ]
      }
   ],
   "status" : "OK"
}
