{
   "results" : [
      {
         "address_components" : [
            {
               "long_name" : "Hatfield",
               "short_name" : "Hatfield",
               "types" : [ "locality", "political" ]
            },
            {
               "long_name" : "Hatfield",
               "short_name" : "Hatfield",
               "types" : [ "administrative_area_level_4", "political" ]
            },
            {
               "long_name" : "Welwyn Hatfield",
               "short_name" : "Welwyn Hatfield",
               "types" : [ "administrative_area_level_3", "political" ]
            },
            {
               "long_name" : "Hertfordshire",
               "short_name" : "Hertfordshire",
               "types" : [ "administrative_area_level_2", "political" ]
            },
            {
               "long_name" : "England",
               "short_name" : "England",
               "types" : [ "administrative_area_level_1", "political" ]
            },
            {
               "long_name" : "United Kingdom",
               "short_name" : "GB",
               "types" : [ "country", "political" ]
            }
         ],
         "formatted_address" : "Hatfield, Hertfordshire, UK",
         "geometry" : {
            "bounds" : {
               "northeast" : {
                  "lat" : 51.8098302,
                  "lng" : -0.1378584
               },
               "southwest" : {
                  "lat" : 51.7256192,
                  "lng" : -0.2775417
               }
            },
            "location" : {
               "lat" : 51.763366,
               "lng" : -0.22309
            },
            "location_type" : "APPROXIMATE",
            "viewport" : {
               "northeast" : {
                  "lat" : 51.8098302,
                  "lng" : -0.1378584
               },
               "southwest" : {
                  "lat" : 51.7256192,
                  "lng" : -0.2775417
               }
            }
         },
         "place_id" : "ChIJHe1QrcIidkgRsO9fzp7GGDs",
         "types" : [ "locality", "political" ]
      }
   ],
   "status" : "OK"
}
