{
   "results" : [
      {
         "address_components" : [
            {
               "long_name" : "Hillsboro",
               "short_name" : "Hillsboro",
               "types" : [ "locality", "political" ]
            },
            {
               "long_name" : "Washington County",
               "short_name" : "Washington County",
               "types" : [ "administrative_area_level_2", "political" ]
            },
            {
               "long_name" : "Oregon",
               "short_name" : "OR",
               "types" : [ "administrative_area_level_1", "political" ]
            },
            {
               "long_name" : "United States",
               "short_name" : "US",
               "types" : [ "country", "political" ]
            }
         ],
         "formatted_address" : "Hillsboro, OR, USA",
         "geometry" : {
            "bounds" : {
               "northeast" : {
                  "lat" : 45.5758705,
                  "lng" : -122.8589851
               },
               "southwest" : {
                  "lat" : 45.488338,
                  "lng" : -123.0116481
               }
            },
            "location" : {
               "lat" : 45.5228939,
               "lng" : -122.989827
            },
            "location_type" : "APPROXIMATE",
            "viewport" : {
               "northeast" : {
                  "lat" : 45.5758705,
                  "lng" : -122.8589851
               },
               "southwest" : {
                  "lat" : 45.488338,
                  "lng" : -123.0116481
               }
            }
         },
         "place_id" : "ChIJeeW8Vl8FlVQRhu0zaob_KX0",
         "types" : [ "locality", "political" ]
      }
   ],
   "status" : "OK"
}
