{
   "results" : [
      {
         "address_components" : [
            {
               "long_name" : "Houston",
               "short_name" : "Houston",
               "types" : [ "locality", "political" ]
            },
            {
               "long_name" : "Harris County",
               "short_name" : "Harris County",
               "types" : [ "administrative_area_level_2", "political" ]
            },
            {
               "long_name" : "Texas",
               "short_name" : "TX",
               "types" : [ "administrative_area_level_1", "political" ]
            },
            {
               "long_name" : "United States",
               "short_name" : "US",
               "types" : [ "country", "political" ]
            }
         ],
         "formatted_address" : "Houston, TX, USA",
         "geometry" : {
            "bounds" : {
               "northeast" : {
                  "lat" : 30.1107319,
                  "lng" : -95.01449599999999
               },
               "southwest" : {
                  "lat" : 29.523624,
                  "lng" : -95.78808690000001
               }
            },
            "location" : {
               "lat" : 29.7604267,
               "lng" : -95.3698028
            },
            "location_type" : "APPROXIMATE",
            "viewport" : {
               "northeast" : {
                  "lat" : 30.1107319,
                  "lng" : -95.01449599999999
               },
               "southwest" : {
                  "lat" : 29.523624,
                  "lng" : -95.78808690000001
               }
            }
         },
         "place_id" : "ChIJAYWNSLS4QIYROwVl894CDco",
         "types" : [ "locality", "political" ]
      }
   ],
   "status" : "OK"
}
