{
   "results" : [
      {
         "address_components" : [
            {
               "long_name" : "Historic Hudson Valley",
               "short_name" : "Historic Hudson Valley",
               "types" : [ "point_of_interest", "establishment" ]
            },
            {
               "long_name" : "639",
               "short_name" : "639",
               "types" : [ "street_number" ]
            },
            {
               "long_name" : "Bedford Road",
               "short_name" : "Bedford Rd",
               "types" : [ "route" ]
            },
            {
               "long_name" : "Tarrytown",
               "short_name" : "Tarrytown",
               "types" : [ "locality", "political" ]
            },
            {
               "long_name" : "Mount Pleasant",
               "short_name" : "Mt Pleasant",
               "types" : [ "administrative_area_level_3", "political" ]
            },
            {
               "long_name" : "Westchester County",
               "short_name" : "Westchester County",
               "types" : [ "administrative_area_level_2", "political" ]
            },
            {
               "long_name" : "New York",
               "short_name" : "NY",
               "types" : [ "administrative_area_level_1", "political" ]
            },
            {
               "long_name" : "United States",
               "short_name" : "US",
               "types" : [ "country", "political" ]
            },
            {
               "long_name" : "10591",
               "short_name" : "10591",
               "types" : [ "postal_code" ]
            }
         ],
         "formatted_address" : "Historic Hudson Valley, 639 Bedford Rd, Tarrytown, NY 10591, USA",
         "geometry" : {
            "location" : {
               "lat" : 41.101292,
               "lng" : -73.826514
            },
            "location_type" : "APPROXIMATE",
            "viewport" : {
               "northeast" : {
                  "lat" : 41.1026409802915,
                  "lng" : -73.82516501970851
               },
               "southwest" : {
                  "lat" : 41.0999430197085,
                  "lng" : -73.82786298029151
               }
            }
         },
         "partial_match" : true,
         "place_id" : "ChIJa9PIGsXqwokR3q59Tz9SbIY",
         "types" : [ "library", "point_of_interest", "establishment" ]
      }
   ],
   "status" : "OK"
}
