{
   "results" : [
      {
         "address_components" : [
            {
               "long_name" : "Humboldt",
               "short_name" : "Humboldt",
               "types" : [ "locality", "political" ]
            },
            {
               "long_name" : "Division No. 15",
               "short_name" : "Division No. 15",
               "types" : [ "administrative_area_level_2", "political" ]
            },
            {
               "long_name" : "Saskatchewan",
               "short_name" : "SK",
               "types" : [ "administrative_area_level_1", "political" ]
            },
            {
               "long_name" : "Canada",
               "short_name" : "CA",
               "types" : [ "country", "political" ]
            },
            {
               "long_name" : "S0K",
               "short_name" : "S0K",
               "types" : [ "postal_code_prefix", "postal_code" ]
            }
         ],
         "formatted_address" : "Humboldt, SK S0K, Canada",
         "geometry" : {
            "bounds" : {
               "northeast" : {
                  "lat" : 52.2161761,
                  "lng" : -105.0853311
               },
               "southwest" : {
                  "lat" : 52.187228,
                  "lng" : -105.157029
               }
            },
            "location" : {
               "lat" : 52.2019792,
               "lng" : -105.1228655
            },
            "location_type" : "APPROXIMATE",
            "viewport" : {
               "northeast" : {
                  "lat" : 52.2161761,
                  "lng" : -105.0853311
               },
               "southwest" : {
                  "lat" : 52.187228,
                  "lng" : -105.157029
               }
            }
         },
         "place_id" : "ChIJtw25W4AbA1MRuVAj-qHWMDE",
         "types" : [ "locality", "political" ]
      }
   ],
   "status" : "OK"
}
