{
   "results" : [
      {
         "address_components" : [
            {
               "long_name" : "Huntsville",
               "short_name" : "Huntsville",
               "types" : [ "locality", "political" ]
            },
            {
               "long_name" : "Madison County",
               "short_name" : "Madison County",
               "types" : [ "administrative_area_level_2", "political" ]
            },
            {
               "long_name" : "Alabama",
               "short_name" : "AL",
               "types" : [ "administrative_area_level_1", "political" ]
            },
            {
               "long_name" : "United States",
               "short_name" : "US",
               "types" : [ "country", "political" ]
            }
         ],
         "formatted_address" : "Huntsville, AL, USA",
         "geometry" : {
            "bounds" : {
               "northeast" : {
                  "lat" : 34.8652061,
                  "lng" : -86.41379499999999
               },
               "southwest" : {
                  "lat" : 34.537651,
                  "lng" : -86.905704
               }
            },
            "location" : {
               "lat" : 34.7303688,
               "lng" : -86.5861037
            },
            "location_type" : "APPROXIMATE",
            "viewport" : {
               "northeast" : {
                  "lat" : 34.8652061,
                  "lng" : -86.41379499999999
               },
               "southwest" : {
                  "lat" : 34.537651,
                  "lng" : -86.905704
               }
            }
         },
         "place_id" : "ChIJjYmizWdrYogRa1YEyIl-LJo",
         "types" : [ "locality", "political" ]
      }
   ],
   "status" : "OK"
}
