{
   "results" : [
      {
         "address_components" : [
            {
               "long_name" : "Hutchinson",
               "short_name" : "Hutchinson",
               "types" : [ "locality", "political" ]
            },
            {
               "long_name" : "Reno County",
               "short_name" : "Reno County",
               "types" : [ "administrative_area_level_2", "political" ]
            },
            {
               "long_name" : "Kansas",
               "short_name" : "KS",
               "types" : [ "administrative_area_level_1", "political" ]
            },
            {
               "long_name" : "United States",
               "short_name" : "US",
               "types" : [ "country", "political" ]
            }
         ],
         "formatted_address" : "Hutchinson, KS, USA",
         "geometry" : {
            "bounds" : {
               "northeast" : {
                  "lat" : 38.108875,
                  "lng" : -97.8463819
               },
               "southwest" : {
                  "lat" : 38.0055479,
                  "lng" : -97.96631699999999
               }
            },
            "location" : {
               "lat" : 38.0608445,
               "lng" : -97.92977429999999
            },
            "location_type" : "APPROXIMATE",
            "viewport" : {
               "northeast" : {
                  "lat" : 38.108875,
                  "lng" : -97.8463819
               },
               "southwest" : {
                  "lat" : 38.0055479,
                  "lng" : -97.96631699999999
               }
            }
         },
         "place_id" : "ChIJJ8FxVLLJpIcRO-3WEKCGqms",
         "types" : [ "locality", "political" ]
      }
   ],
   "status" : "OK"
}
