{
   "results" : [
      {
         "address_components" : [
            {
               "long_name" : "Ilkeston",
               "short_name" : "Ilkeston",
               "types" : [ "locality", "political" ]
            },
            {
               "long_name" : "Erewash District",
               "short_name" : "Erewash District",
               "types" : [ "administrative_area_level_3", "political" ]
            },
            {
               "long_name" : "Derbyshire",
               "short_name" : "Derbyshire",
               "types" : [ "administrative_area_level_2", "political" ]
            },
            {
               "long_name" : "England",
               "short_name" : "England",
               "types" : [ "administrative_area_level_1", "political" ]
            },
            {
               "long_name" : "United Kingdom",
               "short_name" : "GB",
               "types" : [ "country", "political" ]
            }
         ],
         "formatted_address" : "Ilkeston, Derbyshire, UK",
         "geometry" : {
            "bounds" : {
               "northeast" : {
                  "lat" : 53.0036358,
                  "lng" : -1.2847928
               },
               "southwest" : {
                  "lat" : 52.947042,
                  "lng" : -1.3405787
               }
            },
            "location" : {
               "lat" : 52.970142,
               "lng" : -1.306978
            },
            "location_type" : "APPROXIMATE",
            "viewport" : {
               "northeast" : {
                  "lat" : 53.0036358,
                  "lng" : -1.2847928
               },
               "southwest" : {
                  "lat" : 52.947042,
                  "lng" : -1.3405787
               }
            }
         },
         "place_id" : "ChIJ24q-WkTpeUgRZOKznBv888o",
         "types" : [ "locality", "political" ]
      }
   ],
   "status" : "OK"
}
