{
   "results" : [
      {
         "address_components" : [
            {
               "long_name" : "Indianapolis",
               "short_name" : "Indianapolis",
               "types" : [ "locality", "political" ]
            },
            {
               "long_name" : "Marion County",
               "short_name" : "Marion County",
               "types" : [ "administrative_area_level_2", "political" ]
            },
            {
               "long_name" : "Indiana",
               "short_name" : "IN",
               "types" : [ "administrative_area_level_1", "political" ]
            },
            {
               "long_name" : "United States",
               "short_name" : "US",
               "types" : [ "country", "political" ]
            }
         ],
         "formatted_address" : "Indianapolis, IN, USA",
         "geometry" : {
            "bounds" : {
               "northeast" : {
                  "lat" : 39.927392,
                  "lng" : -85.9373789
               },
               "southwest" : {
                  "lat" : 39.632177,
                  "lng" : -86.32812109999999
               }
            },
            "location" : {
               "lat" : 39.768403,
               "lng" : -86.158068
            },
            "location_type" : "APPROXIMATE",
            "viewport" : {
               "northeast" : {
                  "lat" : 39.927392,
                  "lng" : -85.9373789
               },
               "southwest" : {
                  "lat" : 39.632177,
                  "lng" : -86.32812109999999
               }
            }
         },
         "place_id" : "ChIJA2p5p_9Qa4gRfOq5QPadjtY",
         "types" : [ "locality", "political" ]
      }
   ],
   "status" : "OK"
}
