{
   "results" : [
      {
         "address_components" : [
            {
               "long_name" : "Ithaca",
               "short_name" : "Ithaca",
               "types" : [ "locality", "political" ]
            },
            {
               "long_name" : "Tompkins County",
               "short_name" : "Tompkins County",
               "types" : [ "administrative_area_level_2", "political" ]
            },
            {
               "long_name" : "New York",
               "short_name" : "NY",
               "types" : [ "administrative_area_level_1", "political" ]
            },
            {
               "long_name" : "United States",
               "short_name" : "US",
               "types" : [ "country", "political" ]
            }
         ],
         "formatted_address" : "Ithaca, NY, USA",
         "geometry" : {
            "bounds" : {
               "northeast" : {
                  "lat" : 42.4662484,
                  "lng" : -76.469803
               },
               "southwest" : {
                  "lat" : 42.41832700000001,
                  "lng" : -76.5269469
               }
            },
            "location" : {
               "lat" : 42.4439614,
               "lng" : -76.5018807
            },
            "location_type" : "APPROXIMATE",
            "viewport" : {
               "northeast" : {
                  "lat" : 42.4662484,
                  "lng" : -76.469803
               },
               "southwest" : {
                  "lat" : 42.41832700000001,
                  "lng" : -76.5269469
               }
            }
         },
         "place_id" : "ChIJ94iv4IKB0IkRdM5upWgn5Qo",
         "types" : [ "locality", "political" ]
      }
   ],
   "status" : "OK"
}
