{
   "results" : [
      {
         "address_components" : [
            {
               "long_name" : "Jacksonville",
               "short_name" : "Jacksonville",
               "types" : [ "locality", "political" ]
            },
            {
               "long_name" : "Hill Township",
               "short_name" : "Hill Township",
               "types" : [ "administrative_area_level_3", "political" ]
            },
            {
               "long_name" : "Pulaski County",
               "short_name" : "Pulaski County",
               "types" : [ "administrative_area_level_2", "political" ]
            },
            {
               "long_name" : "Arkansas",
               "short_name" : "AR",
               "types" : [ "administrative_area_level_1", "political" ]
            },
            {
               "long_name" : "United States",
               "short_name" : "US",
               "types" : [ "country", "political" ]
            }
         ],
         "formatted_address" : "Jacksonville, AR, USA",
         "geometry" : {
            "bounds" : {
               "northeast" : {
                  "lat" : 34.9287199,
                  "lng" : -92.074074
               },
               "southwest" : {
                  "lat" : 34.818942,
                  "lng" : -92.18504879999999
               }
            },
            "location" : {
               "lat" : 34.8662005,
               "lng" : -92.1101458
            },
            "location_type" : "APPROXIMATE",
            "viewport" : {
               "northeast" : {
                  "lat" : 34.9287199,
                  "lng" : -92.074074
               },
               "southwest" : {
                  "lat" : 34.818942,
                  "lng" : -92.18504879999999
               }
            }
         },
         "place_id" : "ChIJP_BS8MHq0ocRIdEdOi7cSVE",
         "types" : [ "locality", "political" ]
      }
   ],
   "status" : "OK"
}
