{
   "results" : [
      {
         "address_components" : [
            {
               "long_name" : "Johnson City",
               "short_name" : "Johnson City",
               "types" : [ "locality", "political" ]
            },
            {
               "long_name" : "Washington County",
               "short_name" : "Washington County",
               "types" : [ "administrative_area_level_2", "political" ]
            },
            {
               "long_name" : "Tennessee",
               "short_name" : "TN",
               "types" : [ "administrative_area_level_1", "political" ]
            },
            {
               "long_name" : "United States",
               "short_name" : "US",
               "types" : [ "country", "political" ]
            }
         ],
         "formatted_address" : "Johnson City, TN, USA",
         "geometry" : {
            "bounds" : {
               "northeast" : {
                  "lat" : 36.4345561,
                  "lng" : -82.2924929
               },
               "southwest" : {
                  "lat" : 36.2600252,
                  "lng" : -82.52182999999999
               }
            },
            "location" : {
               "lat" : 36.3134397,
               "lng" : -82.3534727
            },
            "location_type" : "APPROXIMATE",
            "viewport" : {
               "northeast" : {
                  "lat" : 36.4345561,
                  "lng" : -82.2924929
               },
               "southwest" : {
                  "lat" : 36.2600252,
                  "lng" : -82.52182999999999
               }
            }
         },
         "place_id" : "ChIJW6NBUdt8WogRy2MFfAwq5jw",
         "types" : [ "locality", "political" ]
      }
   ],
   "status" : "OK"
}
