{
   "results" : [
      {
         "address_components" : [
            {
               "long_name" : "Joplin",
               "short_name" : "Joplin",
               "types" : [ "locality", "political" ]
            },
            {
               "long_name" : "Jasper County",
               "short_name" : "Jasper County",
               "types" : [ "administrative_area_level_2", "political" ]
            },
            {
               "long_name" : "Missouri",
               "short_name" : "MO",
               "types" : [ "administrative_area_level_1", "political" ]
            },
            {
               "long_name" : "United States",
               "short_name" : "US",
               "types" : [ "country", "political" ]
            }
         ],
         "formatted_address" : "Joplin, MO, USA",
         "geometry" : {
            "bounds" : {
               "northeast" : {
                  "lat" : 37.173653,
                  "lng" : -94.440355
               },
               "southwest" : {
                  "lat" : 37.017014,
                  "lng" : -94.576364
               }
            },
            "location" : {
               "lat" : 37.08422710000001,
               "lng" : -94.51328099999999
            },
            "location_type" : "APPROXIMATE",
            "viewport" : {
               "northeast" : {
                  "lat" : 37.173653,
                  "lng" : -94.440355
               },
               "southwest" : {
                  "lat" : 37.017014,
                  "lng" : -94.576364
               }
            }
         },
         "place_id" : "ChIJ69Pk6jdlyIcRDqM1KDY3Fpg",
         "types" : [ "locality", "political" ]
      }
   ],
   "status" : "OK"
}
