{
   "results" : [
      {
         "address_components" : [
            {
               "long_name" : "Kalkaska",
               "short_name" : "Kalkaska",
               "types" : [ "locality", "political" ]
            },
            {
               "long_name" : "Kalkaska Township",
               "short_name" : "Kalkaska Township",
               "types" : [ "administrative_area_level_3", "political" ]
            },
            {
               "long_name" : "Kalkaska County",
               "short_name" : "Kalkaska County",
               "types" : [ "administrative_area_level_2", "political" ]
            },
            {
               "long_name" : "Michigan",
               "short_name" : "MI",
               "types" : [ "administrative_area_level_1", "political" ]
            },
            {
               "long_name" : "United States",
               "short_name" : "US",
               "types" : [ "country", "political" ]
            },
            {
               "long_name" : "49646",
               "short_name" : "49646",
               "types" : [ "postal_code" ]
            }
         ],
         "formatted_address" : "Kalkaska, MI 49646, USA",
         "geometry" : {
            "bounds" : {
               "northeast" : {
                  "lat" : 44.752077,
                  "lng" : -85.138206
               },
               "southwest" : {
                  "lat" : 44.713848,
                  "lng" : -85.211856
               }
            },
            "location" : {
               "lat" : 44.7352042,
               "lng" : -85.18422269999999
            },
            "location_type" : "APPROXIMATE",
            "viewport" : {
               "northeast" : {
                  "lat" : 44.752077,
                  "lng" : -85.138206
               },
               "southwest" : {
                  "lat" : 44.713848,
                  "lng" : -85.211856
               }
            }
         },
         "place_id" : "ChIJndFikC7vH4gRlGoK11-ZWFM",
         "types" : [ "locality", "political" ]
      }
   ],
   "status" : "OK"
}
