{
   "results" : [
      {
         "address_components" : [
            {
               "long_name" : "Kamloops",
               "short_name" : "Kamloops",
               "types" : [ "locality", "political" ]
            },
            {
               "long_name" : "Thompson-Nicola",
               "short_name" : "Thompson-Nicola",
               "types" : [ "administrative_area_level_2", "political" ]
            },
            {
               "long_name" : "British Columbia",
               "short_name" : "BC",
               "types" : [ "administrative_area_level_1", "political" ]
            },
            {
               "long_name" : "Canada",
               "short_name" : "CA",
               "types" : [ "country", "political" ]
            }
         ],
         "formatted_address" : "Kamloops, BC, Canada",
         "geometry" : {
            "bounds" : {
               "northeast" : {
                  "lat" : 50.86624,
                  "lng" : -120.0417377
               },
               "southwest" : {
                  "lat" : 50.6172699,
                  "lng" : -120.5380289
               }
            },
            "location" : {
               "lat" : 50.674522,
               "lng" : -120.3272674
            },
            "location_type" : "APPROXIMATE",
            "viewport" : {
               "northeast" : {
                  "lat" : 50.86624,
                  "lng" : -120.0417377
               },
               "southwest" : {
                  "lat" : 50.6172699,
                  "lng" : -120.5380289
               }
            }
         },
         "place_id" : "ChIJMTsNPdMsflMR50VpmqqWPtI",
         "types" : [ "locality", "political" ]
      }
   ],
   "status" : "OK"
}
