{
   "results" : [
      {
         "address_components" : [
            {
               "long_name" : "Kapolei",
               "short_name" : "Kapolei",
               "types" : [ "locality", "political" ]
            },
            {
               "long_name" : "Honolulu County",
               "short_name" : "Honolulu County",
               "types" : [ "administrative_area_level_2", "political" ]
            },
            {
               "long_name" : "Hawaii",
               "short_name" : "HI",
               "types" : [ "administrative_area_level_1", "political" ]
            },
            {
               "long_name" : "United States",
               "short_name" : "US",
               "types" : [ "country", "political" ]
            }
         ],
         "formatted_address" : "Kapolei, HI, USA",
         "geometry" : {
            "bounds" : {
               "northeast" : {
                  "lat" : 21.3659031,
                  "lng" : -158.0482189
               },
               "southwest" : {
                  "lat" : 21.32322,
                  "lng" : -158.091161
               }
            },
            "location" : {
               "lat" : 21.3353909,
               "lng" : -158.0568965
            },
            "location_type" : "APPROXIMATE",
            "viewport" : {
               "northeast" : {
                  "lat" : 21.3659031,
                  "lng" : -158.0482189
               },
               "southwest" : {
                  "lat" : 21.32322,
                  "lng" : -158.091161
               }
            }
         },
         "place_id" : "ChIJR_aTie1hAHwRB4Z2PoON5Dg",
         "types" : [ "locality", "political" ]
      }
   ],
   "status" : "OK"
}
