{
   "results" : [
      {
         "address_components" : [
            {
               "long_name" : "Karlsruhe",
               "short_name" : "Karlsruhe",
               "types" : [ "locality", "political" ]
            },
            {
               "long_name" : "Karlsruhe",
               "short_name" : "KA",
               "types" : [ "administrative_area_level_2", "political" ]
            },
            {
               "long_name" : "Baden-Württemberg",
               "short_name" : "BW",
               "types" : [ "administrative_area_level_1", "political" ]
            },
            {
               "long_name" : "Germany",
               "short_name" : "DE",
               "types" : [ "country", "political" ]
            }
         ],
         "formatted_address" : "Karlsruhe, Germany",
         "geometry" : {
            "bounds" : {
               "northeast" : {
                  "lat" : 49.0912684,
                  "lng" : 8.541658099999999
               },
               "southwest" : {
                  "lat" : 48.9404298,
                  "lng" : 8.2774096
               }
            },
            "location" : {
               "lat" : 49.0068901,
               "lng" : 8.4036527
            },
            "location_type" : "APPROXIMATE",
            "viewport" : {
               "northeast" : {
                  "lat" : 49.0912684,
                  "lng" : 8.541658099999999
               },
               "southwest" : {
                  "lat" : 48.9404298,
                  "lng" : 8.2774096
               }
            }
         },
         "place_id" : "ChIJCXjgokgGl0cRf-63THNV_LY",
         "types" : [ "locality", "political" ]
      }
   ],
   "status" : "OK"
}
