{
   "results" : [
      {
         "address_components" : [
            {
               "long_name" : "Kearney",
               "short_name" : "Kearney",
               "types" : [ "locality", "political" ]
            },
            {
               "long_name" : "Buffalo County",
               "short_name" : "Buffalo County",
               "types" : [ "administrative_area_level_2", "political" ]
            },
            {
               "long_name" : "Nebraska",
               "short_name" : "NE",
               "types" : [ "administrative_area_level_1", "political" ]
            },
            {
               "long_name" : "United States",
               "short_name" : "US",
               "types" : [ "country", "political" ]
            }
         ],
         "formatted_address" : "Kearney, NE, USA",
         "geometry" : {
            "bounds" : {
               "northeast" : {
                  "lat" : 40.742706,
                  "lng" : -99.0170933
               },
               "southwest" : {
                  "lat" : 40.660671,
                  "lng" : -99.13867209999999
               }
            },
            "location" : {
               "lat" : 40.69933030000001,
               "lng" : -99.0816784
            },
            "location_type" : "APPROXIMATE",
            "viewport" : {
               "northeast" : {
                  "lat" : 40.742706,
                  "lng" : -99.0170933
               },
               "southwest" : {
                  "lat" : 40.660671,
                  "lng" : -99.13867209999999
               }
            }
         },
         "place_id" : "ChIJc9vMqb9OmYcRjpqccRGNSNw",
         "types" : [ "locality", "political" ]
      }
   ],
   "status" : "OK"
}
