{
   "results" : [
      {
         "address_components" : [
            {
               "long_name" : "Keene",
               "short_name" : "Keene",
               "types" : [ "locality", "political" ]
            },
            {
               "long_name" : "Cheshire County",
               "short_name" : "Cheshire County",
               "types" : [ "administrative_area_level_2", "political" ]
            },
            {
               "long_name" : "New Hampshire",
               "short_name" : "NH",
               "types" : [ "administrative_area_level_1", "political" ]
            },
            {
               "long_name" : "United States",
               "short_name" : "US",
               "types" : [ "country", "political" ]
            }
         ],
         "formatted_address" : "Keene, NH, USA",
         "geometry" : {
            "bounds" : {
               "northeast" : {
                  "lat" : 42.9999449,
                  "lng" : -72.2169299
               },
               "southwest" : {
                  "lat" : 42.904271,
                  "lng" : -72.382744
               }
            },
            "location" : {
               "lat" : 42.933692,
               "lng" : -72.2781409
            },
            "location_type" : "APPROXIMATE",
            "viewport" : {
               "northeast" : {
                  "lat" : 42.9999449,
                  "lng" : -72.2169299
               },
               "southwest" : {
                  "lat" : 42.904271,
                  "lng" : -72.382744
               }
            }
         },
         "place_id" : "ChIJcxohhHh04YkRvfPCx65MU6A",
         "types" : [ "locality", "political" ]
      }
   ],
   "status" : "OK"
}
