{
   "results" : [
      {
         "address_components" : [
            {
               "long_name" : "Kerry",
               "short_name" : "Kerry",
               "types" : [ "administrative_area_level_2", "political" ]
            },
            {
               "long_name" : "Kerry",
               "short_name" : "Kerry",
               "types" : [ "administrative_area_level_1", "political" ]
            },
            {
               "long_name" : "Ireland",
               "short_name" : "IE",
               "types" : [ "country", "political" ]
            }
         ],
         "formatted_address" : "Kerry, Co. Kerry, Ireland",
         "geometry" : {
            "bounds" : {
               "northeast" : {
                  "lat" : 52.59184,
                  "lng" : -9.118786
               },
               "southwest" : {
                  "lat" : 51.6883223,
                  "lng" : -10.6186515
               }
            },
            "location" : {
               "lat" : 52.15446069999999,
               "lng" : -9.5668632
            },
            "location_type" : "APPROXIMATE",
            "viewport" : {
               "northeast" : {
                  "lat" : 52.59184,
                  "lng" : -9.118786
               },
               "southwest" : {
                  "lat" : 51.6883223,
                  "lng" : -10.6186301
               }
            }
         },
         "place_id" : "ChIJ6WJcGmQ1RUgRlPm0FqU_jiI",
         "types" : [ "administrative_area_level_2", "political" ]
      },
      {
         "address_components" : [
            {
               "long_name" : "Kerry",
               "short_name" : "Kerry",
               "types" : [ "administrative_area_level_1", "political" ]
            },
            {
               "long_name" : "Ireland",
               "short_name" : "IE",
               "types" : [ "country", "political" ]
            }
         ],
         "formatted_address" : "Co. Kerry, Ireland",
         "geometry" : {
            "bounds" : {
               "northeast" : {
                  "lat" : 52.59184,
                  "lng" : -9.118786
               },
               "southwest" : {
                  "lat" : 51.6883223,
                  "lng" : -10.6186515
               }
            },
            "location" : {
               "lat" : 52.1678937,
               "lng" : -9.5259857
            },
            "location_type" : "APPROXIMATE",
            "viewport" : {
               "northeast" : {
                  "lat" : 52.59184,
                  "lng" : -9.118786
               },
               "southwest" : {
                  "lat" : 51.6883223,
                  "lng" : -10.6186301
               }
            }
         },
         "place_id" : "ChIJRy3pzLhPRUgRAB6Y8azHABg",
         "types" : [ "administrative_area_level_1", "political" ]
      }
   ],
   "status" : "OK"
}
