{
   "results" : [
      {
         "address_components" : [
            {
               "long_name" : "Kindersley",
               "short_name" : "Kindersley",
               "types" : [ "locality", "political" ]
            },
            {
               "long_name" : "Division No. 13",
               "short_name" : "Division No. 13",
               "types" : [ "administrative_area_level_2", "political" ]
            },
            {
               "long_name" : "Saskatchewan",
               "short_name" : "SK",
               "types" : [ "administrative_area_level_1", "political" ]
            },
            {
               "long_name" : "Canada",
               "short_name" : "CA",
               "types" : [ "country", "political" ]
            },
            {
               "long_name" : "S0L",
               "short_name" : "S0L",
               "types" : [ "postal_code_prefix", "postal_code" ]
            }
         ],
         "formatted_address" : "Kindersley, SK S0L, Canada",
         "geometry" : {
            "bounds" : {
               "northeast" : {
                  "lat" : 51.482008,
                  "lng" : -109.121272
               },
               "southwest" : {
                  "lat" : 51.4527829,
                  "lng" : -109.191633
               }
            },
            "location" : {
               "lat" : 51.4675266,
               "lng" : -109.1546825
            },
            "location_type" : "APPROXIMATE",
            "viewport" : {
               "northeast" : {
                  "lat" : 51.482008,
                  "lng" : -109.121272
               },
               "southwest" : {
                  "lat" : 51.4527829,
                  "lng" : -109.191633
               }
            }
         },
         "place_id" : "ChIJRTffYok_DlMR9wz4xsrlqmg",
         "types" : [ "locality", "political" ]
      }
   ],
   "status" : "OK"
}
