{
   "results" : [
      {
         "address_components" : [
            {
               "long_name" : "Kingston",
               "short_name" : "Kingston",
               "types" : [ "locality", "political" ]
            },
            {
               "long_name" : "Ulster County",
               "short_name" : "Ulster County",
               "types" : [ "administrative_area_level_2", "political" ]
            },
            {
               "long_name" : "New York",
               "short_name" : "NY",
               "types" : [ "administrative_area_level_1", "political" ]
            },
            {
               "long_name" : "United States",
               "short_name" : "US",
               "types" : [ "country", "political" ]
            }
         ],
         "formatted_address" : "Kingston, NY, USA",
         "geometry" : {
            "bounds" : {
               "northeast" : {
                  "lat" : 41.9496632,
                  "lng" : -73.961845
               },
               "southwest" : {
                  "lat" : 41.902063,
                  "lng" : -74.044629
               }
            },
            "location" : {
               "lat" : 41.9270367,
               "lng" : -73.9973608
            },
            "location_type" : "APPROXIMATE",
            "viewport" : {
               "northeast" : {
                  "lat" : 41.9496632,
                  "lng" : -73.961845
               },
               "southwest" : {
                  "lat" : 41.902063,
                  "lng" : -74.044629
               }
            }
         },
         "place_id" : "ChIJJ4HJLQEP3YkRE8kyWFqJ10E",
         "types" : [ "locality", "political" ]
      }
   ],
   "status" : "OK"
}
