{
   "results" : [
      {
         "address_components" : [
            {
               "long_name" : "Kingston",
               "short_name" : "Kingston",
               "types" : [ "locality", "political" ]
            },
            {
               "long_name" : "Frontenac County",
               "short_name" : "Frontenac County",
               "types" : [ "administrative_area_level_2", "political" ]
            },
            {
               "long_name" : "Ontario",
               "short_name" : "ON",
               "types" : [ "administrative_area_level_1", "political" ]
            },
            {
               "long_name" : "Canada",
               "short_name" : "CA",
               "types" : [ "country", "political" ]
            }
         ],
         "formatted_address" : "Kingston, ON, Canada",
         "geometry" : {
            "bounds" : {
               "northeast" : {
                  "lat" : 44.4802019,
                  "lng" : -76.23378370000002
               },
               "southwest" : {
                  "lat" : 44.2082296,
                  "lng" : -76.71286599999999
               }
            },
            "location" : {
               "lat" : 44.2311717,
               "lng" : -76.4859544
            },
            "location_type" : "APPROXIMATE",
            "viewport" : {
               "northeast" : {
                  "lat" : 44.4802019,
                  "lng" : -76.23378370000002
               },
               "southwest" : {
                  "lat" : 44.2082296,
                  "lng" : -76.71286599999999
               }
            }
         },
         "place_id" : "ChIJqY5AdAar0kwR6tnWFXdJpXY",
         "types" : [ "locality", "political" ]
      }
   ],
   "status" : "OK"
}
