{
   "results" : [
      {
         "address_components" : [
            {
               "long_name" : "Lakenheath",
               "short_name" : "Lakenheath",
               "types" : [ "locality", "political" ]
            },
            {
               "long_name" : "Lakenheath",
               "short_name" : "Lakenheath",
               "types" : [ "administrative_area_level_4", "political" ]
            },
            {
               "long_name" : "Forest Heath District",
               "short_name" : "Forest Heath District",
               "types" : [ "administrative_area_level_3", "political" ]
            },
            {
               "long_name" : "Suffolk",
               "short_name" : "Suffolk",
               "types" : [ "administrative_area_level_2", "political" ]
            },
            {
               "long_name" : "England",
               "short_name" : "England",
               "types" : [ "administrative_area_level_1", "political" ]
            },
            {
               "long_name" : "United Kingdom",
               "short_name" : "GB",
               "types" : [ "country", "political" ]
            }
         ],
         "formatted_address" : "Lakenheath, Suffolk, UK",
         "geometry" : {
            "bounds" : {
               "northeast" : {
                  "lat" : 52.4535932,
                  "lng" : 0.6357383999999999
               },
               "southwest" : {
                  "lat" : 52.3856935,
                  "lng" : 0.4231843
               }
            },
            "location" : {
               "lat" : 52.413917,
               "lng" : 0.5218539999999999
            },
            "location_type" : "APPROXIMATE",
            "viewport" : {
               "northeast" : {
                  "lat" : 52.4535932,
                  "lng" : 0.6357383999999999
               },
               "southwest" : {
                  "lat" : 52.3856935,
                  "lng" : 0.4231843
               }
            }
         },
         "place_id" : "ChIJ687UZ9g42EcRF0Ms_th68qY",
         "types" : [ "locality", "political" ]
      }
   ],
   "status" : "OK"
}
