{
   "results" : [
      {
         "address_components" : [
            {
               "long_name" : "Las Palmas de Gran Canaria",
               "short_name" : "Las Palmas de Gran Canaria",
               "types" : [ "locality", "political" ]
            },
            {
               "long_name" : "Las Palmas",
               "short_name" : "Las Palmas",
               "types" : [ "administrative_area_level_4", "political" ]
            },
            {
               "long_name" : "Las Palmas de Gran Canaria - Cuenca del Guiniguada",
               "short_name" : "Las Palmas de Gran Canaria - Cuenca del Guiniguada",
               "types" : [ "administrative_area_level_3", "political" ]
            },
            {
               "long_name" : "Las Palmas",
               "short_name" : "Las Palmas",
               "types" : [ "administrative_area_level_2", "political" ]
            },
            {
               "long_name" : "Canarias",
               "short_name" : "CN",
               "types" : [ "administrative_area_level_1", "political" ]
            },
            {
               "long_name" : "Spain",
               "short_name" : "ES",
               "types" : [ "country", "political" ]
            }
         ],
         "formatted_address" : "Las Palmas de Gran Canaria, Las Palmas, Spain",
         "geometry" : {
            "bounds" : {
               "northeast" : {
                  "lat" : 28.1563403,
                  "lng" : -15.4117481
               },
               "southwest" : {
                  "lat" : 28.0783812,
                  "lng" : -15.467486
               }
            },
            "location" : {
               "lat" : 28.1235459,
               "lng" : -15.4362574
            },
            "location_type" : "APPROXIMATE",
            "viewport" : {
               "northeast" : {
                  "lat" : 28.1563403,
                  "lng" : -15.4117481
               },
               "southwest" : {
                  "lat" : 28.0783812,
                  "lng" : -15.467486
               }
            }
         },
         "place_id" : "ChIJ0ZfAkQ6VQAwRZbo4U6y1Nqs",
         "types" : [ "locality", "political" ]
      },
      {
         "address_components" : [
            {
               "long_name" : "Las Palmas",
               "short_name" : "Las Palmas",
               "types" : [ "locality", "political" ]
            },
            {
               "long_name" : "Benicàssim",
               "short_name" : "Benicàssim",
               "types" : [ "administrative_area_level_4", "political" ]
            },
            {
               "long_name" : "Plana Alta",
               "short_name" : "Plana Alta",
               "types" : [ "administrative_area_level_3", "political" ]
            },
            {
               "long_name" : "Castellón",
               "short_name" : "Castellón",
               "types" : [ "administrative_area_level_2", "political" ]
            },
            {
               "long_name" : "Comunidad Valenciana",
               "short_name" : "Comunidad Valenciana",
               "types" : [ "administrative_area_level_1", "political" ]
            },
            {
               "long_name" : "Spain",
               "short_name" : "ES",
               "types" : [ "country", "political" ]
            },
            {
               "long_name" : "12560",
               "short_name" : "12560",
               "types" : [ "postal_code" ]
            }
         ],
         "formatted_address" : "12560 Las Palmas, Castellón, Spain",
         "geometry" : {
            "bounds" : {
               "northeast" : {
                  "lat" : 40.0542069,
                  "lng" : 0.0299703
               },
               "southwest" : {
                  "lat" : 40.0440491,
                  "lng" : 0.0208931
               }
            },
            "location" : {
               "lat" : 40.0493865,
               "lng" : 0.0257621
            },
            "location_type" : "APPROXIMATE",
            "viewport" : {
               "northeast" : {
                  "lat" : 40.0542069,
                  "lng" : 0.0299703
               },
               "southwest" : {
                  "lat" : 40.0440491,
                  "lng" : 0.0208931
               }
            }
         },
         "place_id" : "ChIJ0wKm9cQAoBIRKTHfrsN8Cqk",
         "types" : [ "locality", "political" ]
      }
   ],
   "status" : "OK"
}
