{
   "results" : [
      {
         "address_components" : [
            {
               "long_name" : "Latonia",
               "short_name" : "Latonia",
               "types" : [ "neighborhood", "political" ]
            },
            {
               "long_name" : "Covington",
               "short_name" : "Covington",
               "types" : [ "locality", "political" ]
            },
            {
               "long_name" : "Kenton County",
               "short_name" : "Kenton County",
               "types" : [ "administrative_area_level_2", "political" ]
            },
            {
               "long_name" : "Kentucky",
               "short_name" : "KY",
               "types" : [ "administrative_area_level_1", "political" ]
            },
            {
               "long_name" : "United States",
               "short_name" : "US",
               "types" : [ "country", "political" ]
            }
         ],
         "formatted_address" : "Latonia, Covington, KY, USA",
         "geometry" : {
            "bounds" : {
               "northeast" : {
                  "lat" : 39.0577268,
                  "lng" : -84.5020792
               },
               "southwest" : {
                  "lat" : 39.0441744,
                  "lng" : -84.51869689999999
               }
            },
            "location" : {
               "lat" : 39.0514185,
               "lng" : -84.50966210000001
            },
            "location_type" : "APPROXIMATE",
            "viewport" : {
               "northeast" : {
                  "lat" : 39.0577268,
                  "lng" : -84.5020792
               },
               "southwest" : {
                  "lat" : 39.0441744,
                  "lng" : -84.51869689999999
               }
            }
         },
         "place_id" : "ChIJmWsoAAC7QYgRqRXLuYXq0tw",
         "types" : [ "neighborhood", "political" ]
      }
   ],
   "status" : "OK"
}
