{
   "results" : [
      {
         "address_components" : [
            {
               "long_name" : "Leeds",
               "short_name" : "Leeds",
               "types" : [ "locality", "political" ]
            },
            {
               "long_name" : "City of Leeds",
               "short_name" : "City of Leeds",
               "types" : [ "administrative_area_level_3", "political" ]
            },
            {
               "long_name" : "West Yorkshire",
               "short_name" : "West Yorkshire",
               "types" : [ "administrative_area_level_2", "political" ]
            },
            {
               "long_name" : "England",
               "short_name" : "England",
               "types" : [ "administrative_area_level_1", "political" ]
            },
            {
               "long_name" : "United Kingdom",
               "short_name" : "GB",
               "types" : [ "country", "political" ]
            }
         ],
         "formatted_address" : "Leeds, West Yorkshire, UK",
         "geometry" : {
            "bounds" : {
               "northeast" : {
                  "lat" : 53.8812021,
                  "lng" : -1.3973731
               },
               "southwest" : {
                  "lat" : 53.7308029,
                  "lng" : -1.6740915
               }
            },
            "location" : {
               "lat" : 53.8007554,
               "lng" : -1.5490774
            },
            "location_type" : "APPROXIMATE",
            "viewport" : {
               "northeast" : {
                  "lat" : 53.8812021,
                  "lng" : -1.3973731
               },
               "southwest" : {
                  "lat" : 53.7308029,
                  "lng" : -1.6740915
               }
            }
         },
         "place_id" : "ChIJmb1k2ko-eUgRqdwTAv26rVE",
         "types" : [ "locality", "political" ]
      },
      {
         "address_components" : [
            {
               "long_name" : "Leeds",
               "short_name" : "Leeds",
               "types" : [ "locality", "political" ]
            },
            {
               "long_name" : "Maidstone",
               "short_name" : "Maidstone",
               "types" : [ "postal_town" ]
            },
            {
               "long_name" : "Leeds",
               "short_name" : "Leeds",
               "types" : [ "administrative_area_level_4", "political" ]
            },
            {
               "long_name" : "Maidstone District",
               "short_name" : "Maidstone District",
               "types" : [ "administrative_area_level_3", "political" ]
            },
            {
               "long_name" : "Kent",
               "short_name" : "Kent",
               "types" : [ "administrative_area_level_2", "political" ]
            },
            {
               "long_name" : "England",
               "short_name" : "England",
               "types" : [ "administrative_area_level_1", "political" ]
            },
            {
               "long_name" : "United Kingdom",
               "short_name" : "GB",
               "types" : [ "country", "political" ]
            },
            {
               "long_name" : "ME17",
               "short_name" : "ME17",
               "types" : [ "postal_code_prefix", "postal_code" ]
            }
         ],
         "formatted_address" : "Leeds, Maidstone, Kent ME17, UK",
         "geometry" : {
            "bounds" : {
               "northeast" : {
                  "lat" : 51.2531288,
                  "lng" : 0.6189975999999999
               },
               "southwest" : {
                  "lat" : 51.2421137,
                  "lng" : 0.6034505
               }
            },
            "location" : {
               "lat" : 51.2490496,
               "lng" : 0.6122835999999999
            },
            "location_type" : "APPROXIMATE",
            "viewport" : {
               "northeast" : {
                  "lat" : 51.2531288,
                  "lng" : 0.6189975999999999
               },
               "southwest" : {
                  "lat" : 51.2421137,
                  "lng" : 0.6034505
               }
            }
         },
         "place_id" : "ChIJEcxA4mMu30cRq0YMOnDXuA4",
         "types" : [ "locality", "political" ]
      }
   ],
   "status" : "OK"
}
