{
   "results" : [
      {
         "address_components" : [
            {
               "long_name" : "Lethbridge",
               "short_name" : "Lethbridge",
               "types" : [ "locality", "political" ]
            },
            {
               "long_name" : "Division No. 2",
               "short_name" : "Division No. 2",
               "types" : [ "administrative_area_level_2", "political" ]
            },
            {
               "long_name" : "Alberta",
               "short_name" : "AB",
               "types" : [ "administrative_area_level_1", "political" ]
            },
            {
               "long_name" : "Canada",
               "short_name" : "CA",
               "types" : [ "country", "political" ]
            }
         ],
         "formatted_address" : "Lethbridge, AB, Canada",
         "geometry" : {
            "bounds" : {
               "northeast" : {
                  "lat" : 49.756413,
                  "lng" : -112.756481
               },
               "southwest" : {
                  "lat" : 49.61972309999999,
                  "lng" : -112.9356501
               }
            },
            "location" : {
               "lat" : 49.69349,
               "lng" : -112.84184
            },
            "location_type" : "APPROXIMATE",
            "viewport" : {
               "northeast" : {
                  "lat" : 49.756413,
                  "lng" : -112.756481
               },
               "southwest" : {
                  "lat" : 49.61972309999999,
                  "lng" : -112.9356501
               }
            }
         },
         "place_id" : "ChIJI81a8UqGblMRrr6VYuN4XBw",
         "types" : [ "locality", "political" ]
      }
   ],
   "status" : "OK"
}
