{
   "results" : [
      {
         "address_components" : [
            {
               "long_name" : "Lewisburg",
               "short_name" : "Lewisburg",
               "types" : [ "locality", "political" ]
            },
            {
               "long_name" : "Central",
               "short_name" : "Central",
               "types" : [ "administrative_area_level_3", "political" ]
            },
            {
               "long_name" : "Greenbrier County",
               "short_name" : "Greenbrier County",
               "types" : [ "administrative_area_level_2", "political" ]
            },
            {
               "long_name" : "West Virginia",
               "short_name" : "WV",
               "types" : [ "administrative_area_level_1", "political" ]
            },
            {
               "long_name" : "United States",
               "short_name" : "US",
               "types" : [ "country", "political" ]
            },
            {
               "long_name" : "24901",
               "short_name" : "24901",
               "types" : [ "postal_code" ]
            }
         ],
         "formatted_address" : "Lewisburg, WV 24901, USA",
         "geometry" : {
            "bounds" : {
               "northeast" : {
                  "lat" : 37.83518780000001,
                  "lng" : -80.4105088
               },
               "southwest" : {
                  "lat" : 37.7908739,
                  "lng" : -80.46233099999999
               }
            },
            "location" : {
               "lat" : 37.8017879,
               "lng" : -80.44563029999999
            },
            "location_type" : "APPROXIMATE",
            "viewport" : {
               "northeast" : {
                  "lat" : 37.83518780000001,
                  "lng" : -80.4105088
               },
               "southwest" : {
                  "lat" : 37.7908739,
                  "lng" : -80.46233099999999
               }
            }
         },
         "place_id" : "ChIJF8uNvG1HTIgRR410sWSWJDM",
         "types" : [ "locality", "political" ]
      }
   ],
   "status" : "OK"
}
