{
   "results" : [
      {
         "address_components" : [
            {
               "long_name" : "Lidköping",
               "short_name" : "Lidköping",
               "types" : [ "locality", "political" ]
            },
            {
               "long_name" : "Lidköping",
               "short_name" : "Lidköping",
               "types" : [ "administrative_area_level_2", "political" ]
            },
            {
               "long_name" : "Västra Götaland County",
               "short_name" : "Västra Götaland County",
               "types" : [ "administrative_area_level_1", "political" ]
            },
            {
               "long_name" : "Sweden",
               "short_name" : "SE",
               "types" : [ "country", "political" ]
            }
         ],
         "formatted_address" : "Lidköping, Sweden",
         "geometry" : {
            "bounds" : {
               "northeast" : {
                  "lat" : 58.546194,
                  "lng" : 13.2126519
               },
               "southwest" : {
                  "lat" : 58.47416799999999,
                  "lng" : 13.0831159
               }
            },
            "location" : {
               "lat" : 58.5035047,
               "lng" : 13.1570768
            },
            "location_type" : "APPROXIMATE",
            "viewport" : {
               "northeast" : {
                  "lat" : 58.546194,
                  "lng" : 13.2126519
               },
               "southwest" : {
                  "lat" : 58.47416799999999,
                  "lng" : 13.0831159
               }
            }
         },
         "place_id" : "ChIJ810_1TTTREYRDVS9DyVXtbw",
         "types" : [ "locality", "political" ]
      }
   ],
   "status" : "OK"
}
