{
   "results" : [
      {
         "address_components" : [
            {
               "long_name" : "Limerick",
               "short_name" : "Limerick",
               "types" : [ "locality", "political" ]
            },
            {
               "long_name" : "Limerick City",
               "short_name" : "Limerick City",
               "types" : [ "administrative_area_level_2", "political" ]
            },
            {
               "long_name" : "Limerick",
               "short_name" : "Limerick",
               "types" : [ "administrative_area_level_1", "political" ]
            },
            {
               "long_name" : "Ireland",
               "short_name" : "IE",
               "types" : [ "country", "political" ]
            }
         ],
         "formatted_address" : "Limerick, Ireland",
         "geometry" : {
            "bounds" : {
               "northeast" : {
                  "lat" : 52.6886401,
                  "lng" : -8.5703399
               },
               "southwest" : {
                  "lat" : 52.6143899,
                  "lng" : -8.68994
               }
            },
            "location" : {
               "lat" : 52.6680204,
               "lng" : -8.630497499999999
            },
            "location_type" : "APPROXIMATE",
            "viewport" : {
               "northeast" : {
                  "lat" : 52.6886401,
                  "lng" : -8.5703399
               },
               "southwest" : {
                  "lat" : 52.6143899,
                  "lng" : -8.68994
               }
            }
         },
         "place_id" : "ChIJE1FUH2FcW0gRMHMxl6nHAAo",
         "types" : [ "locality", "political" ]
      }
   ],
   "status" : "OK"
}
