{
   "results" : [
      {
         "address_components" : [
            {
               "long_name" : "Longview",
               "short_name" : "Longview",
               "types" : [ "locality", "political" ]
            },
            {
               "long_name" : "Gregg County",
               "short_name" : "Gregg County",
               "types" : [ "administrative_area_level_2", "political" ]
            },
            {
               "long_name" : "Texas",
               "short_name" : "TX",
               "types" : [ "administrative_area_level_1", "political" ]
            },
            {
               "long_name" : "United States",
               "short_name" : "US",
               "types" : [ "country", "political" ]
            }
         ],
         "formatted_address" : "Longview, TX, USA",
         "geometry" : {
            "bounds" : {
               "northeast" : {
                  "lat" : 32.5816351,
                  "lng" : -94.6662851
               },
               "southwest" : {
                  "lat" : 32.4315179,
                  "lng" : -94.84434
               }
            },
            "location" : {
               "lat" : 32.5007037,
               "lng" : -94.74048909999999
            },
            "location_type" : "APPROXIMATE",
            "viewport" : {
               "northeast" : {
                  "lat" : 32.5816351,
                  "lng" : -94.6662851
               },
               "southwest" : {
                  "lat" : 32.4315179,
                  "lng" : -94.84434
               }
            }
         },
         "place_id" : "ChIJUTPfl_81NoYRM1kZdPfwD7M",
         "types" : [ "locality", "political" ]
      }
   ],
   "status" : "OK"
}
