{
   "results" : [
      {
         "address_components" : [
            {
               "long_name" : "Long Island",
               "short_name" : "Long Island",
               "types" : [ "natural_feature", "establishment" ]
            },
            {
               "long_name" : "New York",
               "short_name" : "NY",
               "types" : [ "administrative_area_level_1", "political" ]
            },
            {
               "long_name" : "United States",
               "short_name" : "US",
               "types" : [ "country", "political" ]
            }
         ],
         "formatted_address" : "Long Island, New York, USA",
         "geometry" : {
            "bounds" : {
               "northeast" : {
                  "lat" : 41.1612401,
                  "lng" : -71.85620109999999
               },
               "southwest" : {
                  "lat" : 40.5429789,
                  "lng" : -74.0419497
               }
            },
            "location" : {
               "lat" : 40.789142,
               "lng" : -73.13496099999999
            },
            "location_type" : "APPROXIMATE",
            "viewport" : {
               "northeast" : {
                  "lat" : 41.1612401,
                  "lng" : -71.85620109999999
               },
               "southwest" : {
                  "lat" : 40.5429789,
                  "lng" : -74.0419497
               }
            }
         },
         "place_id" : "ChIJy6Xu4VRE6IkRGA2UhmH59x0",
         "types" : [ "natural_feature", "establishment" ]
      }
   ],
   "status" : "OK"
}
