{
   "results" : [
      {
         "address_components" : [
            {
               "long_name" : "Louisville",
               "short_name" : "Louisville",
               "types" : [ "locality", "political" ]
            },
            {
               "long_name" : "Jefferson County",
               "short_name" : "Jefferson County",
               "types" : [ "administrative_area_level_2", "political" ]
            },
            {
               "long_name" : "Kentucky",
               "short_name" : "KY",
               "types" : [ "administrative_area_level_1", "political" ]
            },
            {
               "long_name" : "United States",
               "short_name" : "US",
               "types" : [ "country", "political" ]
            }
         ],
         "formatted_address" : "Louisville, KY, USA",
         "geometry" : {
            "bounds" : {
               "northeast" : {
                  "lat" : 38.38051,
                  "lng" : -85.40509999999999
               },
               "southwest" : {
                  "lat" : 37.9971,
                  "lng" : -85.948441
               }
            },
            "location" : {
               "lat" : 38.2526647,
               "lng" : -85.7584557
            },
            "location_type" : "APPROXIMATE",
            "viewport" : {
               "northeast" : {
                  "lat" : 38.38051,
                  "lng" : -85.40509999999999
               },
               "southwest" : {
                  "lat" : 37.9971,
                  "lng" : -85.948441
               }
            }
         },
         "place_id" : "ChIJEdVbsxoLaYgRMv1xICi009Q",
         "types" : [ "locality", "political" ]
      }
   ],
   "status" : "OK"
}
