{
   "results" : [
      {
         "address_components" : [
            {
               "long_name" : "Luxembourg City",
               "short_name" : "Luxembourg City",
               "types" : [ "locality", "political" ]
            },
            {
               "long_name" : "Luxembourg",
               "short_name" : "Luxembourg",
               "types" : [ "administrative_area_level_2", "political" ]
            },
            {
               "long_name" : "Luxembourg",
               "short_name" : "Luxembourg",
               "types" : [ "administrative_area_level_1", "political" ]
            },
            {
               "long_name" : "Luxembourg",
               "short_name" : "LU",
               "types" : [ "country", "political" ]
            }
         ],
         "formatted_address" : "Luxembourg City, Luxembourg",
         "geometry" : {
            "bounds" : {
               "northeast" : {
                  "lat" : 49.6549299,
                  "lng" : 6.202720100000001
               },
               "southwest" : {
                  "lat" : 49.56028000000001,
                  "lng" : 6.06902
               }
            },
            "location" : {
               "lat" : 49.61162100000001,
               "lng" : 6.1319346
            },
            "location_type" : "APPROXIMATE",
            "viewport" : {
               "northeast" : {
                  "lat" : 49.6549299,
                  "lng" : 6.202720100000001
               },
               "southwest" : {
                  "lat" : 49.56028000000001,
                  "lng" : 6.06902
               }
            }
         },
         "place_id" : "ChIJVyzznc1IlUcREG0F0dbRAAQ",
         "types" : [ "locality", "political" ]
      }
   ],
   "status" : "OK"
}
