{
   "results" : [
      {
         "address_components" : [
            {
               "long_name" : "Lyon",
               "short_name" : "Lyon",
               "types" : [ "locality", "political" ]
            },
            {
               "long_name" : "Rhône",
               "short_name" : "Rhône",
               "types" : [ "administrative_area_level_2", "political" ]
            },
            {
               "long_name" : "Rhone-Alpes",
               "short_name" : "RA",
               "types" : [ "administrative_area_level_1", "political" ]
            },
            {
               "long_name" : "France",
               "short_name" : "FR",
               "types" : [ "country", "political" ]
            }
         ],
         "formatted_address" : "Lyon, France",
         "geometry" : {
            "bounds" : {
               "northeast" : {
                  "lat" : 45.808425,
                  "lng" : 4.898393
               },
               "southwest" : {
                  "lat" : 45.707486,
                  "lng" : 4.7718489
               }
            },
            "location" : {
               "lat" : 45.764043,
               "lng" : 4.835659
            },
            "location_type" : "APPROXIMATE",
            "viewport" : {
               "northeast" : {
                  "lat" : 45.808425,
                  "lng" : 4.898393
               },
               "southwest" : {
                  "lat" : 45.707486,
                  "lng" : 4.7718489
               }
            }
         },
         "place_id" : "ChIJl4foalHq9EcR8CG75CqrCAQ",
         "types" : [ "locality", "political" ]
      }
   ],
   "status" : "OK"
}
