{
   "results" : [
      {
         "address_components" : [
            {
               "long_name" : "Merida",
               "short_name" : "Merida",
               "types" : [ "locality", "political" ]
            },
            {
               "long_name" : "Merida",
               "short_name" : "Merida",
               "types" : [ "administrative_area_level_2", "political" ]
            },
            {
               "long_name" : "Yucatan",
               "short_name" : "Yuc.",
               "types" : [ "administrative_area_level_1", "political" ]
            },
            {
               "long_name" : "Mexico",
               "short_name" : "MX",
               "types" : [ "country", "political" ]
            },
            {
               "long_name" : "97139",
               "short_name" : "97139",
               "types" : [ "postal_code" ]
            }
         ],
         "formatted_address" : "97139 Merida, Yucatan, Mexico",
         "geometry" : {
            "bounds" : {
               "northeast" : {
                  "lat" : 21.0727693,
                  "lng" : -89.5430336
               },
               "southwest" : {
                  "lat" : 20.8729168,
                  "lng" : -89.72280300000001
               }
            },
            "location" : {
               "lat" : 20.9673702,
               "lng" : -89.5925857
            },
            "location_type" : "APPROXIMATE",
            "viewport" : {
               "northeast" : {
                  "lat" : 21.0727693,
                  "lng" : -89.5430336
               },
               "southwest" : {
                  "lat" : 20.8729168,
                  "lng" : -89.72280300000001
               }
            }
         },
         "place_id" : "ChIJFw1Fq1xxVo8RCeurFVcV_F0",
         "types" : [ "locality", "political" ]
      },
      {
         "address_components" : [
            {
               "long_name" : "Yucatán",
               "short_name" : "Yucatán",
               "types" : [ "sublocality_level_1", "sublocality", "political" ]
            },
            {
               "long_name" : "Mérida",
               "short_name" : "Mérida",
               "types" : [ "locality", "political" ]
            },
            {
               "long_name" : "Merida",
               "short_name" : "Merida",
               "types" : [ "administrative_area_level_2", "political" ]
            },
            {
               "long_name" : "Yucatán",
               "short_name" : "Yuc.",
               "types" : [ "administrative_area_level_1", "political" ]
            },
            {
               "long_name" : "Mexico",
               "short_name" : "MX",
               "types" : [ "country", "political" ]
            }
         ],
         "formatted_address" : "Yucatán, Mérida, Yuc., Mexico",
         "geometry" : {
            "bounds" : {
               "northeast" : {
                  "lat" : 20.9972467,
                  "lng" : -89.62068259999999
               },
               "southwest" : {
                  "lat" : 20.9903405,
                  "lng" : -89.63104020000002
               }
            },
            "location" : {
               "lat" : 20.993468,
               "lng" : -89.6239875
            },
            "location_type" : "APPROXIMATE",
            "viewport" : {
               "northeast" : {
                  "lat" : 20.9972467,
                  "lng" : -89.62068259999999
               },
               "southwest" : {
                  "lat" : 20.9903405,
                  "lng" : -89.63104020000002
               }
            }
         },
         "place_id" : "ChIJa4gWF_5zVo8R26YOVxyNW3U",
         "types" : [ "sublocality_level_1", "sublocality", "political" ]
      },
      {
         "address_components" : [
            {
               "long_name" : "Mérida",
               "short_name" : "Mérida",
               "types" : [ "sublocality_level_1", "sublocality", "political" ]
            },
            {
               "long_name" : "Mérida",
               "short_name" : "Mérida",
               "types" : [ "locality", "political" ]
            },
            {
               "long_name" : "Merida",
               "short_name" : "Merida",
               "types" : [ "administrative_area_level_2", "political" ]
            },
            {
               "long_name" : "Yucatán",
               "short_name" : "Yuc.",
               "types" : [ "administrative_area_level_1", "political" ]
            },
            {
               "long_name" : "Mexico",
               "short_name" : "MX",
               "types" : [ "country", "political" ]
            }
         ],
         "formatted_address" : "Mérida, Mérida, Yuc., Mexico",
         "geometry" : {
            "bounds" : {
               "northeast" : {
                  "lat" : 21.0197484,
                  "lng" : -89.65127749999999
               },
               "southwest" : {
                  "lat" : 21.0117664,
                  "lng" : -89.6593731
               }
            },
            "location" : {
               "lat" : 21.0151423,
               "lng" : -89.6551671
            },
            "location_type" : "APPROXIMATE",
            "viewport" : {
               "northeast" : {
                  "lat" : 21.0197484,
                  "lng" : -89.65127749999999
               },
               "southwest" : {
                  "lat" : 21.0117664,
                  "lng" : -89.6593731
               }
            }
         },
         "place_id" : "ChIJxwut12V0Vo8Rn9-pyY1OXxc",
         "types" : [ "sublocality_level_1", "sublocality", "political" ]
      }
   ],
   "status" : "OK"
}
