{
   "results" : [
      {
         "address_components" : [
            {
               "long_name" : "Macomb",
               "short_name" : "Macomb",
               "types" : [ "locality", "political" ]
            },
            {
               "long_name" : "Macomb City Township",
               "short_name" : "Macomb City Township",
               "types" : [ "administrative_area_level_3", "political" ]
            },
            {
               "long_name" : "McDonough County",
               "short_name" : "McDonough County",
               "types" : [ "administrative_area_level_2", "political" ]
            },
            {
               "long_name" : "Illinois",
               "short_name" : "IL",
               "types" : [ "administrative_area_level_1", "political" ]
            },
            {
               "long_name" : "United States",
               "short_name" : "US",
               "types" : [ "country", "political" ]
            },
            {
               "long_name" : "61455",
               "short_name" : "61455",
               "types" : [ "postal_code" ]
            }
         ],
         "formatted_address" : "Macomb, IL 61455, USA",
         "geometry" : {
            "bounds" : {
               "northeast" : {
                  "lat" : 40.5197371,
                  "lng" : -90.6212049
               },
               "southwest" : {
                  "lat" : 40.43159,
                  "lng" : -90.7580129
               }
            },
            "location" : {
               "lat" : 40.4592076,
               "lng" : -90.67179709999999
            },
            "location_type" : "APPROXIMATE",
            "viewport" : {
               "northeast" : {
                  "lat" : 40.5197371,
                  "lng" : -90.6212049
               },
               "southwest" : {
                  "lat" : 40.43159,
                  "lng" : -90.7580129
               }
            }
         },
         "place_id" : "ChIJD2eN60X34IcR0gFs-vR4z90",
         "types" : [ "locality", "political" ]
      }
   ],
   "status" : "OK"
}
