{
   "results" : [
      {
         "address_components" : [
            {
               "long_name" : "Manizales",
               "short_name" : "Manizales",
               "types" : [ "locality", "political" ]
            },
            {
               "long_name" : "Manizales",
               "short_name" : "Manizales",
               "types" : [ "administrative_area_level_2", "political" ]
            },
            {
               "long_name" : "Caldas",
               "short_name" : "Caldas",
               "types" : [ "administrative_area_level_1", "political" ]
            },
            {
               "long_name" : "Colombia",
               "short_name" : "CO",
               "types" : [ "country", "political" ]
            }
         ],
         "formatted_address" : "Manizales, Manizales, Caldas, Colombia",
         "geometry" : {
            "bounds" : {
               "northeast" : {
                  "lat" : 5.117414999999999,
                  "lng" : -75.41146499999999
               },
               "southwest" : {
                  "lat" : 5.019979999999999,
                  "lng" : -75.55582099999999
               }
            },
            "location" : {
               "lat" : 5.070275,
               "lng" : -75.5138166
            },
            "location_type" : "APPROXIMATE",
            "viewport" : {
               "northeast" : {
                  "lat" : 5.117414999999999,
                  "lng" : -75.41146499999999
               },
               "southwest" : {
                  "lat" : 5.019979999999999,
                  "lng" : -75.55582099999999
               }
            }
         },
         "place_id" : "ChIJO85CavpvR44RHBTqI2TPY6g",
         "types" : [ "locality", "political" ]
      }
   ],
   "status" : "OK"
}
