{
   "results" : [
      {
         "address_components" : [
            {
               "long_name" : "Marietta",
               "short_name" : "Marietta",
               "types" : [ "locality", "political" ]
            },
            {
               "long_name" : "Washington County",
               "short_name" : "Washington County",
               "types" : [ "administrative_area_level_2", "political" ]
            },
            {
               "long_name" : "Ohio",
               "short_name" : "OH",
               "types" : [ "administrative_area_level_1", "political" ]
            },
            {
               "long_name" : "United States",
               "short_name" : "US",
               "types" : [ "country", "political" ]
            }
         ],
         "formatted_address" : "Marietta, OH, USA",
         "geometry" : {
            "bounds" : {
               "northeast" : {
                  "lat" : 39.45922789999999,
                  "lng" : -81.401933
               },
               "southwest" : {
                  "lat" : 39.3982549,
                  "lng" : -81.49748409999999
               }
            },
            "location" : {
               "lat" : 39.41535200000001,
               "lng" : -81.45484359999999
            },
            "location_type" : "APPROXIMATE",
            "viewport" : {
               "northeast" : {
                  "lat" : 39.45922789999999,
                  "lng" : -81.401933
               },
               "southwest" : {
                  "lat" : 39.3982549,
                  "lng" : -81.49748409999999
               }
            }
         },
         "place_id" : "ChIJLTLEDOHMSYgRleTkkTUnYj0",
         "types" : [ "locality", "political" ]
      }
   ],
   "status" : "OK"
}
