{
   "results" : [
      {
         "address_components" : [
            {
               "long_name" : "Marion",
               "short_name" : "Marion",
               "types" : [ "locality", "political" ]
            },
            {
               "long_name" : "Williamson County",
               "short_name" : "Williamson County",
               "types" : [ "administrative_area_level_2", "political" ]
            },
            {
               "long_name" : "Illinois",
               "short_name" : "IL",
               "types" : [ "administrative_area_level_1", "political" ]
            },
            {
               "long_name" : "United States",
               "short_name" : "US",
               "types" : [ "country", "political" ]
            }
         ],
         "formatted_address" : "Marion, IL, USA",
         "geometry" : {
            "bounds" : {
               "northeast" : {
                  "lat" : 37.7679551,
                  "lng" : -88.8090479
               },
               "southwest" : {
                  "lat" : 37.5763339,
                  "lng" : -89.021829
               }
            },
            "location" : {
               "lat" : 37.7306054,
               "lng" : -88.9331256
            },
            "location_type" : "APPROXIMATE",
            "viewport" : {
               "northeast" : {
                  "lat" : 37.7679551,
                  "lng" : -88.8090479
               },
               "southwest" : {
                  "lat" : 37.5763339,
                  "lng" : -89.021829
               }
            }
         },
         "place_id" : "ChIJNaNEVaMwd4gRj7XOKGuZyPg",
         "types" : [ "locality", "political" ]
      }
   ],
   "status" : "OK"
}
