{
   "results" : [
      {
         "address_components" : [
            {
               "long_name" : "Medford",
               "short_name" : "Medford",
               "types" : [ "locality", "political" ]
            },
            {
               "long_name" : "Jackson County",
               "short_name" : "Jackson County",
               "types" : [ "administrative_area_level_2", "political" ]
            },
            {
               "long_name" : "Oregon",
               "short_name" : "OR",
               "types" : [ "administrative_area_level_1", "political" ]
            },
            {
               "long_name" : "United States",
               "short_name" : "US",
               "types" : [ "country", "political" ]
            }
         ],
         "formatted_address" : "Medford, OR, USA",
         "geometry" : {
            "bounds" : {
               "northeast" : {
                  "lat" : 42.398388,
                  "lng" : -122.777142
               },
               "southwest" : {
                  "lat" : 42.28878700000001,
                  "lng" : -122.911108
               }
            },
            "location" : {
               "lat" : 42.3265152,
               "lng" : -122.8755949
            },
            "location_type" : "APPROXIMATE",
            "viewport" : {
               "northeast" : {
                  "lat" : 42.398388,
                  "lng" : -122.777142
               },
               "southwest" : {
                  "lat" : 42.28878700000001,
                  "lng" : -122.911108
               }
            }
         },
         "place_id" : "ChIJbR82N1t8z1QRbhNBVWxz2wc",
         "types" : [ "locality", "political" ]
      }
   ],
   "status" : "OK"
}
