{
   "results" : [
      {
         "address_components" : [
            {
               "long_name" : "Menen",
               "short_name" : "Menen",
               "types" : [ "locality", "political" ]
            },
            {
               "long_name" : "West Flanders",
               "short_name" : "WV",
               "types" : [ "administrative_area_level_2", "political" ]
            },
            {
               "long_name" : "Flanders",
               "short_name" : "Flanders",
               "types" : [ "administrative_area_level_1", "political" ]
            },
            {
               "long_name" : "Belgium",
               "short_name" : "BE",
               "types" : [ "country", "political" ]
            }
         ],
         "formatted_address" : "Menen, Belgium",
         "geometry" : {
            "bounds" : {
               "northeast" : {
                  "lat" : 50.8321999,
                  "lng" : 3.21936
               },
               "southwest" : {
                  "lat" : 50.7552101,
                  "lng" : 3.08043
               }
            },
            "location" : {
               "lat" : 50.7962915,
               "lng" : 3.121342
            },
            "location_type" : "APPROXIMATE",
            "viewport" : {
               "northeast" : {
                  "lat" : 50.8321999,
                  "lng" : 3.21936
               },
               "southwest" : {
                  "lat" : 50.7552101,
                  "lng" : 3.08043
               }
            }
         },
         "place_id" : "ChIJeaqH_v0tw0cRrQVQK7Uza3A",
         "types" : [ "locality", "political" ]
      }
   ],
   "status" : "OK"
}
