{
   "results" : [
      {
         "address_components" : [
            {
               "long_name" : "Merced",
               "short_name" : "Merced",
               "types" : [ "locality", "political" ]
            },
            {
               "long_name" : "Merced County",
               "short_name" : "Merced County",
               "types" : [ "administrative_area_level_2", "political" ]
            },
            {
               "long_name" : "California",
               "short_name" : "CA",
               "types" : [ "administrative_area_level_1", "political" ]
            },
            {
               "long_name" : "United States",
               "short_name" : "US",
               "types" : [ "country", "political" ]
            }
         ],
         "formatted_address" : "Merced, CA, USA",
         "geometry" : {
            "bounds" : {
               "northeast" : {
                  "lat" : 37.3756909,
                  "lng" : -120.3994271
               },
               "southwest" : {
                  "lat" : 37.221798,
                  "lng" : -120.543354
               }
            },
            "location" : {
               "lat" : 37.3021632,
               "lng" : -120.4829677
            },
            "location_type" : "APPROXIMATE",
            "viewport" : {
               "northeast" : {
                  "lat" : 37.3756909,
                  "lng" : -120.3994271
               },
               "southwest" : {
                  "lat" : 37.221798,
                  "lng" : -120.543354
               }
            }
         },
         "place_id" : "ChIJmbYb_YQ_kYARGIKGvCCqL-0",
         "types" : [ "locality", "political" ]
      }
   ],
   "status" : "OK"
}
