{
   "results" : [
      {
         "address_components" : [
            {
               "long_name" : "Mesa",
               "short_name" : "Mesa",
               "types" : [ "locality", "political" ]
            },
            {
               "long_name" : "Maricopa County",
               "short_name" : "Maricopa County",
               "types" : [ "administrative_area_level_2", "political" ]
            },
            {
               "long_name" : "Arizona",
               "short_name" : "AZ",
               "types" : [ "administrative_area_level_1", "political" ]
            },
            {
               "long_name" : "United States",
               "short_name" : "US",
               "types" : [ "country", "political" ]
            }
         ],
         "formatted_address" : "Mesa, AZ, USA",
         "geometry" : {
            "bounds" : {
               "northeast" : {
                  "lat" : 33.513376,
                  "lng" : -111.580636
               },
               "southwest" : {
                  "lat" : 33.2776239,
                  "lng" : -111.894881
               }
            },
            "location" : {
               "lat" : 33.4151843,
               "lng" : -111.8314724
            },
            "location_type" : "APPROXIMATE",
            "viewport" : {
               "northeast" : {
                  "lat" : 33.513376,
                  "lng" : -111.580636
               },
               "southwest" : {
                  "lat" : 33.2776239,
                  "lng" : -111.894881
               }
            }
         },
         "place_id" : "ChIJwZLFwMKnK4cRG3dOaRXCD9E",
         "types" : [ "locality", "political" ]
      }
   ],
   "status" : "OK"
}
