{
   "results" : [
      {
         "address_components" : [
            {
               "long_name" : "Milton",
               "short_name" : "Milton",
               "types" : [ "locality", "political" ]
            },
            {
               "long_name" : "Santa Rosa County",
               "short_name" : "Santa Rosa County",
               "types" : [ "administrative_area_level_2", "political" ]
            },
            {
               "long_name" : "Florida",
               "short_name" : "FL",
               "types" : [ "administrative_area_level_1", "political" ]
            },
            {
               "long_name" : "United States",
               "short_name" : "US",
               "types" : [ "country", "political" ]
            }
         ],
         "formatted_address" : "Milton, FL, USA",
         "geometry" : {
            "bounds" : {
               "northeast" : {
                  "lat" : 30.654403,
                  "lng" : -87.02937209999999
               },
               "southwest" : {
                  "lat" : 30.6021719,
                  "lng" : -87.0772789
               }
            },
            "location" : {
               "lat" : 30.6324149,
               "lng" : -87.03968809999999
            },
            "location_type" : "APPROXIMATE",
            "viewport" : {
               "northeast" : {
                  "lat" : 30.654403,
                  "lng" : -87.02937209999999
               },
               "southwest" : {
                  "lat" : 30.6021719,
                  "lng" : -87.0772789
               }
            }
         },
         "place_id" : "ChIJyZc-EXjlkIgRAMQ6RndMBwc",
         "types" : [ "locality", "political" ]
      }
   ],
   "status" : "OK"
}
