{
   "results" : [
      {
         "address_components" : [
            {
               "long_name" : "Milwaukee",
               "short_name" : "Milwaukee",
               "types" : [ "locality", "political" ]
            },
            {
               "long_name" : "Milwaukee County",
               "short_name" : "Milwaukee County",
               "types" : [ "administrative_area_level_2", "political" ]
            },
            {
               "long_name" : "Wisconsin",
               "short_name" : "WI",
               "types" : [ "administrative_area_level_1", "political" ]
            },
            {
               "long_name" : "United States",
               "short_name" : "US",
               "types" : [ "country", "political" ]
            }
         ],
         "formatted_address" : "Milwaukee, WI, USA",
         "geometry" : {
            "bounds" : {
               "northeast" : {
                  "lat" : 43.1949671,
                  "lng" : -87.8639841
               },
               "southwest" : {
                  "lat" : 42.9208158,
                  "lng" : -88.070876
               }
            },
            "location" : {
               "lat" : 43.0389025,
               "lng" : -87.9064736
            },
            "location_type" : "APPROXIMATE",
            "viewport" : {
               "northeast" : {
                  "lat" : 43.1949671,
                  "lng" : -87.8639841
               },
               "southwest" : {
                  "lat" : 42.9208158,
                  "lng" : -88.070876
               }
            }
         },
         "place_id" : "ChIJ50eLV9cCBYgRhHtBtSIZX0Q",
         "types" : [ "locality", "political" ]
      }
   ],
   "status" : "OK"
}
