{
   "results" : [
      {
         "address_components" : [
            {
               "long_name" : "Moncton",
               "short_name" : "Moncton",
               "types" : [ "locality", "political" ]
            },
            {
               "long_name" : "Westmorland County",
               "short_name" : "Westmorland County",
               "types" : [ "administrative_area_level_2", "political" ]
            },
            {
               "long_name" : "New Brunswick",
               "short_name" : "NB",
               "types" : [ "administrative_area_level_1", "political" ]
            },
            {
               "long_name" : "Canada",
               "short_name" : "CA",
               "types" : [ "country", "political" ]
            }
         ],
         "formatted_address" : "Moncton, NB, Canada",
         "geometry" : {
            "bounds" : {
               "northeast" : {
                  "lat" : 46.1770749,
                  "lng" : -64.685829
               },
               "southwest" : {
                  "lat" : 46.049435,
                  "lng" : -64.91537219999999
               }
            },
            "location" : {
               "lat" : 46.0878165,
               "lng" : -64.7782313
            },
            "location_type" : "APPROXIMATE",
            "viewport" : {
               "northeast" : {
                  "lat" : 46.1770749,
                  "lng" : -64.685829
               },
               "southwest" : {
                  "lat" : 46.049435,
                  "lng" : -64.91537219999999
               }
            }
         },
         "place_id" : "ChIJZRfUGCm5oEwRxGNOOjMKwQ0",
         "types" : [ "locality", "political" ]
      }
   ],
   "status" : "OK"
}
