{
   "results" : [
      {
         "address_components" : [
            {
               "long_name" : "Monterey",
               "short_name" : "Monterey",
               "types" : [ "locality", "political" ]
            },
            {
               "long_name" : "Monterey County",
               "short_name" : "Monterey County",
               "types" : [ "administrative_area_level_2", "political" ]
            },
            {
               "long_name" : "California",
               "short_name" : "CA",
               "types" : [ "administrative_area_level_1", "political" ]
            },
            {
               "long_name" : "United States",
               "short_name" : "US",
               "types" : [ "country", "political" ]
            }
         ],
         "formatted_address" : "Monterey, CA, USA",
         "geometry" : {
            "bounds" : {
               "northeast" : {
                  "lat" : 36.6184907,
                  "lng" : -121.8081099
               },
               "southwest" : {
                  "lat" : 36.5702451,
                  "lng" : -121.926888
               }
            },
            "location" : {
               "lat" : 36.6002378,
               "lng" : -121.8946761
            },
            "location_type" : "APPROXIMATE",
            "viewport" : {
               "northeast" : {
                  "lat" : 36.6184907,
                  "lng" : -121.8081099
               },
               "southwest" : {
                  "lat" : 36.5702451,
                  "lng" : -121.926888
               }
            }
         },
         "place_id" : "ChIJkfu1cFLkjYARXj1K2AlJSO4",
         "types" : [ "locality", "political" ]
      }
   ],
   "status" : "OK"
}
