{
   "results" : [
      {
         "address_components" : [
            {
               "long_name" : "Mordialloc",
               "short_name" : "Mordialloc",
               "types" : [ "locality", "political" ]
            },
            {
               "long_name" : "Victoria",
               "short_name" : "VIC",
               "types" : [ "administrative_area_level_1", "political" ]
            },
            {
               "long_name" : "Australia",
               "short_name" : "AU",
               "types" : [ "country", "political" ]
            },
            {
               "long_name" : "3195",
               "short_name" : "3195",
               "types" : [ "postal_code" ]
            }
         ],
         "formatted_address" : "Mordialloc VIC 3195, Australia",
         "geometry" : {
            "bounds" : {
               "northeast" : {
                  "lat" : -37.9847742,
                  "lng" : 145.1093929
               },
               "southwest" : {
                  "lat" : -38.0117547,
                  "lng" : 145.0810668
               }
            },
            "location" : {
               "lat" : -38.0065242,
               "lng" : 145.0863336
            },
            "location_type" : "APPROXIMATE",
            "viewport" : {
               "northeast" : {
                  "lat" : -37.9847742,
                  "lng" : 145.1093929
               },
               "southwest" : {
                  "lat" : -38.0117547,
                  "lng" : 145.0810668
               }
            }
         },
         "place_id" : "ChIJUTW5madt1moR0N-MIXVWBAU",
         "types" : [ "locality", "political" ]
      }
   ],
   "status" : "OK"
}
