{
   "results" : [
      {
         "address_components" : [
            {
               "long_name" : "Mount Forest",
               "short_name" : "Mount Forest",
               "types" : [ "locality", "political" ]
            },
            {
               "long_name" : "Wellington North",
               "short_name" : "Wellington North",
               "types" : [ "administrative_area_level_3", "political" ]
            },
            {
               "long_name" : "Wellington County",
               "short_name" : "Wellington County",
               "types" : [ "administrative_area_level_2", "political" ]
            },
            {
               "long_name" : "Ontario",
               "short_name" : "ON",
               "types" : [ "administrative_area_level_1", "political" ]
            },
            {
               "long_name" : "Canada",
               "short_name" : "CA",
               "types" : [ "country", "political" ]
            },
            {
               "long_name" : "N0G",
               "short_name" : "N0G",
               "types" : [ "postal_code_prefix", "postal_code" ]
            }
         ],
         "formatted_address" : "Mount Forest, ON N0G, Canada",
         "geometry" : {
            "bounds" : {
               "northeast" : {
                  "lat" : 43.9962719,
                  "lng" : -80.7123055
               },
               "southwest" : {
                  "lat" : 43.9658044,
                  "lng" : -80.75927799999999
               }
            },
            "location" : {
               "lat" : 43.981093,
               "lng" : -80.73586530000001
            },
            "location_type" : "APPROXIMATE",
            "viewport" : {
               "northeast" : {
                  "lat" : 43.9962719,
                  "lng" : -80.7123055
               },
               "southwest" : {
                  "lat" : 43.9658044,
                  "lng" : -80.75927799999999
               }
            }
         },
         "place_id" : "ChIJ4WM6bX3UK4gRmWOaO-A_mN0",
         "types" : [ "locality", "political" ]
      }
   ],
   "status" : "OK"
}
