{
   "results" : [
      {
         "address_components" : [
            {
               "long_name" : "Mount Vernon",
               "short_name" : "Mt Vernon",
               "types" : [ "locality", "political" ]
            },
            {
               "long_name" : "Knox County",
               "short_name" : "Knox County",
               "types" : [ "administrative_area_level_2", "political" ]
            },
            {
               "long_name" : "Ohio",
               "short_name" : "OH",
               "types" : [ "administrative_area_level_1", "political" ]
            },
            {
               "long_name" : "United States",
               "short_name" : "US",
               "types" : [ "country", "political" ]
            },
            {
               "long_name" : "43050",
               "short_name" : "43050",
               "types" : [ "postal_code" ]
            }
         ],
         "formatted_address" : "Mt Vernon, OH 43050, USA",
         "geometry" : {
            "bounds" : {
               "northeast" : {
                  "lat" : 40.4192679,
                  "lng" : -82.4302428
               },
               "southwest" : {
                  "lat" : 40.3378579,
                  "lng" : -82.517196
               }
            },
            "location" : {
               "lat" : 40.3933956,
               "lng" : -82.4857181
            },
            "location_type" : "APPROXIMATE",
            "viewport" : {
               "northeast" : {
                  "lat" : 40.4192679,
                  "lng" : -82.4302428
               },
               "southwest" : {
                  "lat" : 40.3378579,
                  "lng" : -82.517196
               }
            }
         },
         "place_id" : "ChIJt6fu7ao0OIgR1uZJyQu_dXg",
         "types" : [ "locality", "political" ]
      }
   ],
   "status" : "OK"
}
