{
   "results" : [
      {
         "address_components" : [
            {
               "long_name" : "Mount Pleasant",
               "short_name" : "Mt Pleasant",
               "types" : [ "locality", "political" ]
            },
            {
               "long_name" : "Isabella County",
               "short_name" : "Isabella County",
               "types" : [ "administrative_area_level_2", "political" ]
            },
            {
               "long_name" : "Michigan",
               "short_name" : "MI",
               "types" : [ "administrative_area_level_1", "political" ]
            },
            {
               "long_name" : "United States",
               "short_name" : "US",
               "types" : [ "country", "political" ]
            }
         ],
         "formatted_address" : "Mt Pleasant, MI, USA",
         "geometry" : {
            "bounds" : {
               "northeast" : {
                  "lat" : 43.6264709,
                  "lng" : -84.73786699999999
               },
               "southwest" : {
                  "lat" : 43.567944,
                  "lng" : -84.802802
               }
            },
            "location" : {
               "lat" : 43.59780749999999,
               "lng" : -84.7675139
            },
            "location_type" : "APPROXIMATE",
            "viewport" : {
               "northeast" : {
                  "lat" : 43.6264709,
                  "lng" : -84.73786699999999
               },
               "southwest" : {
                  "lat" : 43.567944,
                  "lng" : -84.802802
               }
            }
         },
         "place_id" : "ChIJrfliRh0DIogR29UizBms1nk",
         "types" : [ "locality", "political" ]
      }
   ],
   "status" : "OK"
}
