{
   "results" : [
      {
         "address_components" : [
            {
               "long_name" : "Muncie",
               "short_name" : "Muncie",
               "types" : [ "locality", "political" ]
            },
            {
               "long_name" : "Center Township",
               "short_name" : "Center Township",
               "types" : [ "administrative_area_level_3", "political" ]
            },
            {
               "long_name" : "Delaware County",
               "short_name" : "Delaware County",
               "types" : [ "administrative_area_level_2", "political" ]
            },
            {
               "long_name" : "Indiana",
               "short_name" : "IN",
               "types" : [ "administrative_area_level_1", "political" ]
            },
            {
               "long_name" : "United States",
               "short_name" : "US",
               "types" : [ "country", "political" ]
            }
         ],
         "formatted_address" : "Muncie, IN, USA",
         "geometry" : {
            "bounds" : {
               "northeast" : {
                  "lat" : 40.2406969,
                  "lng" : -85.320673
               },
               "southwest" : {
                  "lat" : 40.1491029,
                  "lng" : -85.454449
               }
            },
            "location" : {
               "lat" : 40.1933767,
               "lng" : -85.3863599
            },
            "location_type" : "APPROXIMATE",
            "viewport" : {
               "northeast" : {
                  "lat" : 40.2406969,
                  "lng" : -85.320673
               },
               "southwest" : {
                  "lat" : 40.1491029,
                  "lng" : -85.454449
               }
            }
         },
         "place_id" : "ChIJr671sKY9FYgRpxssriX_irg",
         "types" : [ "locality", "political" ]
      }
   ],
   "status" : "OK"
}
