{
   "results" : [
      {
         "address_components" : [
            {
               "long_name" : "Murcia",
               "short_name" : "Murcia",
               "types" : [ "locality", "political" ]
            },
            {
               "long_name" : "Murcia",
               "short_name" : "Murcia",
               "types" : [ "administrative_area_level_4", "political" ]
            },
            {
               "long_name" : "Huerta de Murcia",
               "short_name" : "Huerta de Murcia",
               "types" : [ "administrative_area_level_3", "political" ]
            },
            {
               "long_name" : "Murcia",
               "short_name" : "MU",
               "types" : [ "administrative_area_level_2", "political" ]
            },
            {
               "long_name" : "Región de Murcia",
               "short_name" : "Región de Murcia",
               "types" : [ "administrative_area_level_1", "political" ]
            },
            {
               "long_name" : "Spain",
               "short_name" : "ES",
               "types" : [ "country", "political" ]
            }
         ],
         "formatted_address" : "Murcia, Murcia, Spain",
         "geometry" : {
            "bounds" : {
               "northeast" : {
                  "lat" : 38.0122586,
                  "lng" : -1.10097
               },
               "southwest" : {
                  "lat" : 37.9488062,
                  "lng" : -1.1533806
               }
            },
            "location" : {
               "lat" : 37.9922399,
               "lng" : -1.1306544
            },
            "location_type" : "APPROXIMATE",
            "viewport" : {
               "northeast" : {
                  "lat" : 38.0122586,
                  "lng" : -1.10097
               },
               "southwest" : {
                  "lat" : 37.9488062,
                  "lng" : -1.1533806
               }
            }
         },
         "place_id" : "ChIJf4yS1fiBYw0RmqvEOJsSJ9Y",
         "types" : [ "locality", "political" ]
      }
   ],
   "status" : "OK"
}
