{
   "results" : [
      {
         "address_components" : [
            {
               "long_name" : "Nimes",
               "short_name" : "Nimes",
               "types" : [ "locality", "political" ]
            },
            {
               "long_name" : "Gard",
               "short_name" : "Gard",
               "types" : [ "administrative_area_level_2", "political" ]
            },
            {
               "long_name" : "Languedoc-Roussillon",
               "short_name" : "Languedoc-Roussillon",
               "types" : [ "administrative_area_level_1", "political" ]
            },
            {
               "long_name" : "France",
               "short_name" : "FR",
               "types" : [ "country", "political" ]
            }
         ],
         "formatted_address" : "Nimes, France",
         "geometry" : {
            "bounds" : {
               "northeast" : {
                  "lat" : 43.92288,
                  "lng" : 4.449917
               },
               "southwest" : {
                  "lat" : 43.7414381,
                  "lng" : 4.2357901
               }
            },
            "location" : {
               "lat" : 43.836699,
               "lng" : 4.360054
            },
            "location_type" : "APPROXIMATE",
            "viewport" : {
               "northeast" : {
                  "lat" : 43.92288,
                  "lng" : 4.449917
               },
               "southwest" : {
                  "lat" : 43.7414381,
                  "lng" : 4.2357901
               }
            }
         },
         "place_id" : "ChIJOVPo1gsttBIRAwwgn08TiN4",
         "types" : [ "locality", "political" ]
      }
   ],
   "status" : "OK"
}
