{
   "results" : [
      {
         "address_components" : [
            {
               "long_name" : "Nancy",
               "short_name" : "Nancy",
               "types" : [ "locality", "political" ]
            },
            {
               "long_name" : "Lorraine",
               "short_name" : "Lorraine",
               "types" : [ "colloquial_area", "political" ]
            },
            {
               "long_name" : "Meurthe-et-Moselle",
               "short_name" : "Meurthe-et-Moselle",
               "types" : [ "administrative_area_level_2", "political" ]
            },
            {
               "long_name" : "Alsace-Champagne-Ardenne-Lorraine",
               "short_name" : "Alsace-Champagne-Ardenne-Lorraine",
               "types" : [ "administrative_area_level_1", "political" ]
            },
            {
               "long_name" : "France",
               "short_name" : "FR",
               "types" : [ "country", "political" ]
            }
         ],
         "formatted_address" : "Nancy, France",
         "geometry" : {
            "bounds" : {
               "northeast" : {
                  "lat" : 48.7092969,
                  "lng" : 6.2126329
               },
               "southwest" : {
                  "lat" : 48.66686499999999,
                  "lng" : 6.134240999999999
               }
            },
            "location" : {
               "lat" : 48.692054,
               "lng" : 6.184417
            },
            "location_type" : "APPROXIMATE",
            "viewport" : {
               "northeast" : {
                  "lat" : 48.7092969,
                  "lng" : 6.2126329
               },
               "southwest" : {
                  "lat" : 48.66686499999999,
                  "lng" : 6.134240999999999
               }
            }
         },
         "place_id" : "ChIJzZKmF26YlEcRjUmCDbFx1k4",
         "types" : [ "locality", "political" ]
      }
   ],
   "status" : "OK"
}
