{
   "results" : [
      {
         "address_components" : [
            {
               "long_name" : "Nelson",
               "short_name" : "Nelson",
               "types" : [ "locality", "political" ]
            },
            {
               "long_name" : "Nelson City",
               "short_name" : "Nelson City",
               "types" : [ "administrative_area_level_2", "political" ]
            },
            {
               "long_name" : "Nelson",
               "short_name" : "Nelson",
               "types" : [ "administrative_area_level_1", "political" ]
            },
            {
               "long_name" : "New Zealand",
               "short_name" : "NZ",
               "types" : [ "country", "political" ]
            }
         ],
         "formatted_address" : "Nelson, New Zealand",
         "geometry" : {
            "bounds" : {
               "northeast" : {
                  "lat" : -41.22283849999999,
                  "lng" : 173.342576
               },
               "southwest" : {
                  "lat" : -41.347096,
                  "lng" : 173.189612
               }
            },
            "location" : {
               "lat" : -41.2706319,
               "lng" : 173.2839653
            },
            "location_type" : "APPROXIMATE",
            "viewport" : {
               "northeast" : {
                  "lat" : -41.22283849999999,
                  "lng" : 173.342576
               },
               "southwest" : {
                  "lat" : -41.347096,
                  "lng" : 173.189612
               }
            }
         },
         "place_id" : "ChIJfS63kcTsO20RgKSW54jvAAo",
         "types" : [ "locality", "political" ]
      },
      {
         "address_components" : [
            {
               "long_name" : "Nelson",
               "short_name" : "Nelson",
               "types" : [ "sublocality_level_1", "sublocality", "political" ]
            },
            {
               "long_name" : "Nelson",
               "short_name" : "Nelson",
               "types" : [ "locality", "political" ]
            },
            {
               "long_name" : "Nelson City",
               "short_name" : "Nelson City",
               "types" : [ "administrative_area_level_2", "political" ]
            },
            {
               "long_name" : "Nelson",
               "short_name" : "Nelson",
               "types" : [ "administrative_area_level_1", "political" ]
            },
            {
               "long_name" : "New Zealand",
               "short_name" : "NZ",
               "types" : [ "country", "political" ]
            },
            {
               "long_name" : "7010",
               "short_name" : "7010",
               "types" : [ "postal_code" ]
            }
         ],
         "formatted_address" : "Nelson, Nelson 7010, New Zealand",
         "geometry" : {
            "bounds" : {
               "northeast" : {
                  "lat" : -41.2654,
                  "lng" : 173.298033
               },
               "southwest" : {
                  "lat" : -41.281301,
                  "lng" : 173.275856
               }
            },
            "location" : {
               "lat" : -41.270664,
               "lng" : 173.2840046
            },
            "location_type" : "APPROXIMATE",
            "viewport" : {
               "northeast" : {
                  "lat" : -41.2654,
                  "lng" : 173.298033
               },
               "southwest" : {
                  "lat" : -41.281301,
                  "lng" : 173.275856
               }
            }
         },
         "place_id" : "ChIJL-nsIA_tO20R4JJ5hIbvAAU",
         "types" : [ "sublocality_level_1", "sublocality", "political" ]
      }
   ],
   "status" : "OK"
}
