{
   "results" : [
      {
         "address_components" : [
            {
               "long_name" : "Nelson",
               "short_name" : "Nelson",
               "types" : [ "locality", "political" ]
            },
            {
               "long_name" : "Central Kootenay",
               "short_name" : "Central Kootenay",
               "types" : [ "administrative_area_level_2", "political" ]
            },
            {
               "long_name" : "British Columbia",
               "short_name" : "BC",
               "types" : [ "administrative_area_level_1", "political" ]
            },
            {
               "long_name" : "Canada",
               "short_name" : "CA",
               "types" : [ "country", "political" ]
            }
         ],
         "formatted_address" : "Nelson, BC, Canada",
         "geometry" : {
            "bounds" : {
               "northeast" : {
                  "lat" : 49.5182204,
                  "lng" : -117.26131
               },
               "southwest" : {
                  "lat" : 49.47258,
                  "lng" : -117.3146701
               }
            },
            "location" : {
               "lat" : 49.4928119,
               "lng" : -117.2948343
            },
            "location_type" : "APPROXIMATE",
            "viewport" : {
               "northeast" : {
                  "lat" : 49.5182204,
                  "lng" : -117.26131
               },
               "southwest" : {
                  "lat" : 49.47258,
                  "lng" : -117.3146701
               }
            }
         },
         "place_id" : "ChIJcbhrHB-0fFMRwrwgFoZUAG0",
         "types" : [ "locality", "political" ]
      }
   ],
   "status" : "OK"
}
