{
   "results" : [
      {
         "address_components" : [
            {
               "long_name" : "Niagara Falls",
               "short_name" : "Niagara Falls",
               "types" : [ "locality", "political" ]
            },
            {
               "long_name" : "Niagara Regional Municipality",
               "short_name" : "Niagara Regional Municipality",
               "types" : [ "administrative_area_level_2", "political" ]
            },
            {
               "long_name" : "Ontario",
               "short_name" : "ON",
               "types" : [ "administrative_area_level_1", "political" ]
            },
            {
               "long_name" : "Canada",
               "short_name" : "CA",
               "types" : [ "country", "political" ]
            }
         ],
         "formatted_address" : "Niagara Falls, ON, Canada",
         "geometry" : {
            "bounds" : {
               "northeast" : {
                  "lat" : 43.148289,
                  "lng" : -78.999667
               },
               "southwest" : {
                  "lat" : 42.95957600000001,
                  "lng" : -79.17640209999999
               }
            },
            "location" : {
               "lat" : 43.0895577,
               "lng" : -79.0849436
            },
            "location_type" : "APPROXIMATE",
            "viewport" : {
               "northeast" : {
                  "lat" : 43.148289,
                  "lng" : -78.999667
               },
               "southwest" : {
                  "lat" : 42.95957600000001,
                  "lng" : -79.17640209999999
               }
            }
         },
         "partial_match" : true,
         "place_id" : "ChIJuU2C7F5E04kRiKK9VmHF0kY",
         "types" : [ "locality", "political" ]
      }
   ],
   "status" : "OK"
}
