{
   "results" : [
      {
         "address_components" : [
            {
               "long_name" : "Norfolk",
               "short_name" : "Norfolk",
               "types" : [ "locality", "political" ]
            },
            {
               "long_name" : "Madison County",
               "short_name" : "Madison County",
               "types" : [ "administrative_area_level_2", "political" ]
            },
            {
               "long_name" : "Nebraska",
               "short_name" : "NE",
               "types" : [ "administrative_area_level_1", "political" ]
            },
            {
               "long_name" : "United States",
               "short_name" : "US",
               "types" : [ "country", "political" ]
            },
            {
               "long_name" : "68701",
               "short_name" : "68701",
               "types" : [ "postal_code" ]
            }
         ],
         "formatted_address" : "Norfolk, NE 68701, USA",
         "geometry" : {
            "bounds" : {
               "northeast" : {
                  "lat" : 42.0601929,
                  "lng" : -97.380083
               },
               "southwest" : {
                  "lat" : 42.0023099,
                  "lng" : -97.46638709999999
               }
            },
            "location" : {
               "lat" : 42.03272339999999,
               "lng" : -97.41375529999999
            },
            "location_type" : "APPROXIMATE",
            "viewport" : {
               "northeast" : {
                  "lat" : 42.0601929,
                  "lng" : -97.380083
               },
               "southwest" : {
                  "lat" : 42.0023099,
                  "lng" : -97.46638709999999
               }
            }
         },
         "place_id" : "ChIJwRjn28k_kIcRNOb2D4bJbMA",
         "types" : [ "locality", "political" ]
      }
   ],
   "status" : "OK"
}
