{
   "results" : [
      {
         "address_components" : [
            {
               "long_name" : "Northwich",
               "short_name" : "Northwich",
               "types" : [ "locality", "political" ]
            },
            {
               "long_name" : "Northwich",
               "short_name" : "Northwich",
               "types" : [ "postal_town" ]
            },
            {
               "long_name" : "Cheshire West and Chester",
               "short_name" : "Cheshire West and Chester",
               "types" : [ "administrative_area_level_2", "political" ]
            },
            {
               "long_name" : "England",
               "short_name" : "England",
               "types" : [ "administrative_area_level_1", "political" ]
            },
            {
               "long_name" : "United Kingdom",
               "short_name" : "GB",
               "types" : [ "country", "political" ]
            }
         ],
         "formatted_address" : "Northwich, Northwich, Cheshire West and Chester, UK",
         "geometry" : {
            "bounds" : {
               "northeast" : {
                  "lat" : 53.2726706,
                  "lng" : -2.4731312
               },
               "southwest" : {
                  "lat" : 53.2364238,
                  "lng" : -2.5583662
               }
            },
            "location" : {
               "lat" : 53.25868029999999,
               "lng" : -2.5181321
            },
            "location_type" : "APPROXIMATE",
            "viewport" : {
               "northeast" : {
                  "lat" : 53.2726706,
                  "lng" : -2.4731312
               },
               "southwest" : {
                  "lat" : 53.2364238,
                  "lng" : -2.5583662
               }
            }
         },
         "partial_match" : true,
         "place_id" : "ChIJVVvFxYZVekgRoiCmlI_CsnM",
         "types" : [ "locality", "political" ]
      }
   ],
   "status" : "OK"
}
