{
   "results" : [
      {
         "address_components" : [
            {
               "long_name" : "North Platte",
               "short_name" : "North Platte",
               "types" : [ "locality", "political" ]
            },
            {
               "long_name" : "North Platte",
               "short_name" : "North Platte",
               "types" : [ "administrative_area_level_3", "political" ]
            },
            {
               "long_name" : "Lincoln County",
               "short_name" : "Lincoln County",
               "types" : [ "administrative_area_level_2", "political" ]
            },
            {
               "long_name" : "Nebraska",
               "short_name" : "NE",
               "types" : [ "administrative_area_level_1", "political" ]
            },
            {
               "long_name" : "United States",
               "short_name" : "US",
               "types" : [ "country", "political" ]
            },
            {
               "long_name" : "69101",
               "short_name" : "69101",
               "types" : [ "postal_code" ]
            }
         ],
         "formatted_address" : "North Platte, NE 69101, USA",
         "geometry" : {
            "bounds" : {
               "northeast" : {
                  "lat" : 41.1653759,
                  "lng" : -100.7040619
               },
               "southwest" : {
                  "lat" : 41.09001689999999,
                  "lng" : -100.815084
               }
            },
            "location" : {
               "lat" : 41.1402759,
               "lng" : -100.7601454
            },
            "location_type" : "APPROXIMATE",
            "viewport" : {
               "northeast" : {
                  "lat" : 41.1653759,
                  "lng" : -100.7040619
               },
               "southwest" : {
                  "lat" : 41.09001689999999,
                  "lng" : -100.815084
               }
            }
         },
         "place_id" : "ChIJC2k5k_kidocRy3ruabPvG-E",
         "types" : [ "locality", "political" ]
      }
   ],
   "status" : "OK"
}
