{
   "results" : [
      {
         "address_components" : [
            {
               "long_name" : "North Arlington",
               "short_name" : "North Arlington",
               "types" : [ "locality", "political" ]
            },
            {
               "long_name" : "Bergen County",
               "short_name" : "Bergen County",
               "types" : [ "administrative_area_level_2", "political" ]
            },
            {
               "long_name" : "New Jersey",
               "short_name" : "NJ",
               "types" : [ "administrative_area_level_1", "political" ]
            },
            {
               "long_name" : "United States",
               "short_name" : "US",
               "types" : [ "country", "political" ]
            }
         ],
         "formatted_address" : "North Arlington, NJ, USA",
         "geometry" : {
            "bounds" : {
               "northeast" : {
                  "lat" : 40.805282,
                  "lng" : -74.10238509999999
               },
               "southwest" : {
                  "lat" : 40.7701001,
                  "lng" : -74.1475289
               }
            },
            "location" : {
               "lat" : 40.788434,
               "lng" : -74.1331988
            },
            "location_type" : "APPROXIMATE",
            "viewport" : {
               "northeast" : {
                  "lat" : 40.805282,
                  "lng" : -74.10238509999999
               },
               "southwest" : {
                  "lat" : 40.7701001,
                  "lng" : -74.1475289
               }
            }
         },
         "place_id" : "ChIJzY97ANhVwokRyiV_1dQUqRs",
         "types" : [ "locality", "political" ]
      }
   ],
   "status" : "OK"
}
