{
   "results" : [
      {
         "address_components" : [
            {
               "long_name" : "North Battleford",
               "short_name" : "North Battleford",
               "types" : [ "locality", "political" ]
            },
            {
               "long_name" : "Division No. 16",
               "short_name" : "Division No. 16",
               "types" : [ "administrative_area_level_2", "political" ]
            },
            {
               "long_name" : "Saskatchewan",
               "short_name" : "SK",
               "types" : [ "administrative_area_level_1", "political" ]
            },
            {
               "long_name" : "Canada",
               "short_name" : "CA",
               "types" : [ "country", "political" ]
            }
         ],
         "formatted_address" : "North Battleford, SK, Canada",
         "geometry" : {
            "bounds" : {
               "northeast" : {
                  "lat" : 52.80812,
                  "lng" : -108.2293659
               },
               "southwest" : {
                  "lat" : 52.709625,
                  "lng" : -108.3442681
               }
            },
            "location" : {
               "lat" : 52.7764752,
               "lng" : -108.2974555
            },
            "location_type" : "APPROXIMATE",
            "viewport" : {
               "northeast" : {
                  "lat" : 52.80812,
                  "lng" : -108.2293659
               },
               "southwest" : {
                  "lat" : 52.709625,
                  "lng" : -108.3442681
               }
            }
         },
         "place_id" : "ChIJJbWyzjMEBlMR4zfRnXCILrI",
         "types" : [ "locality", "political" ]
      }
   ],
   "status" : "OK"
}
