{
   "results" : [
      {
         "address_components" : [
            {
               "long_name" : "Norwich",
               "short_name" : "Norwich",
               "types" : [ "locality", "political" ]
            },
            {
               "long_name" : "Norwich",
               "short_name" : "Norwich",
               "types" : [ "postal_town" ]
            },
            {
               "long_name" : "Norfolk",
               "short_name" : "Norfolk",
               "types" : [ "administrative_area_level_2", "political" ]
            },
            {
               "long_name" : "England",
               "short_name" : "England",
               "types" : [ "administrative_area_level_1", "political" ]
            },
            {
               "long_name" : "United Kingdom",
               "short_name" : "GB",
               "types" : [ "country", "political" ]
            }
         ],
         "formatted_address" : "Norwich, Norwich, Norfolk, UK",
         "geometry" : {
            "bounds" : {
               "northeast" : {
                  "lat" : 52.6858357,
                  "lng" : 1.3786135
               },
               "southwest" : {
                  "lat" : 52.5944502,
                  "lng" : 1.1950855
               }
            },
            "location" : {
               "lat" : 52.6308859,
               "lng" : 1.297355
            },
            "location_type" : "APPROXIMATE",
            "viewport" : {
               "northeast" : {
                  "lat" : 52.6858357,
                  "lng" : 1.3786135
               },
               "southwest" : {
                  "lat" : 52.5944502,
                  "lng" : 1.1950855
               }
            }
         },
         "place_id" : "ChIJE_UzUdWq0EcRL0USDuClTGg",
         "types" : [ "locality", "political" ]
      }
   ],
   "status" : "OK"
}
