{
   "results" : [
      {
         "address_components" : [
            {
               "long_name" : "Orange",
               "short_name" : "Orange",
               "types" : [ "locality", "political" ]
            },
            {
               "long_name" : "Orange County",
               "short_name" : "Orange County",
               "types" : [ "administrative_area_level_2", "political" ]
            },
            {
               "long_name" : "Texas",
               "short_name" : "TX",
               "types" : [ "administrative_area_level_1", "political" ]
            },
            {
               "long_name" : "United States",
               "short_name" : "US",
               "types" : [ "country", "political" ]
            }
         ],
         "formatted_address" : "Orange, TX, USA",
         "geometry" : {
            "bounds" : {
               "northeast" : {
                  "lat" : 30.204707,
                  "lng" : -93.70061199999999
               },
               "southwest" : {
                  "lat" : 30.0532319,
                  "lng" : -93.90094209999999
               }
            },
            "location" : {
               "lat" : 30.0929879,
               "lng" : -93.7365549
            },
            "location_type" : "APPROXIMATE",
            "viewport" : {
               "northeast" : {
                  "lat" : 30.204707,
                  "lng" : -93.70061199999999
               },
               "southwest" : {
                  "lat" : 30.0532319,
                  "lng" : -93.90094209999999
               }
            }
         },
         "place_id" : "ChIJ859qsElVOYYRNEN8KgzA0fw",
         "types" : [ "locality", "political" ]
      }
   ],
   "status" : "OK"
}
