{
   "results" : [
      {
         "address_components" : [
            {
               "long_name" : "Oskaloosa",
               "short_name" : "Oskaloosa",
               "types" : [ "locality", "political" ]
            },
            {
               "long_name" : "Mahaska County",
               "short_name" : "Mahaska County",
               "types" : [ "administrative_area_level_2", "political" ]
            },
            {
               "long_name" : "Iowa",
               "short_name" : "IA",
               "types" : [ "administrative_area_level_1", "political" ]
            },
            {
               "long_name" : "United States",
               "short_name" : "US",
               "types" : [ "country", "political" ]
            }
         ],
         "formatted_address" : "Oskaloosa, IA, USA",
         "geometry" : {
            "bounds" : {
               "northeast" : {
                  "lat" : 41.32008889999999,
                  "lng" : -92.5884081
               },
               "southwest" : {
                  "lat" : 41.2600489,
                  "lng" : -92.67905490000001
               }
            },
            "location" : {
               "lat" : 41.2916728,
               "lng" : -92.6493595
            },
            "location_type" : "APPROXIMATE",
            "viewport" : {
               "northeast" : {
                  "lat" : 41.32008889999999,
                  "lng" : -92.5884081
               },
               "southwest" : {
                  "lat" : 41.2600489,
                  "lng" : -92.67905490000001
               }
            }
         },
         "partial_match" : true,
         "place_id" : "ChIJ-1hBUaBN74cRZuF_-Rn94jo",
         "types" : [ "locality", "political" ]
      }
   ],
   "status" : "OK"
}
