{
   "results" : [
      {
         "address_components" : [
            {
               "long_name" : "Paducah",
               "short_name" : "Paducah",
               "types" : [ "locality", "political" ]
            },
            {
               "long_name" : "McCracken County",
               "short_name" : "McCracken County",
               "types" : [ "administrative_area_level_2", "political" ]
            },
            {
               "long_name" : "Kentucky",
               "short_name" : "KY",
               "types" : [ "administrative_area_level_1", "political" ]
            },
            {
               "long_name" : "United States",
               "short_name" : "US",
               "types" : [ "country", "political" ]
            }
         ],
         "formatted_address" : "Paducah, KY, USA",
         "geometry" : {
            "bounds" : {
               "northeast" : {
                  "lat" : 37.105213,
                  "lng" : -88.56063789999999
               },
               "southwest" : {
                  "lat" : 37.0368329,
                  "lng" : -88.7329
               }
            },
            "location" : {
               "lat" : 37.0833893,
               "lng" : -88.6000478
            },
            "location_type" : "APPROXIMATE",
            "viewport" : {
               "northeast" : {
                  "lat" : 37.105213,
                  "lng" : -88.56063789999999
               },
               "southwest" : {
                  "lat" : 37.0368329,
                  "lng" : -88.7329
               }
            }
         },
         "place_id" : "ChIJw4Uv0WAQeogRJbkMhVBMwh0",
         "types" : [ "locality", "political" ]
      }
   ],
   "status" : "OK"
}
