{
   "results" : [
      {
         "address_components" : [
            {
               "long_name" : "Palermo",
               "short_name" : "Palermo",
               "types" : [ "locality", "political" ]
            },
            {
               "long_name" : "Palermo",
               "short_name" : "Palermo",
               "types" : [ "administrative_area_level_3", "political" ]
            },
            {
               "long_name" : "Provincia di Palermo",
               "short_name" : "PA",
               "types" : [ "administrative_area_level_2", "political" ]
            },
            {
               "long_name" : "Sicilia",
               "short_name" : "Sicilia",
               "types" : [ "administrative_area_level_1", "political" ]
            },
            {
               "long_name" : "Italy",
               "short_name" : "IT",
               "types" : [ "country", "political" ]
            }
         ],
         "formatted_address" : "Palermo, Italy",
         "geometry" : {
            "bounds" : {
               "northeast" : {
                  "lat" : 38.2194316,
                  "lng" : 13.4471566
               },
               "southwest" : {
                  "lat" : 38.0615392,
                  "lng" : 13.2674205
               }
            },
            "location" : {
               "lat" : 38.1156879,
               "lng" : 13.3612671
            },
            "location_type" : "APPROXIMATE",
            "viewport" : {
               "northeast" : {
                  "lat" : 38.2194316,
                  "lng" : 13.4471566
               },
               "southwest" : {
                  "lat" : 38.0615392,
                  "lng" : 13.2674205
               }
            }
         },
         "place_id" : "ChIJmdBOgcnoGRMRgNg7IywECwo",
         "types" : [ "locality", "political" ]
      }
   ],
   "status" : "OK"
}
