{
   "results" : [
      {
         "address_components" : [
            {
               "long_name" : "Palm Coast",
               "short_name" : "Palm Coast",
               "types" : [ "locality", "political" ]
            },
            {
               "long_name" : "Flagler County",
               "short_name" : "Flagler County",
               "types" : [ "administrative_area_level_2", "political" ]
            },
            {
               "long_name" : "Florida",
               "short_name" : "FL",
               "types" : [ "administrative_area_level_1", "political" ]
            },
            {
               "long_name" : "United States",
               "short_name" : "US",
               "types" : [ "country", "political" ]
            }
         ],
         "formatted_address" : "Palm Coast, FL, USA",
         "geometry" : {
            "bounds" : {
               "northeast" : {
                  "lat" : 29.6522963,
                  "lng" : -81.1524429
               },
               "southwest" : {
                  "lat" : 29.4137691,
                  "lng" : -81.30137390000002
               }
            },
            "location" : {
               "lat" : 29.5844524,
               "lng" : -81.20786989999999
            },
            "location_type" : "APPROXIMATE",
            "viewport" : {
               "northeast" : {
                  "lat" : 29.6522963,
                  "lng" : -81.1524429
               },
               "southwest" : {
                  "lat" : 29.4137691,
                  "lng" : -81.30137390000002
               }
            }
         },
         "place_id" : "ChIJo3fHkDaU5ogRklyWyFZW96Y",
         "types" : [ "locality", "political" ]
      }
   ],
   "status" : "OK"
}
