{
   "results" : [
      {
         "address_components" : [
            {
               "long_name" : "Paris",
               "short_name" : "Paris",
               "types" : [ "locality", "political" ]
            },
            {
               "long_name" : "Paris",
               "short_name" : "Paris",
               "types" : [ "administrative_area_level_2", "political" ]
            },
            {
               "long_name" : "Île-de-France",
               "short_name" : "Île-de-France",
               "types" : [ "administrative_area_level_1", "political" ]
            },
            {
               "long_name" : "France",
               "short_name" : "FR",
               "types" : [ "country", "political" ]
            }
         ],
         "formatted_address" : "Paris, France",
         "geometry" : {
            "bounds" : {
               "northeast" : {
                  "lat" : 48.9021449,
                  "lng" : 2.4699208
               },
               "southwest" : {
                  "lat" : 48.815573,
                  "lng" : 2.225193
               }
            },
            "location" : {
               "lat" : 48.856614,
               "lng" : 2.3522219
            },
            "location_type" : "APPROXIMATE",
            "viewport" : {
               "northeast" : {
                  "lat" : 48.9021449,
                  "lng" : 2.4699208
               },
               "southwest" : {
                  "lat" : 48.815573,
                  "lng" : 2.225193
               }
            }
         },
         "place_id" : "ChIJD7fiBh9u5kcRYJSMaMOCCwQ",
         "types" : [ "locality", "political" ]
      },
      {
         "address_components" : [
            {
               "long_name" : "Paris",
               "short_name" : "Paris",
               "types" : [ "sublocality_level_1", "sublocality", "political" ]
            },
            {
               "long_name" : "Salles",
               "short_name" : "Salles",
               "types" : [ "locality", "political" ]
            },
            {
               "long_name" : "Gironde",
               "short_name" : "Gironde",
               "types" : [ "administrative_area_level_2", "political" ]
            },
            {
               "long_name" : "Aquitaine",
               "short_name" : "Aquitaine",
               "types" : [ "administrative_area_level_1", "political" ]
            },
            {
               "long_name" : "France",
               "short_name" : "FR",
               "types" : [ "country", "political" ]
            },
            {
               "long_name" : "33770",
               "short_name" : "33770",
               "types" : [ "postal_code" ]
            }
         ],
         "formatted_address" : "Paris, 33770 Salles, France",
         "geometry" : {
            "location" : {
               "lat" : 44.562918,
               "lng" : -0.8655079999999999
            },
            "location_type" : "APPROXIMATE",
            "viewport" : {
               "northeast" : {
                  "lat" : 44.56426698029149,
                  "lng" : -0.864159019708498
               },
               "southwest" : {
                  "lat" : 44.56156901970849,
                  "lng" : -0.866856980291502
               }
            }
         },
         "place_id" : "ChIJt0HoUJ7tVA0RLqe2NDiDIAQ",
         "types" : [ "sublocality_level_1", "sublocality", "political" ]
      }
   ],
   "status" : "OK"
}
