{
   "results" : [
      {
         "address_components" : [
            {
               "long_name" : "Pearland",
               "short_name" : "Pearland",
               "types" : [ "locality", "political" ]
            },
            {
               "long_name" : "Brazoria County",
               "short_name" : "Brazoria County",
               "types" : [ "administrative_area_level_2", "political" ]
            },
            {
               "long_name" : "Texas",
               "short_name" : "TX",
               "types" : [ "administrative_area_level_1", "political" ]
            },
            {
               "long_name" : "United States",
               "short_name" : "US",
               "types" : [ "country", "political" ]
            }
         ],
         "formatted_address" : "Pearland, TX, USA",
         "geometry" : {
            "bounds" : {
               "northeast" : {
                  "lat" : 29.598039,
                  "lng" : -95.209571
               },
               "southwest" : {
                  "lat" : 29.495956,
                  "lng" : -95.4594609
               }
            },
            "location" : {
               "lat" : 29.5635666,
               "lng" : -95.2860474
            },
            "location_type" : "APPROXIMATE",
            "viewport" : {
               "northeast" : {
                  "lat" : 29.598039,
                  "lng" : -95.209571
               },
               "southwest" : {
                  "lat" : 29.495956,
                  "lng" : -95.4594609
               }
            }
         },
         "place_id" : "ChIJqTP-ppBYQIYR7syl9Ad1u8o",
         "types" : [ "locality", "political" ]
      }
   ],
   "status" : "OK"
}
