{
   "results" : [
      {
         "address_components" : [
            {
               "long_name" : "Pensacola",
               "short_name" : "Pensacola",
               "types" : [ "locality", "political" ]
            },
            {
               "long_name" : "Escambia County",
               "short_name" : "Escambia County",
               "types" : [ "administrative_area_level_2", "political" ]
            },
            {
               "long_name" : "Florida",
               "short_name" : "FL",
               "types" : [ "administrative_area_level_1", "political" ]
            },
            {
               "long_name" : "United States",
               "short_name" : "US",
               "types" : [ "country", "political" ]
            }
         ],
         "formatted_address" : "Pensacola, FL, USA",
         "geometry" : {
            "bounds" : {
               "northeast" : {
                  "lat" : 30.5105949,
                  "lng" : -87.14891829999999
               },
               "southwest" : {
                  "lat" : 30.3975569,
                  "lng" : -87.25878489999999
               }
            },
            "location" : {
               "lat" : 30.42130899999999,
               "lng" : -87.21691490000001
            },
            "location_type" : "APPROXIMATE",
            "viewport" : {
               "northeast" : {
                  "lat" : 30.5105949,
                  "lng" : -87.14891829999999
               },
               "southwest" : {
                  "lat" : 30.3975569,
                  "lng" : -87.25878489999999
               }
            }
         },
         "place_id" : "ChIJu6rLrEW_kIgRfGV5MW6axqc",
         "types" : [ "locality", "political" ]
      }
   ],
   "status" : "OK"
}
