{
   "results" : [
      {
         "address_components" : [
            {
               "long_name" : "Perth",
               "short_name" : "Perth",
               "types" : [ "locality", "political" ]
            },
            {
               "long_name" : "Perth",
               "short_name" : "Perth",
               "types" : [ "postal_town" ]
            },
            {
               "long_name" : "Perth and Kinross",
               "short_name" : "Perth and Kinross",
               "types" : [ "administrative_area_level_2", "political" ]
            },
            {
               "long_name" : "Scotland",
               "short_name" : "Scotland",
               "types" : [ "administrative_area_level_1", "political" ]
            },
            {
               "long_name" : "United Kingdom",
               "short_name" : "GB",
               "types" : [ "country", "political" ]
            }
         ],
         "formatted_address" : "Perth, Perth, Perth and Kinross, UK",
         "geometry" : {
            "bounds" : {
               "northeast" : {
                  "lat" : 56.4243391,
                  "lng" : -3.3914109
               },
               "southwest" : {
                  "lat" : 56.35653139999999,
                  "lng" : -3.5070933
               }
            },
            "location" : {
               "lat" : 56.394994,
               "lng" : -3.430838
            },
            "location_type" : "APPROXIMATE",
            "viewport" : {
               "northeast" : {
                  "lat" : 56.4243391,
                  "lng" : -3.3914109
               },
               "southwest" : {
                  "lat" : 56.35653139999999,
                  "lng" : -3.5070933
               }
            }
         },
         "place_id" : "ChIJA01I-8YVhkgRGJb0fW4UX7Y",
         "types" : [ "locality", "political" ]
      }
   ],
   "status" : "OK"
}
