{
   "results" : [
      {
         "address_components" : [
            {
               "long_name" : "Pleasanton",
               "short_name" : "Pleasanton",
               "types" : [ "locality", "political" ]
            },
            {
               "long_name" : "Alameda County",
               "short_name" : "Alameda County",
               "types" : [ "administrative_area_level_2", "political" ]
            },
            {
               "long_name" : "California",
               "short_name" : "CA",
               "types" : [ "administrative_area_level_1", "political" ]
            },
            {
               "long_name" : "United States",
               "short_name" : "US",
               "types" : [ "country", "political" ]
            }
         ],
         "formatted_address" : "Pleasanton, CA, USA",
         "geometry" : {
            "bounds" : {
               "northeast" : {
                  "lat" : 37.702692,
                  "lng" : -121.7992491
               },
               "southwest" : {
                  "lat" : 37.620168,
                  "lng" : -121.956157
               }
            },
            "location" : {
               "lat" : 37.6624312,
               "lng" : -121.8746789
            },
            "location_type" : "APPROXIMATE",
            "viewport" : {
               "northeast" : {
                  "lat" : 37.702692,
                  "lng" : -121.7992491
               },
               "southwest" : {
                  "lat" : 37.620168,
                  "lng" : -121.956157
               }
            }
         },
         "place_id" : "ChIJX3W6YaLpj4ARFn3q4Udoq7M",
         "types" : [ "locality", "political" ]
      }
   ],
   "status" : "OK"
}
