{
   "results" : [
      {
         "address_components" : [
            {
               "long_name" : "Plymouth",
               "short_name" : "Plymouth",
               "types" : [ "locality", "political" ]
            },
            {
               "long_name" : "Plymouth",
               "short_name" : "Plymouth",
               "types" : [ "administrative_area_level_2", "political" ]
            },
            {
               "long_name" : "England",
               "short_name" : "England",
               "types" : [ "administrative_area_level_1", "political" ]
            },
            {
               "long_name" : "United Kingdom",
               "short_name" : "GB",
               "types" : [ "country", "political" ]
            }
         ],
         "formatted_address" : "Plymouth, Plymouth, UK",
         "geometry" : {
            "bounds" : {
               "northeast" : {
                  "lat" : 50.4441664,
                  "lng" : -4.0196074
               },
               "southwest" : {
                  "lat" : 50.3333185,
                  "lng" : -4.205532499999999
               }
            },
            "location" : {
               "lat" : 50.3754565,
               "lng" : -4.1426565
            },
            "location_type" : "APPROXIMATE",
            "viewport" : {
               "northeast" : {
                  "lat" : 50.4441664,
                  "lng" : -4.0196074
               },
               "southwest" : {
                  "lat" : 50.3333185,
                  "lng" : -4.205532499999999
               }
            }
         },
         "place_id" : "ChIJPeqVDlONbEgRk4X1zrUsKDs",
         "types" : [ "locality", "political" ]
      }
   ],
   "status" : "OK"
}
