{
   "results" : [
      {
         "address_components" : [
            {
               "long_name" : "Pontypridd",
               "short_name" : "Pontypridd",
               "types" : [ "locality", "political" ]
            },
            {
               "long_name" : "Pontypridd",
               "short_name" : "Pontypridd",
               "types" : [ "administrative_area_level_3", "political" ]
            },
            {
               "long_name" : "Rhondda Cynon Taff",
               "short_name" : "Rhondda Cynon Taff",
               "types" : [ "administrative_area_level_2", "political" ]
            },
            {
               "long_name" : "Wales",
               "short_name" : "Wales",
               "types" : [ "administrative_area_level_1", "political" ]
            },
            {
               "long_name" : "United Kingdom",
               "short_name" : "GB",
               "types" : [ "country", "political" ]
            }
         ],
         "formatted_address" : "Pontypridd, Rhondda Cynon Taff, UK",
         "geometry" : {
            "bounds" : {
               "northeast" : {
                  "lat" : 51.6273014,
                  "lng" : -3.2643414
               },
               "southwest" : {
                  "lat" : 51.56152789999999,
                  "lng" : -3.3817216
               }
            },
            "location" : {
               "lat" : 51.60077399999999,
               "lng" : -3.342314
            },
            "location_type" : "APPROXIMATE",
            "viewport" : {
               "northeast" : {
                  "lat" : 51.6273014,
                  "lng" : -3.2643414
               },
               "southwest" : {
                  "lat" : 51.56152789999999,
                  "lng" : -3.3817216
               }
            }
         },
         "place_id" : "ChIJDXMTwbIQbkgRdrN_nk_L-Fs",
         "types" : [ "locality", "political" ]
      }
   ],
   "status" : "OK"
}
