{
   "results" : [
      {
         "address_components" : [
            {
               "long_name" : "Potter Street",
               "short_name" : "Potter St",
               "types" : [ "route" ]
            },
            {
               "long_name" : "North Philadelphia",
               "short_name" : "North Philadelphia",
               "types" : [ "neighborhood", "political" ]
            },
            {
               "long_name" : "Philadelphia",
               "short_name" : "Philadelphia",
               "types" : [ "locality", "political" ]
            },
            {
               "long_name" : "Philadelphia County",
               "short_name" : "Philadelphia County",
               "types" : [ "administrative_area_level_2", "political" ]
            },
            {
               "long_name" : "Pennsylvania",
               "short_name" : "PA",
               "types" : [ "administrative_area_level_1", "political" ]
            },
            {
               "long_name" : "United States",
               "short_name" : "US",
               "types" : [ "country", "political" ]
            },
            {
               "long_name" : "19134",
               "short_name" : "19134",
               "types" : [ "postal_code" ]
            }
         ],
         "formatted_address" : "Potter St, Philadelphia, PA 19134, USA",
         "geometry" : {
            "bounds" : {
               "northeast" : {
                  "lat" : 39.999165,
                  "lng" : -75.10953069999999
               },
               "southwest" : {
                  "lat" : 39.994483,
                  "lng" : -75.117903
               }
            },
            "location" : {
               "lat" : 39.996599,
               "lng" : -75.11420199999999
            },
            "location_type" : "GEOMETRIC_CENTER",
            "viewport" : {
               "northeast" : {
                  "lat" : 39.999165,
                  "lng" : -75.10953069999999
               },
               "southwest" : {
                  "lat" : 39.994483,
                  "lng" : -75.117903
               }
            }
         },
         "partial_match" : true,
         "place_id" : "ChIJR-GMoNa3xokREIJuHYviJso",
         "types" : [ "route" ]
      }
   ],
   "status" : "OK"
}
