{
   "results" : [
      {
         "address_components" : [
            {
               "long_name" : "Pottstown",
               "short_name" : "Pottstown",
               "types" : [ "locality", "political" ]
            },
            {
               "long_name" : "Montgomery County",
               "short_name" : "Montgomery County",
               "types" : [ "administrative_area_level_2", "political" ]
            },
            {
               "long_name" : "Pennsylvania",
               "short_name" : "PA",
               "types" : [ "administrative_area_level_1", "political" ]
            },
            {
               "long_name" : "United States",
               "short_name" : "US",
               "types" : [ "country", "political" ]
            }
         ],
         "formatted_address" : "Pottstown, PA, USA",
         "geometry" : {
            "bounds" : {
               "northeast" : {
                  "lat" : 40.2674949,
                  "lng" : -75.6103289
               },
               "southwest" : {
                  "lat" : 40.2325079,
                  "lng" : -75.678095
               }
            },
            "location" : {
               "lat" : 40.2453741,
               "lng" : -75.6496302
            },
            "location_type" : "APPROXIMATE",
            "viewport" : {
               "northeast" : {
                  "lat" : 40.2674949,
                  "lng" : -75.6103289
               },
               "southwest" : {
                  "lat" : 40.2325079,
                  "lng" : -75.678095
               }
            }
         },
         "place_id" : "ChIJ9ZUt0iCGxokRxZklwOmOrxA",
         "types" : [ "locality", "political" ]
      }
   ],
   "status" : "OK"
}
