{
   "results" : [
      {
         "address_components" : [
            {
               "long_name" : "Prescott",
               "short_name" : "Prescott",
               "types" : [ "locality", "political" ]
            },
            {
               "long_name" : "Yavapai County",
               "short_name" : "Yavapai County",
               "types" : [ "administrative_area_level_2", "political" ]
            },
            {
               "long_name" : "Arizona",
               "short_name" : "AZ",
               "types" : [ "administrative_area_level_1", "political" ]
            },
            {
               "long_name" : "United States",
               "short_name" : "US",
               "types" : [ "country", "political" ]
            }
         ],
         "formatted_address" : "Prescott, AZ, USA",
         "geometry" : {
            "bounds" : {
               "northeast" : {
                  "lat" : 34.6798379,
                  "lng" : -112.3777821
               },
               "southwest" : {
                  "lat" : 34.512494,
                  "lng" : -112.529959
               }
            },
            "location" : {
               "lat" : 34.5400242,
               "lng" : -112.4685025
            },
            "location_type" : "APPROXIMATE",
            "viewport" : {
               "northeast" : {
                  "lat" : 34.6798379,
                  "lng" : -112.3777821
               },
               "southwest" : {
                  "lat" : 34.512494,
                  "lng" : -112.529959
               }
            }
         },
         "place_id" : "ChIJ63xxANQoLYcR3f7uUuc9pAk",
         "types" : [ "locality", "political" ]
      }
   ],
   "status" : "OK"
}
