{
   "results" : [
      {
         "address_components" : [
            {
               "long_name" : "Puerto Madryn",
               "short_name" : "Puerto Madryn",
               "types" : [ "locality", "political" ]
            },
            {
               "long_name" : "Viedma",
               "short_name" : "Viedma",
               "types" : [ "administrative_area_level_2", "political" ]
            },
            {
               "long_name" : "Chubut Province",
               "short_name" : "Chubut Province",
               "types" : [ "administrative_area_level_1", "political" ]
            },
            {
               "long_name" : "Argentina",
               "short_name" : "AR",
               "types" : [ "country", "political" ]
            }
         ],
         "formatted_address" : "Puerto Madryn, Chubut Province, Argentina",
         "geometry" : {
            "bounds" : {
               "northeast" : {
                  "lat" : -42.7096744,
                  "lng" : -64.97741379999999
               },
               "southwest" : {
                  "lat" : -42.8271297,
                  "lng" : -65.0742575
               }
            },
            "location" : {
               "lat" : -42.7694476,
               "lng" : -65.0317175
            },
            "location_type" : "APPROXIMATE",
            "viewport" : {
               "northeast" : {
                  "lat" : -42.7096744,
                  "lng" : -64.97741379999999
               },
               "southwest" : {
                  "lat" : -42.8271297,
                  "lng" : -65.0742575
               }
            }
         },
         "place_id" : "ChIJ0eqih141Ar4RgkO0ECgNiR4",
         "types" : [ "locality", "political" ]
      }
   ],
   "status" : "OK"
}
