{
   "results" : [
      {
         "address_components" : [
            {
               "long_name" : "Québec City",
               "short_name" : "Québec City",
               "types" : [ "locality", "political" ]
            },
            {
               "long_name" : "Communauté-Urbaine-de-Québec",
               "short_name" : "Communauté-Urbaine-de-Québec",
               "types" : [ "administrative_area_level_2", "political" ]
            },
            {
               "long_name" : "Québec",
               "short_name" : "QC",
               "types" : [ "administrative_area_level_1", "political" ]
            },
            {
               "long_name" : "Canada",
               "short_name" : "CA",
               "types" : [ "country", "political" ]
            }
         ],
         "formatted_address" : "Québec City, QC, Canada",
         "geometry" : {
            "bounds" : {
               "northeast" : {
                  "lat" : 46.9819379,
                  "lng" : -71.14270069999999
               },
               "southwest" : {
                  "lat" : 46.7340768,
                  "lng" : -71.54944499999999
               }
            },
            "location" : {
               "lat" : 46.8138783,
               "lng" : -71.2079809
            },
            "location_type" : "APPROXIMATE",
            "viewport" : {
               "northeast" : {
                  "lat" : 46.9819379,
                  "lng" : -71.14270069999999
               },
               "southwest" : {
                  "lat" : 46.7340768,
                  "lng" : -71.54944499999999
               }
            }
         },
         "place_id" : "ChIJk4jbBYqWuEwRAzro8GMtxY8",
         "types" : [ "locality", "political" ]
      }
   ],
   "status" : "OK"
}
