{
   "results" : [
      {
         "address_components" : [
            {
               "long_name" : "Santiago de Querétaro",
               "short_name" : "Santiago de Querétaro",
               "types" : [ "locality", "political" ]
            },
            {
               "long_name" : "Santiago de Querétaro",
               "short_name" : "Santiago de Querétaro",
               "types" : [ "administrative_area_level_2", "political" ]
            },
            {
               "long_name" : "Querétaro",
               "short_name" : "Qro.",
               "types" : [ "administrative_area_level_1", "political" ]
            },
            {
               "long_name" : "Mexico",
               "short_name" : "MX",
               "types" : [ "country", "political" ]
            }
         ],
         "formatted_address" : "Santiago de Querétaro, Qro., Mexico",
         "geometry" : {
            "bounds" : {
               "northeast" : {
                  "lat" : 20.6839673,
                  "lng" : -100.3353875
               },
               "southwest" : {
                  "lat" : 20.5403066,
                  "lng" : -100.4785871
               }
            },
            "location" : {
               "lat" : 20.5887932,
               "lng" : -100.3898881
            },
            "location_type" : "APPROXIMATE",
            "viewport" : {
               "northeast" : {
                  "lat" : 20.6839673,
                  "lng" : -100.3353875
               },
               "southwest" : {
                  "lat" : 20.5403066,
                  "lng" : -100.4785871
               }
            }
         },
         "place_id" : "ChIJVZJb3I9b04URL4MbVqqUsJc",
         "types" : [ "locality", "political" ]
      },
      {
         "address_components" : [
            {
               "long_name" : "Centro",
               "short_name" : "Centro",
               "types" : [ "sublocality_level_1", "sublocality", "political" ]
            },
            {
               "long_name" : "Santiago de Querétaro",
               "short_name" : "Santiago de Querétaro",
               "types" : [ "locality", "political" ]
            },
            {
               "long_name" : "Santiago de Querétaro",
               "short_name" : "Santiago de Querétaro",
               "types" : [ "administrative_area_level_2", "political" ]
            },
            {
               "long_name" : "Querétaro",
               "short_name" : "Qro.",
               "types" : [ "administrative_area_level_1", "political" ]
            },
            {
               "long_name" : "Mexico",
               "short_name" : "MX",
               "types" : [ "country", "political" ]
            }
         ],
         "formatted_address" : "Centro, Santiago de Querétaro, Qro., Mexico",
         "geometry" : {
            "bounds" : {
               "northeast" : {
                  "lat" : 20.60142,
                  "lng" : -100.380019
               },
               "southwest" : {
                  "lat" : 20.5808123,
                  "lng" : -100.4071663
               }
            },
            "location" : {
               "lat" : 20.5920203,
               "lng" : -100.3919033
            },
            "location_type" : "APPROXIMATE",
            "viewport" : {
               "northeast" : {
                  "lat" : 20.60142,
                  "lng" : -100.380019
               },
               "southwest" : {
                  "lat" : 20.5808123,
                  "lng" : -100.4071663
               }
            }
         },
         "place_id" : "ChIJwS2NkSpb04URRPNpVoI_ZzU",
         "types" : [ "sublocality_level_1", "sublocality", "political" ]
      }
   ],
   "status" : "OK"
}
