{
   "results" : [
      {
         "address_components" : [
            {
               "long_name" : "Quesnel",
               "short_name" : "Quesnel",
               "types" : [ "locality", "political" ]
            },
            {
               "long_name" : "Cariboo",
               "short_name" : "Cariboo",
               "types" : [ "administrative_area_level_2", "political" ]
            },
            {
               "long_name" : "British Columbia",
               "short_name" : "BC",
               "types" : [ "administrative_area_level_1", "political" ]
            },
            {
               "long_name" : "Canada",
               "short_name" : "CA",
               "types" : [ "country", "political" ]
            }
         ],
         "formatted_address" : "Quesnel, BC, Canada",
         "geometry" : {
            "bounds" : {
               "northeast" : {
                  "lat" : 53.034245,
                  "lng" : -122.395791
               },
               "southwest" : {
                  "lat" : 52.93946889999999,
                  "lng" : -122.539325
               }
            },
            "location" : {
               "lat" : 52.9817372,
               "lng" : -122.4949058
            },
            "location_type" : "APPROXIMATE",
            "viewport" : {
               "northeast" : {
                  "lat" : 53.034245,
                  "lng" : -122.395791
               },
               "southwest" : {
                  "lat" : 52.93946889999999,
                  "lng" : -122.539325
               }
            }
         },
         "place_id" : "ChIJOadwle8Fh1MRMCJ7KhU1AQU",
         "types" : [ "locality", "political" ]
      }
   ],
   "status" : "OK"
}
