{
   "results" : [
      {
         "address_components" : [
            {
               "long_name" : "Quito",
               "short_name" : "Quito",
               "types" : [ "locality", "political" ]
            },
            {
               "long_name" : "Distrito Metropolitano de Quito",
               "short_name" : "Distrito Metropolitano de Quito",
               "types" : [ "administrative_area_level_2", "political" ]
            },
            {
               "long_name" : "Pichincha",
               "short_name" : "Pichincha",
               "types" : [ "administrative_area_level_1", "political" ]
            },
            {
               "long_name" : "Ecuador",
               "short_name" : "EC",
               "types" : [ "country", "political" ]
            }
         ],
         "formatted_address" : "Quito, Ecuador",
         "geometry" : {
            "bounds" : {
               "northeast" : {
                  "lat" : 0.0219727,
                  "lng" : -78.2741547
               },
               "southwest" : {
                  "lat" : -0.3951614,
                  "lng" : -78.58692169999999
               }
            },
            "location" : {
               "lat" : -0.1806532,
               "lng" : -78.4678382
            },
            "location_type" : "APPROXIMATE",
            "viewport" : {
               "northeast" : {
                  "lat" : 0.0219727,
                  "lng" : -78.2741547
               },
               "southwest" : {
                  "lat" : -0.3951614,
                  "lng" : -78.58692169999999
               }
            }
         },
         "place_id" : "ChIJn3xCAkCa1ZERclXvWOGRuUQ",
         "types" : [ "locality", "political" ]
      }
   ],
   "status" : "OK"
}
