{
   "results" : [
      {
         "address_components" : [
            {
               "long_name" : "Racine",
               "short_name" : "Racine",
               "types" : [ "locality", "political" ]
            },
            {
               "long_name" : "Racine County",
               "short_name" : "Racine County",
               "types" : [ "administrative_area_level_2", "political" ]
            },
            {
               "long_name" : "Wisconsin",
               "short_name" : "WI",
               "types" : [ "administrative_area_level_1", "political" ]
            },
            {
               "long_name" : "United States",
               "short_name" : "US",
               "types" : [ "country", "political" ]
            }
         ],
         "formatted_address" : "Racine, WI, USA",
         "geometry" : {
            "bounds" : {
               "northeast" : {
                  "lat" : 42.78147000000001,
                  "lng" : -87.77037969999999
               },
               "southwest" : {
                  "lat" : 42.6780169,
                  "lng" : -87.87573399999999
               }
            },
            "location" : {
               "lat" : 42.7261309,
               "lng" : -87.78285230000002
            },
            "location_type" : "APPROXIMATE",
            "viewport" : {
               "northeast" : {
                  "lat" : 42.78147000000001,
                  "lng" : -87.77037969999999
               },
               "southwest" : {
                  "lat" : 42.6780169,
                  "lng" : -87.87573399999999
               }
            }
         },
         "place_id" : "ChIJG1Sr9FRCBYgRquEVTqZtTw8",
         "types" : [ "locality", "political" ]
      }
   ],
   "status" : "OK"
}
