{
   "results" : [
      {
         "address_components" : [
            {
               "long_name" : "Raleigh",
               "short_name" : "Raleigh",
               "types" : [ "locality", "political" ]
            },
            {
               "long_name" : "Wake County",
               "short_name" : "Wake County",
               "types" : [ "administrative_area_level_2", "political" ]
            },
            {
               "long_name" : "North Carolina",
               "short_name" : "NC",
               "types" : [ "administrative_area_level_1", "political" ]
            },
            {
               "long_name" : "United States",
               "short_name" : "US",
               "types" : [ "country", "political" ]
            }
         ],
         "formatted_address" : "Raleigh, NC, USA",
         "geometry" : {
            "bounds" : {
               "northeast" : {
                  "lat" : 35.97172800000001,
                  "lng" : -78.471063
               },
               "southwest" : {
                  "lat" : 35.7158079,
                  "lng" : -78.8190489
               }
            },
            "location" : {
               "lat" : 35.7795897,
               "lng" : -78.6381787
            },
            "location_type" : "APPROXIMATE",
            "viewport" : {
               "northeast" : {
                  "lat" : 35.97172800000001,
                  "lng" : -78.471063
               },
               "southwest" : {
                  "lat" : 35.7158079,
                  "lng" : -78.8190489
               }
            }
         },
         "place_id" : "ChIJ9-BRny9arIkRrfARilK2kGc",
         "types" : [ "locality", "political" ]
      }
   ],
   "status" : "OK"
}
