{
   "results" : [
      {
         "address_components" : [
            {
               "long_name" : "Redondo Beach",
               "short_name" : "Redondo Beach",
               "types" : [ "locality", "political" ]
            },
            {
               "long_name" : "Los Angeles County",
               "short_name" : "Los Angeles County",
               "types" : [ "administrative_area_level_2", "political" ]
            },
            {
               "long_name" : "California",
               "short_name" : "CA",
               "types" : [ "administrative_area_level_1", "political" ]
            },
            {
               "long_name" : "United States",
               "short_name" : "US",
               "types" : [ "country", "political" ]
            }
         ],
         "formatted_address" : "Redondo Beach, CA, USA",
         "geometry" : {
            "bounds" : {
               "northeast" : {
                  "lat" : 33.894653,
                  "lng" : -118.3523331
               },
               "southwest" : {
                  "lat" : 33.8146149,
                  "lng" : -118.4019511
               }
            },
            "location" : {
               "lat" : 33.8491816,
               "lng" : -118.3884078
            },
            "location_type" : "APPROXIMATE",
            "viewport" : {
               "northeast" : {
                  "lat" : 33.894653,
                  "lng" : -118.3523331
               },
               "southwest" : {
                  "lat" : 33.8146149,
                  "lng" : -118.4019511
               }
            }
         },
         "place_id" : "ChIJE7lJQ5G0woARZfEcVNv4z_8",
         "types" : [ "locality", "political" ]
      }
   ],
   "status" : "OK"
}
