{
   "results" : [
      {
         "address_components" : [
            {
               "long_name" : "Redwood City",
               "short_name" : "Redwood City",
               "types" : [ "locality", "political" ]
            },
            {
               "long_name" : "San Mateo County",
               "short_name" : "San Mateo County",
               "types" : [ "administrative_area_level_2", "political" ]
            },
            {
               "long_name" : "California",
               "short_name" : "CA",
               "types" : [ "administrative_area_level_1", "political" ]
            },
            {
               "long_name" : "United States",
               "short_name" : "US",
               "types" : [ "country", "political" ]
            }
         ],
         "formatted_address" : "Redwood City, CA, USA",
         "geometry" : {
            "bounds" : {
               "northeast" : {
                  "lat" : 37.5525261,
                  "lng" : -122.1659815
               },
               "southwest" : {
                  "lat" : 37.4467379,
                  "lng" : -122.2880789
               }
            },
            "location" : {
               "lat" : 37.48521520000001,
               "lng" : -122.2363548
            },
            "location_type" : "APPROXIMATE",
            "viewport" : {
               "northeast" : {
                  "lat" : 37.5525261,
                  "lng" : -122.1659815
               },
               "southwest" : {
                  "lat" : 37.4467379,
                  "lng" : -122.2880789
               }
            }
         },
         "place_id" : "ChIJ4V7zUzmgj4ARbWqqC5t75Lg",
         "types" : [ "locality", "political" ]
      }
   ],
   "status" : "OK"
}
