{
   "results" : [
      {
         "address_components" : [
            {
               "long_name" : "Rhone-Alpes",
               "short_name" : "RA",
               "types" : [ "administrative_area_level_1", "political" ]
            },
            {
               "long_name" : "France",
               "short_name" : "FR",
               "types" : [ "country", "political" ]
            }
         ],
         "formatted_address" : "Rhone-Alpes, France",
         "geometry" : {
            "bounds" : {
               "northeast" : {
                  "lat" : 46.519953,
                  "lng" : 7.1855661
               },
               "southwest" : {
                  "lat" : 44.115493,
                  "lng" : 3.6889129
               }
            },
            "location" : {
               "lat" : 45.1695797,
               "lng" : 5.4502821
            },
            "location_type" : "APPROXIMATE",
            "viewport" : {
               "northeast" : {
                  "lat" : 46.519953,
                  "lng" : 7.1855661
               },
               "southwest" : {
                  "lat" : 44.115493,
                  "lng" : 3.6889129
               }
            }
         },
         "place_id" : "ChIJS_HI7dPZikcRua8Cids1k3c",
         "types" : [ "administrative_area_level_1", "political" ]
      }
   ],
   "status" : "OK"
}
