{
   "results" : [
      {
         "address_components" : [
            {
               "long_name" : "Revelstoke",
               "short_name" : "Revelstoke",
               "types" : [ "locality", "political" ]
            },
            {
               "long_name" : "Columbia-Shuswap B",
               "short_name" : "Columbia-Shuswap B",
               "types" : [ "administrative_area_level_3", "political" ]
            },
            {
               "long_name" : "Columbia-Shuswap",
               "short_name" : "Columbia-Shuswap",
               "types" : [ "administrative_area_level_2", "political" ]
            },
            {
               "long_name" : "British Columbia",
               "short_name" : "BC",
               "types" : [ "administrative_area_level_1", "political" ]
            },
            {
               "long_name" : "Canada",
               "short_name" : "CA",
               "types" : [ "country", "political" ]
            }
         ],
         "formatted_address" : "Revelstoke, BC, Canada",
         "geometry" : {
            "bounds" : {
               "northeast" : {
                  "lat" : 51.06315300000001,
                  "lng" : -118.1426179
               },
               "southwest" : {
                  "lat" : 50.954505,
                  "lng" : -118.247243
               }
            },
            "location" : {
               "lat" : 50.998115,
               "lng" : -118.195672
            },
            "location_type" : "APPROXIMATE",
            "viewport" : {
               "northeast" : {
                  "lat" : 51.06315300000001,
                  "lng" : -118.1426179
               },
               "southwest" : {
                  "lat" : 50.954505,
                  "lng" : -118.247243
               }
            }
         },
         "place_id" : "ChIJpd1q-gU3eVMRyu_WuX1kPE8",
         "types" : [ "locality", "political" ]
      }
   ],
   "status" : "OK"
}
