{
   "results" : [
      {
         "address_components" : [
            {
               "long_name" : "Rhinelander",
               "short_name" : "Rhinelander",
               "types" : [ "locality", "political" ]
            },
            {
               "long_name" : "Oneida County",
               "short_name" : "Oneida County",
               "types" : [ "administrative_area_level_2", "political" ]
            },
            {
               "long_name" : "Wisconsin",
               "short_name" : "WI",
               "types" : [ "administrative_area_level_1", "political" ]
            },
            {
               "long_name" : "United States",
               "short_name" : "US",
               "types" : [ "country", "political" ]
            },
            {
               "long_name" : "54501",
               "short_name" : "54501",
               "types" : [ "postal_code" ]
            }
         ],
         "formatted_address" : "Rhinelander, WI 54501, USA",
         "geometry" : {
            "bounds" : {
               "northeast" : {
                  "lat" : 45.665868,
                  "lng" : -89.36994109999999
               },
               "southwest" : {
                  "lat" : 45.605354,
                  "lng" : -89.5018329
               }
            },
            "location" : {
               "lat" : 45.6366228,
               "lng" : -89.4120753
            },
            "location_type" : "APPROXIMATE",
            "viewport" : {
               "northeast" : {
                  "lat" : 45.665868,
                  "lng" : -89.36994109999999
               },
               "southwest" : {
                  "lat" : 45.605354,
                  "lng" : -89.5018329
               }
            }
         },
         "place_id" : "ChIJ38YbIueqVU0Rj16BtpYzDiY",
         "types" : [ "locality", "political" ]
      }
   ],
   "status" : "OK"
}
