{
   "results" : [
      {
         "address_components" : [
            {
               "long_name" : "Rockford",
               "short_name" : "Rockford",
               "types" : [ "locality", "political" ]
            },
            {
               "long_name" : "Rockford Township",
               "short_name" : "Rockford Township",
               "types" : [ "administrative_area_level_3", "political" ]
            },
            {
               "long_name" : "Winnebago County",
               "short_name" : "Winnebago County",
               "types" : [ "administrative_area_level_2", "political" ]
            },
            {
               "long_name" : "Illinois",
               "short_name" : "IL",
               "types" : [ "administrative_area_level_1", "political" ]
            },
            {
               "long_name" : "United States",
               "short_name" : "US",
               "types" : [ "country", "political" ]
            }
         ],
         "formatted_address" : "Rockford, IL, USA",
         "geometry" : {
            "bounds" : {
               "northeast" : {
                  "lat" : 42.33849,
                  "lng" : -88.940679
               },
               "southwest" : {
                  "lat" : 42.167465,
                  "lng" : -89.1954399
               }
            },
            "location" : {
               "lat" : 42.2711311,
               "lng" : -89.09399519999999
            },
            "location_type" : "APPROXIMATE",
            "viewport" : {
               "northeast" : {
                  "lat" : 42.33849,
                  "lng" : -88.940679
               },
               "southwest" : {
                  "lat" : 42.167465,
                  "lng" : -89.1954399
               }
            }
         },
         "place_id" : "ChIJ2wAD_c25CIgRgGePgpfYygo",
         "types" : [ "locality", "political" ]
      }
   ],
   "status" : "OK"
}
