{
   "results" : [
      {
         "address_components" : [
            {
               "long_name" : "Rockland",
               "short_name" : "Rockland",
               "types" : [ "locality", "political" ]
            },
            {
               "long_name" : "Knox County",
               "short_name" : "Knox County",
               "types" : [ "administrative_area_level_2", "political" ]
            },
            {
               "long_name" : "Maine",
               "short_name" : "ME",
               "types" : [ "administrative_area_level_1", "political" ]
            },
            {
               "long_name" : "United States",
               "short_name" : "US",
               "types" : [ "country", "political" ]
            }
         ],
         "formatted_address" : "Rockland, ME, USA",
         "geometry" : {
            "bounds" : {
               "northeast" : {
                  "lat" : 44.172551,
                  "lng" : -69.07736439999999
               },
               "southwest" : {
                  "lat" : 44.081814,
                  "lng" : -69.1851849
               }
            },
            "location" : {
               "lat" : 44.1036914,
               "lng" : -69.1089293
            },
            "location_type" : "APPROXIMATE",
            "viewport" : {
               "northeast" : {
                  "lat" : 44.172551,
                  "lng" : -69.07736439999999
               },
               "southwest" : {
                  "lat" : 44.081814,
                  "lng" : -69.1851849
               }
            }
         },
         "place_id" : "ChIJm9Ty9SvOrUwR7Si9Ma9RL3U",
         "types" : [ "locality", "political" ]
      }
   ],
   "status" : "OK"
}
