{
   "results" : [
      {
         "address_components" : [
            {
               "long_name" : "Saint-Étienne",
               "short_name" : "Saint-Étienne",
               "types" : [ "locality", "political" ]
            },
            {
               "long_name" : "Loire",
               "short_name" : "Loire",
               "types" : [ "administrative_area_level_2", "political" ]
            },
            {
               "long_name" : "Rhone-Alpes",
               "short_name" : "RA",
               "types" : [ "administrative_area_level_1", "political" ]
            },
            {
               "long_name" : "France",
               "short_name" : "FR",
               "types" : [ "country", "political" ]
            }
         ],
         "formatted_address" : "Saint-Étienne, France",
         "geometry" : {
            "bounds" : {
               "northeast" : {
                  "lat" : 45.476736,
                  "lng" : 4.4888749
               },
               "southwest" : {
                  "lat" : 45.371484,
                  "lng" : 4.2440541
               }
            },
            "location" : {
               "lat" : 45.439695,
               "lng" : 4.3871779
            },
            "location_type" : "APPROXIMATE",
            "viewport" : {
               "northeast" : {
                  "lat" : 45.476736,
                  "lng" : 4.4888749
               },
               "southwest" : {
                  "lat" : 45.371484,
                  "lng" : 4.352435
               }
            }
         },
         "place_id" : "ChIJFeTPDf-r9UcRVldjh9uyMQY",
         "types" : [ "locality", "political" ]
      }
   ],
   "status" : "OK"
}
