{
   "results" : [
      {
         "address_components" : [
            {
               "long_name" : "San Angelo",
               "short_name" : "San Angelo",
               "types" : [ "locality", "political" ]
            },
            {
               "long_name" : "Tom Green County",
               "short_name" : "Tom Green County",
               "types" : [ "administrative_area_level_2", "political" ]
            },
            {
               "long_name" : "Texas",
               "short_name" : "TX",
               "types" : [ "administrative_area_level_1", "political" ]
            },
            {
               "long_name" : "United States",
               "short_name" : "US",
               "types" : [ "country", "political" ]
            }
         ],
         "formatted_address" : "San Angelo, TX, USA",
         "geometry" : {
            "bounds" : {
               "northeast" : {
                  "lat" : 31.5266849,
                  "lng" : -100.365258
               },
               "southwest" : {
                  "lat" : 31.337597,
                  "lng" : -100.528817
               }
            },
            "location" : {
               "lat" : 31.4637723,
               "lng" : -100.4370375
            },
            "location_type" : "APPROXIMATE",
            "viewport" : {
               "northeast" : {
                  "lat" : 31.5266849,
                  "lng" : -100.365258
               },
               "southwest" : {
                  "lat" : 31.337597,
                  "lng" : -100.528817
               }
            }
         },
         "place_id" : "ChIJkXE7pYPlV4YRQsdUNws9foI",
         "types" : [ "locality", "political" ]
      }
   ],
   "status" : "OK"
}
