{
   "results" : [
      {
         "address_components" : [
            {
               "long_name" : "Sand Springs",
               "short_name" : "Sand Springs",
               "types" : [ "locality", "political" ]
            },
            {
               "long_name" : "Tulsa County",
               "short_name" : "Tulsa County",
               "types" : [ "administrative_area_level_2", "political" ]
            },
            {
               "long_name" : "Oklahoma",
               "short_name" : "OK",
               "types" : [ "administrative_area_level_1", "political" ]
            },
            {
               "long_name" : "United States",
               "short_name" : "US",
               "types" : [ "country", "political" ]
            }
         ],
         "formatted_address" : "Sand Springs, OK, USA",
         "geometry" : {
            "bounds" : {
               "northeast" : {
                  "lat" : 36.3008019,
                  "lng" : -96.06517799999999
               },
               "southwest" : {
                  "lat" : 36.075179,
                  "lng" : -96.2648461
               }
            },
            "location" : {
               "lat" : 36.1398102,
               "lng" : -96.108891
            },
            "location_type" : "APPROXIMATE",
            "viewport" : {
               "northeast" : {
                  "lat" : 36.3008019,
                  "lng" : -96.06517799999999
               },
               "southwest" : {
                  "lat" : 36.075179,
                  "lng" : -96.2648461
               }
            }
         },
         "place_id" : "ChIJB9oH3efAtocRgAVxcuOu9zI",
         "types" : [ "locality", "political" ]
      }
   ],
   "status" : "OK"
}
