{
   "results" : [
      {
         "address_components" : [
            {
               "long_name" : "Shelby charter Township",
               "short_name" : "Shelby Charter Township",
               "types" : [ "locality", "political" ]
            },
            {
               "long_name" : "Macomb County",
               "short_name" : "Macomb County",
               "types" : [ "administrative_area_level_2", "political" ]
            },
            {
               "long_name" : "Michigan",
               "short_name" : "MI",
               "types" : [ "administrative_area_level_1", "political" ]
            },
            {
               "long_name" : "United States",
               "short_name" : "US",
               "types" : [ "country", "political" ]
            }
         ],
         "formatted_address" : "Shelby Charter Township, MI, USA",
         "geometry" : {
            "bounds" : {
               "northeast" : {
                  "lat" : 42.715905,
                  "lng" : -82.97331699999999
               },
               "southwest" : {
                  "lat" : 42.62420789999999,
                  "lng" : -83.0954359
               }
            },
            "location" : {
               "lat" : 42.670782,
               "lng" : -83.0329934
            },
            "location_type" : "APPROXIMATE",
            "viewport" : {
               "northeast" : {
                  "lat" : 42.715905,
                  "lng" : -82.97331699999999
               },
               "southwest" : {
                  "lat" : 42.62420789999999,
                  "lng" : -83.0954359
               }
            }
         },
         "place_id" : "ChIJT1wKEXXnJIgRmQIvUX27LTE",
         "types" : [ "locality", "political" ]
      }
   ],
   "status" : "OK"
}
