{
   "results" : [
      {
         "address_components" : [
            {
               "long_name" : "Shrewsbury",
               "short_name" : "Shrewsbury",
               "types" : [ "locality", "political" ]
            },
            {
               "long_name" : "Shrewsbury",
               "short_name" : "Shrewsbury",
               "types" : [ "postal_town" ]
            },
            {
               "long_name" : "Shrewsbury",
               "short_name" : "Shrewsbury",
               "types" : [ "administrative_area_level_4", "political" ]
            },
            {
               "long_name" : "Shropshire",
               "short_name" : "Shropshire",
               "types" : [ "administrative_area_level_2", "political" ]
            },
            {
               "long_name" : "England",
               "short_name" : "England",
               "types" : [ "administrative_area_level_1", "political" ]
            },
            {
               "long_name" : "United Kingdom",
               "short_name" : "GB",
               "types" : [ "country", "political" ]
            }
         ],
         "formatted_address" : "Shrewsbury, Shrewsbury, Shropshire, UK",
         "geometry" : {
            "bounds" : {
               "northeast" : {
                  "lat" : 52.7470666,
                  "lng" : -2.7012735
               },
               "southwest" : {
                  "lat" : 52.6823379,
                  "lng" : -2.7981003
               }
            },
            "location" : {
               "lat" : 52.70730289999999,
               "lng" : -2.7553268
            },
            "location_type" : "APPROXIMATE",
            "viewport" : {
               "northeast" : {
                  "lat" : 52.7470666,
                  "lng" : -2.7012735
               },
               "southwest" : {
                  "lat" : 52.6823379,
                  "lng" : -2.7981003
               }
            }
         },
         "place_id" : "ChIJwxXc9FV2b0gRxM3WeAeC124",
         "types" : [ "locality", "political" ]
      }
   ],
   "status" : "OK"
}
