{
   "results" : [
      {
         "address_components" : [
            {
               "long_name" : "Sonoma County",
               "short_name" : "Sonoma County",
               "types" : [ "administrative_area_level_2", "political" ]
            },
            {
               "long_name" : "California",
               "short_name" : "CA",
               "types" : [ "administrative_area_level_1", "political" ]
            },
            {
               "long_name" : "United States",
               "short_name" : "US",
               "types" : [ "country", "political" ]
            }
         ],
         "formatted_address" : "Sonoma County, CA, USA",
         "geometry" : {
            "bounds" : {
               "northeast" : {
                  "lat" : 38.8529161,
                  "lng" : -122.3498118
               },
               "southwest" : {
                  "lat" : 38.1105105,
                  "lng" : -123.5414275
               }
            },
            "location" : {
               "lat" : 38.5779555,
               "lng" : -122.9888319
            },
            "location_type" : "APPROXIMATE",
            "viewport" : {
               "northeast" : {
                  "lat" : 38.8529161,
                  "lng" : -122.3498118
               },
               "southwest" : {
                  "lat" : 38.1105105,
                  "lng" : -123.5414275
               }
            }
         },
         "place_id" : "ChIJj7atfV0ihIAR_qYnBSATSUk",
         "types" : [ "administrative_area_level_2", "political" ]
      }
   ],
   "status" : "OK"
}
