{
   "results" : [
      {
         "address_components" : [
            {
               "long_name" : "County Lane",
               "short_name" : "County Ln",
               "types" : [ "route" ]
            },
            {
               "long_name" : "Santa Ana",
               "short_name" : "Santa Ana",
               "types" : [ "locality", "political" ]
            },
            {
               "long_name" : "Orange County",
               "short_name" : "Orange County",
               "types" : [ "administrative_area_level_2", "political" ]
            },
            {
               "long_name" : "California",
               "short_name" : "CA",
               "types" : [ "administrative_area_level_1", "political" ]
            },
            {
               "long_name" : "United States",
               "short_name" : "US",
               "types" : [ "country", "political" ]
            },
            {
               "long_name" : "92705",
               "short_name" : "92705",
               "types" : [ "postal_code" ]
            }
         ],
         "formatted_address" : "County Ln, Santa Ana, CA 92705, USA",
         "geometry" : {
            "bounds" : {
               "northeast" : {
                  "lat" : 33.7774305,
                  "lng" : -117.789667
               },
               "southwest" : {
                  "lat" : 33.776114,
                  "lng" : -117.791009
               }
            },
            "location" : {
               "lat" : 33.7763708,
               "lng" : -117.7906935
            },
            "location_type" : "GEOMETRIC_CENTER",
            "viewport" : {
               "northeast" : {
                  "lat" : 33.7781212302915,
                  "lng" : -117.7889890197085
               },
               "southwest" : {
                  "lat" : 33.7754232697085,
                  "lng" : -117.7916869802915
               }
            }
         },
         "partial_match" : true,
         "place_id" : "ChIJm2D60lDa3IARh73QM646b6o",
         "types" : [ "route" ]
      },
      {
         "address_components" : [
            {
               "long_name" : "Orange County",
               "short_name" : "Orange County",
               "types" : [ "administrative_area_level_2", "political" ]
            },
            {
               "long_name" : "California",
               "short_name" : "CA",
               "types" : [ "administrative_area_level_1", "political" ]
            },
            {
               "long_name" : "United States",
               "short_name" : "US",
               "types" : [ "country", "political" ]
            }
         ],
         "formatted_address" : "Orange County, CA, USA",
         "geometry" : {
            "bounds" : {
               "northeast" : {
                  "lat" : 33.94751189999999,
                  "lng" : -117.4129869
               },
               "southwest" : {
                  "lat" : 33.3865263,
                  "lng" : -118.1163782
               }
            },
            "location" : {
               "lat" : 33.7174708,
               "lng" : -117.8311428
            },
            "location_type" : "APPROXIMATE",
            "viewport" : {
               "northeast" : {
                  "lat" : 33.94751189999999,
                  "lng" : -117.4129869
               },
               "southwest" : {
                  "lat" : 33.3865263,
                  "lng" : -118.1163782
               }
            }
         },
         "partial_match" : true,
         "place_id" : "ChIJz_fVVFyS3IARB9bwj2HDpt4",
         "types" : [ "administrative_area_level_2", "political" ]
      },
      {
         "address_components" : [
            {
               "long_name" : "East South Street",
               "short_name" : "E South St",
               "types" : [ "route" ]
            },
            {
               "long_name" : "Anaheim",
               "short_name" : "Anaheim",
               "types" : [ "locality", "political" ]
            },
            {
               "long_name" : "Orange County",
               "short_name" : "Orange County",
               "types" : [ "administrative_area_level_2", "political" ]
            },
            {
               "long_name" : "California",
               "short_name" : "CA",
               "types" : [ "administrative_area_level_1", "political" ]
            },
            {
               "long_name" : "United States",
               "short_name" : "US",
               "types" : [ "country", "political" ]
            }
         ],
         "formatted_address" : "E South St, Anaheim, CA, USA",
         "geometry" : {
            "bounds" : {
               "northeast" : {
                  "lat" : 33.8428431,
                  "lng" : -117.8609186
               },
               "southwest" : {
                  "lat" : 33.826638,
                  "lng" : -117.9109904
               }
            },
            "location" : {
               "lat" : 33.8326674,
               "lng" : -117.8865922
            },
            "location_type" : "GEOMETRIC_CENTER",
            "viewport" : {
               "northeast" : {
                  "lat" : 33.8428431,
                  "lng" : -117.8609186
               },
               "southwest" : {
                  "lat" : 33.826638,
                  "lng" : -117.9109904
               }
            }
         },
         "partial_match" : true,
         "place_id" : "ChIJvQ6DGlHW3IAR3HE6VbexHOQ",
         "types" : [ "route" ]
      },
      {
         "address_components" : [
            {
               "long_name" : "South Street",
               "short_name" : "South St",
               "types" : [ "route" ]
            },
            {
               "long_name" : "La Palma",
               "short_name" : "La Palma",
               "types" : [ "locality", "political" ]
            },
            {
               "long_name" : "Orange County",
               "short_name" : "Orange County",
               "types" : [ "administrative_area_level_2", "political" ]
            },
            {
               "long_name" : "California",
               "short_name" : "CA",
               "types" : [ "administrative_area_level_1", "political" ]
            },
            {
               "long_name" : "United States",
               "short_name" : "US",
               "types" : [ "country", "political" ]
            },
            {
               "long_name" : "90623",
               "short_name" : "90623",
               "types" : [ "postal_code" ]
            }
         ],
         "formatted_address" : "South St, La Palma, CA 90623, USA",
         "geometry" : {
            "bounds" : {
               "northeast" : {
                  "lat" : 33.8586473,
                  "lng" : -118.0444991
               },
               "southwest" : {
                  "lat" : 33.8586417,
                  "lng" : -118.0461389
               }
            },
            "location" : {
               "lat" : 33.8586445,
               "lng" : -118.0455776
            },
            "location_type" : "GEOMETRIC_CENTER",
            "viewport" : {
               "northeast" : {
                  "lat" : 33.8599934802915,
                  "lng" : -118.0439700197085
               },
               "southwest" : {
                  "lat" : 33.8572955197085,
                  "lng" : -118.0466679802915
               }
            }
         },
         "partial_match" : true,
         "place_id" : "ChIJ0Yo6OHYt3YAR93ql6aLP23k",
         "types" : [ "route" ]
      },
      {
         "address_components" : [
            {
               "long_name" : "West South Street",
               "short_name" : "W South St",
               "types" : [ "route" ]
            },
            {
               "long_name" : "Anaheim",
               "short_name" : "Anaheim",
               "types" : [ "locality", "political" ]
            },
            {
               "long_name" : "Orange County",
               "short_name" : "Orange County",
               "types" : [ "administrative_area_level_2", "political" ]
            },
            {
               "long_name" : "California",
               "short_name" : "CA",
               "types" : [ "administrative_area_level_1", "political" ]
            },
            {
               "long_name" : "United States",
               "short_name" : "US",
               "types" : [ "country", "political" ]
            }
         ],
         "formatted_address" : "W South St, Anaheim, CA, USA",
         "geometry" : {
            "bounds" : {
               "northeast" : {
                  "lat" : 33.82682,
                  "lng" : -117.9109904
               },
               "southwest" : {
                  "lat" : 33.822468,
                  "lng" : -117.9284713
               }
            },
            "location" : {
               "lat" : 33.824656,
               "lng" : -117.9199278
            },
            "location_type" : "GEOMETRIC_CENTER",
            "viewport" : {
               "northeast" : {
                  "lat" : 33.82682,
                  "lng" : -117.9109904
               },
               "southwest" : {
                  "lat" : 33.822468,
                  "lng" : -117.9284713
               }
            }
         },
         "partial_match" : true,
         "place_id" : "ChIJo0mfVynW3IAR9qFC22XJNx4",
         "types" : [ "route" ]
      },
      {
         "address_components" : [
            {
               "long_name" : "South Orange Avenue",
               "short_name" : "S Orange Ave",
               "types" : [ "route" ]
            },
            {
               "long_name" : "West Covina",
               "short_name" : "West Covina",
               "types" : [ "locality", "political" ]
            },
            {
               "long_name" : "Los Angeles County",
               "short_name" : "Los Angeles County",
               "types" : [ "administrative_area_level_2", "political" ]
            },
            {
               "long_name" : "California",
               "short_name" : "CA",
               "types" : [ "administrative_area_level_1", "political" ]
            },
            {
               "long_name" : "United States",
               "short_name" : "US",
               "types" : [ "country", "political" ]
            },
            {
               "long_name" : "91790",
               "short_name" : "91790",
               "types" : [ "postal_code" ]
            }
         ],
         "formatted_address" : "S Orange Ave, West Covina, CA 91790, USA",
         "geometry" : {
            "bounds" : {
               "northeast" : {
                  "lat" : 34.071352,
                  "lng" : -117.941541
               },
               "southwest" : {
                  "lat" : 34.052606,
                  "lng" : -117.9637998
               }
            },
            "location" : {
               "lat" : 34.06242880000001,
               "lng" : -117.9534122
            },
            "location_type" : "GEOMETRIC_CENTER",
            "viewport" : {
               "northeast" : {
                  "lat" : 34.071352,
                  "lng" : -117.941541
               },
               "southwest" : {
                  "lat" : 34.052606,
                  "lng" : -117.9637998
               }
            }
         },
         "partial_match" : true,
         "place_id" : "ChIJV40jabbXwoARTVipibp1hVE",
         "types" : [ "route" ]
      },
      {
         "address_components" : [
            {
               "long_name" : "South Orange Drive",
               "short_name" : "S Orange Dr",
               "types" : [ "route" ]
            },
            {
               "long_name" : "Los Angeles",
               "short_name" : "Los Angeles",
               "types" : [ "locality", "political" ]
            },
            {
               "long_name" : "Los Angeles County",
               "short_name" : "Los Angeles County",
               "types" : [ "administrative_area_level_2", "political" ]
            },
            {
               "long_name" : "California",
               "short_name" : "CA",
               "types" : [ "administrative_area_level_1", "political" ]
            },
            {
               "long_name" : "United States",
               "short_name" : "US",
               "types" : [ "country", "political" ]
            }
         ],
         "formatted_address" : "S Orange Dr, Los Angeles, CA, USA",
         "geometry" : {
            "bounds" : {
               "northeast" : {
                  "lat" : 34.054107,
                  "lng" : -118.344224
               },
               "southwest" : {
                  "lat" : 34.013262,
                  "lng" : -118.3568664
               }
            },
            "location" : {
               "lat" : 34.0335814,
               "lng" : -118.3525552
            },
            "location_type" : "GEOMETRIC_CENTER",
            "viewport" : {
               "northeast" : {
                  "lat" : 34.054107,
                  "lng" : -118.344224
               },
               "southwest" : {
                  "lat" : 34.013262,
                  "lng" : -118.3568664
               }
            }
         },
         "partial_match" : true,
         "place_id" : "ChIJ-egRw6u5woARE3xPnp5TAaw",
         "types" : [ "route" ]
      },
      {
         "address_components" : [
            {
               "long_name" : "South Orange Avenue",
               "short_name" : "S Orange Ave",
               "types" : [ "route" ]
            },
            {
               "long_name" : "Monterey Park",
               "short_name" : "Monterey Park",
               "types" : [ "locality", "political" ]
            },
            {
               "long_name" : "Los Angeles County",
               "short_name" : "Los Angeles County",
               "types" : [ "administrative_area_level_2", "political" ]
            },
            {
               "long_name" : "California",
               "short_name" : "CA",
               "types" : [ "administrative_area_level_1", "political" ]
            },
            {
               "long_name" : "United States",
               "short_name" : "US",
               "types" : [ "country", "political" ]
            },
            {
               "long_name" : "91755",
               "short_name" : "91755",
               "types" : [ "postal_code" ]
            }
         ],
         "formatted_address" : "S Orange Ave, Monterey Park, CA 91755, USA",
         "geometry" : {
            "bounds" : {
               "northeast" : {
                  "lat" : 34.0624882,
                  "lng" : -118.110805
               },
               "southwest" : {
                  "lat" : 34.0401271,
                  "lng" : -118.114394
               }
            },
            "location" : {
               "lat" : 34.050886,
               "lng" : -118.1128055
            },
            "location_type" : "GEOMETRIC_CENTER",
            "viewport" : {
               "northeast" : {
                  "lat" : 34.0624882,
                  "lng" : -118.110805
               },
               "southwest" : {
                  "lat" : 34.0401271,
                  "lng" : -118.114394
               }
            }
         },
         "partial_match" : true,
         "place_id" : "ChIJW7QpgwLQwoARpZWazj39tvw",
         "types" : [ "route" ]
      },
      {
         "address_components" : [
            {
               "long_name" : "South Orange Avenue",
               "short_name" : "S Orange Ave",
               "types" : [ "route" ]
            },
            {
               "long_name" : "Azusa",
               "short_name" : "Azusa",
               "types" : [ "locality", "political" ]
            },
            {
               "long_name" : "Los Angeles County",
               "short_name" : "Los Angeles County",
               "types" : [ "administrative_area_level_2", "political" ]
            },
            {
               "long_name" : "California",
               "short_name" : "CA",
               "types" : [ "administrative_area_level_1", "political" ]
            },
            {
               "long_name" : "United States",
               "short_name" : "US",
               "types" : [ "country", "political" ]
            },
            {
               "long_name" : "91702",
               "short_name" : "91702",
               "types" : [ "postal_code" ]
            }
         ],
         "formatted_address" : "S Orange Ave, Azusa, CA 91702, USA",
         "geometry" : {
            "bounds" : {
               "northeast" : {
                  "lat" : 34.1216406,
                  "lng" : -117.912328
               },
               "southwest" : {
                  "lat" : 34.1142767,
                  "lng" : -117.9132507
               }
            },
            "location" : {
               "lat" : 34.1180188,
               "lng" : -117.9127297
            },
            "location_type" : "GEOMETRIC_CENTER",
            "viewport" : {
               "northeast" : {
                  "lat" : 34.1216406,
                  "lng" : -117.9114403697085
               },
               "southwest" : {
                  "lat" : 34.1142767,
                  "lng" : -117.9141383302915
               }
            }
         },
         "partial_match" : true,
         "place_id" : "ChIJKb2VSeUnw4ARqm7u4eYDd8M",
         "types" : [ "route" ]
      }
   ],
   "status" : "OK"
}
