{
   "results" : [
      {
         "address_components" : [
            {
               "long_name" : "France",
               "short_name" : "FR",
               "types" : [ "country", "political" ]
            }
         ],
         "formatted_address" : "France",
         "geometry" : {
            "bounds" : {
               "northeast" : {
                  "lat" : 51.0891658,
                  "lng" : 9.560067799999999
               },
               "southwest" : {
                  "lat" : 41.3423276,
                  "lng" : -5.1423076
               }
            },
            "location" : {
               "lat" : 46.227638,
               "lng" : 2.213749
            },
            "location_type" : "APPROXIMATE",
            "viewport" : {
               "northeast" : {
                  "lat" : 51.0891658,
                  "lng" : 9.5597934
               },
               "southwest" : {
                  "lat" : 41.3423276,
                  "lng" : -5.142141899999999
               }
            }
         },
         "partial_match" : true,
         "place_id" : "ChIJMVd4MymgVA0R99lHx5Y__Ws",
         "types" : [ "country", "political" ]
      }
   ],
   "status" : "OK"
}
