{
   "results" : [
      {
         "address_components" : [
            {
               "long_name" : "Sydney",
               "short_name" : "Sydney",
               "types" : [ "colloquial_area", "locality", "political" ]
            },
            {
               "long_name" : "New South Wales",
               "short_name" : "NSW",
               "types" : [ "administrative_area_level_1", "political" ]
            },
            {
               "long_name" : "Australia",
               "short_name" : "AU",
               "types" : [ "country", "political" ]
            }
         ],
         "formatted_address" : "Sydney NSW, Australia",
         "geometry" : {
            "bounds" : {
               "northeast" : {
                  "lat" : -33.4245981,
                  "lng" : 151.3426361
               },
               "southwest" : {
                  "lat" : -34.1692489,
                  "lng" : 150.502229
               }
            },
            "location" : {
               "lat" : -33.8674869,
               "lng" : 151.2069902
            },
            "location_type" : "APPROXIMATE",
            "viewport" : {
               "northeast" : {
                  "lat" : -33.4245981,
                  "lng" : 151.3426361
               },
               "southwest" : {
                  "lat" : -34.1692489,
                  "lng" : 150.502229
               }
            }
         },
         "partial_match" : true,
         "place_id" : "ChIJP3Sa8ziYEmsRUKgyFmh9AQM",
         "types" : [ "colloquial_area", "locality", "political" ]
      }
   ],
   "status" : "OK"
}
