{
   "results" : [
      {
         "address_components" : [
            {
               "long_name" : "Spring",
               "short_name" : "Spring",
               "types" : [ "locality", "political" ]
            },
            {
               "long_name" : "Harris County",
               "short_name" : "Harris County",
               "types" : [ "administrative_area_level_2", "political" ]
            },
            {
               "long_name" : "Texas",
               "short_name" : "TX",
               "types" : [ "administrative_area_level_1", "political" ]
            },
            {
               "long_name" : "United States",
               "short_name" : "US",
               "types" : [ "country", "political" ]
            }
         ],
         "formatted_address" : "Spring, TX, USA",
         "geometry" : {
            "bounds" : {
               "northeast" : {
                  "lat" : 30.11561489999999,
                  "lng" : -95.30924000000002
               },
               "southwest" : {
                  "lat" : 30.0262809,
                  "lng" : -95.43701799999999
               }
            },
            "location" : {
               "lat" : 30.0799405,
               "lng" : -95.41716009999999
            },
            "location_type" : "APPROXIMATE",
            "viewport" : {
               "northeast" : {
                  "lat" : 30.11561489999999,
                  "lng" : -95.30924000000002
               },
               "southwest" : {
                  "lat" : 30.0262809,
                  "lng" : -95.43701799999999
               }
            }
         },
         "place_id" : "ChIJS9vfRsbMQIYRKRux5PspYUk",
         "types" : [ "locality", "political" ]
      }
   ],
   "status" : "OK"
}
