{
   "results" : [
      {
         "address_components" : [
            {
               "long_name" : "Springfield",
               "short_name" : "Springfield",
               "types" : [ "locality", "political" ]
            },
            {
               "long_name" : "Sangamon County",
               "short_name" : "Sangamon County",
               "types" : [ "administrative_area_level_2", "political" ]
            },
            {
               "long_name" : "Illinois",
               "short_name" : "IL",
               "types" : [ "administrative_area_level_1", "political" ]
            },
            {
               "long_name" : "United States",
               "short_name" : "US",
               "types" : [ "country", "political" ]
            }
         ],
         "formatted_address" : "Springfield, IL, USA",
         "geometry" : {
            "bounds" : {
               "northeast" : {
                  "lat" : 39.874049,
                  "lng" : -89.5684858
               },
               "southwest" : {
                  "lat" : 39.6536259,
                  "lng" : -89.7731769
               }
            },
            "location" : {
               "lat" : 39.78172130000001,
               "lng" : -89.6501481
            },
            "location_type" : "APPROXIMATE",
            "viewport" : {
               "northeast" : {
                  "lat" : 39.874049,
                  "lng" : -89.5684858
               },
               "southwest" : {
                  "lat" : 39.6536259,
                  "lng" : -89.7731769
               }
            }
         },
         "place_id" : "ChIJd9HbJB05dYgRIm2ozO6CLOc",
         "types" : [ "locality", "political" ]
      }
   ],
   "status" : "OK"
}
