{
   "results" : [
      {
         "address_components" : [
            {
               "long_name" : "Saint Clairsville",
               "short_name" : "St Clairsville",
               "types" : [ "locality", "political" ]
            },
            {
               "long_name" : "Richland Township",
               "short_name" : "Richland Township",
               "types" : [ "administrative_area_level_3", "political" ]
            },
            {
               "long_name" : "Belmont County",
               "short_name" : "Belmont County",
               "types" : [ "administrative_area_level_2", "political" ]
            },
            {
               "long_name" : "Ohio",
               "short_name" : "OH",
               "types" : [ "administrative_area_level_1", "political" ]
            },
            {
               "long_name" : "United States",
               "short_name" : "US",
               "types" : [ "country", "political" ]
            },
            {
               "long_name" : "43950",
               "short_name" : "43950",
               "types" : [ "postal_code" ]
            }
         ],
         "formatted_address" : "St Clairsville, OH 43950, USA",
         "geometry" : {
            "bounds" : {
               "northeast" : {
                  "lat" : 40.097176,
                  "lng" : -80.87534909999999
               },
               "southwest" : {
                  "lat" : 40.0569829,
                  "lng" : -80.9266679
               }
            },
            "location" : {
               "lat" : 40.0803199,
               "lng" : -80.90176
            },
            "location_type" : "APPROXIMATE",
            "viewport" : {
               "northeast" : {
                  "lat" : 40.097176,
                  "lng" : -80.87534909999999
               },
               "southwest" : {
                  "lat" : 40.0569829,
                  "lng" : -80.9266679
               }
            }
         },
         "place_id" : "ChIJD9-5fMFwNogRmDV43jTEVS0",
         "types" : [ "locality", "political" ]
      }
   ],
   "status" : "OK"
}
