{
   "results" : [
      {
         "address_components" : [
            {
               "long_name" : "St. John's",
               "short_name" : "St. John's",
               "types" : [ "locality", "political" ]
            },
            {
               "long_name" : "Division No. 1",
               "short_name" : "Division No. 1",
               "types" : [ "administrative_area_level_2", "political" ]
            },
            {
               "long_name" : "Newfoundland and Labrador",
               "short_name" : "NL",
               "types" : [ "administrative_area_level_1", "political" ]
            },
            {
               "long_name" : "Canada",
               "short_name" : "CA",
               "types" : [ "country", "political" ]
            }
         ],
         "formatted_address" : "St. John's, NL, Canada",
         "geometry" : {
            "bounds" : {
               "northeast" : {
                  "lat" : 47.6340069,
                  "lng" : -52.619487
               },
               "southwest" : {
                  "lat" : 47.3303535,
                  "lng" : -53.03786789999999
               }
            },
            "location" : {
               "lat" : 47.5605413,
               "lng" : -52.71283150000001
            },
            "location_type" : "APPROXIMATE",
            "viewport" : {
               "northeast" : {
                  "lat" : 47.6340069,
                  "lng" : -52.619487
               },
               "southwest" : {
                  "lat" : 47.3303535,
                  "lng" : -53.03786789999999
               }
            }
         },
         "place_id" : "ChIJYaIKa46jDEsRHyYSHwDUH54",
         "types" : [ "locality", "political" ]
      }
   ],
   "status" : "OK"
}
