{
   "results" : [
      {
         "address_components" : [
            {
               "long_name" : "State College",
               "short_name" : "State College",
               "types" : [ "locality", "political" ]
            },
            {
               "long_name" : "Centre County",
               "short_name" : "Centre County",
               "types" : [ "administrative_area_level_2", "political" ]
            },
            {
               "long_name" : "Pennsylvania",
               "short_name" : "PA",
               "types" : [ "administrative_area_level_1", "political" ]
            },
            {
               "long_name" : "United States",
               "short_name" : "US",
               "types" : [ "country", "political" ]
            }
         ],
         "formatted_address" : "State College, PA, USA",
         "geometry" : {
            "bounds" : {
               "northeast" : {
                  "lat" : 40.8075369,
                  "lng" : -77.8191779
               },
               "southwest" : {
                  "lat" : 40.7684919,
                  "lng" : -77.885965
               }
            },
            "location" : {
               "lat" : 40.7933949,
               "lng" : -77.8600012
            },
            "location_type" : "APPROXIMATE",
            "viewport" : {
               "northeast" : {
                  "lat" : 40.8075369,
                  "lng" : -77.8191779
               },
               "southwest" : {
                  "lat" : 40.7684919,
                  "lng" : -77.885965
               }
            }
         },
         "place_id" : "ChIJc9s7wZmozokRkYA8g8LG4Zw",
         "types" : [ "locality", "political" ]
      }
   ],
   "status" : "OK"
}
