{
   "results" : [
      {
         "address_components" : [
            {
               "long_name" : "Stephenville",
               "short_name" : "Stephenville",
               "types" : [ "locality", "political" ]
            },
            {
               "long_name" : "Erath County",
               "short_name" : "Erath County",
               "types" : [ "administrative_area_level_2", "political" ]
            },
            {
               "long_name" : "Texas",
               "short_name" : "TX",
               "types" : [ "administrative_area_level_1", "political" ]
            },
            {
               "long_name" : "United States",
               "short_name" : "US",
               "types" : [ "country", "political" ]
            },
            {
               "long_name" : "76401",
               "short_name" : "76401",
               "types" : [ "postal_code" ]
            }
         ],
         "formatted_address" : "Stephenville, TX 76401, USA",
         "geometry" : {
            "bounds" : {
               "northeast" : {
                  "lat" : 32.241177,
                  "lng" : -98.1731089
               },
               "southwest" : {
                  "lat" : 32.188885,
                  "lng" : -98.26345690000001
               }
            },
            "location" : {
               "lat" : 32.2206958,
               "lng" : -98.2022633
            },
            "location_type" : "APPROXIMATE",
            "viewport" : {
               "northeast" : {
                  "lat" : 32.241177,
                  "lng" : -98.1731089
               },
               "southwest" : {
                  "lat" : 32.188885,
                  "lng" : -98.26345690000001
               }
            }
         },
         "place_id" : "ChIJ1y1qbCu3UYYRW6ReuDCiVZ0",
         "types" : [ "locality", "political" ]
      }
   ],
   "status" : "OK"
}
