{
   "results" : [
      {
         "address_components" : [
            {
               "long_name" : "Stevenage",
               "short_name" : "Stevenage",
               "types" : [ "locality", "political" ]
            },
            {
               "long_name" : "Hertfordshire",
               "short_name" : "Hertfordshire",
               "types" : [ "administrative_area_level_2", "political" ]
            },
            {
               "long_name" : "England",
               "short_name" : "England",
               "types" : [ "administrative_area_level_1", "political" ]
            },
            {
               "long_name" : "United Kingdom",
               "short_name" : "GB",
               "types" : [ "country", "political" ]
            }
         ],
         "formatted_address" : "Stevenage, Hertfordshire, UK",
         "geometry" : {
            "bounds" : {
               "northeast" : {
                  "lat" : 51.9357974,
                  "lng" : -0.1512887
               },
               "southwest" : {
                  "lat" : 51.8694469,
                  "lng" : -0.2343821
               }
            },
            "location" : {
               "lat" : 51.903761,
               "lng" : -0.196612
            },
            "location_type" : "APPROXIMATE",
            "viewport" : {
               "northeast" : {
                  "lat" : 51.9357974,
                  "lng" : -0.1512887
               },
               "southwest" : {
                  "lat" : 51.8694469,
                  "lng" : -0.2343821
               }
            }
         },
         "place_id" : "ChIJ2WQqoBYpdkgR-im-zuHmQUM",
         "types" : [ "locality", "political" ]
      }
   ],
   "status" : "OK"
}
