{
   "results" : [
      {
         "address_components" : [
            {
               "long_name" : "Stillwater",
               "short_name" : "Stillwater",
               "types" : [ "locality", "political" ]
            },
            {
               "long_name" : "Payne County",
               "short_name" : "Payne County",
               "types" : [ "administrative_area_level_2", "political" ]
            },
            {
               "long_name" : "Oklahoma",
               "short_name" : "OK",
               "types" : [ "administrative_area_level_1", "political" ]
            },
            {
               "long_name" : "United States",
               "short_name" : "US",
               "types" : [ "country", "political" ]
            }
         ],
         "formatted_address" : "Stillwater, OK, USA",
         "geometry" : {
            "bounds" : {
               "northeast" : {
                  "lat" : 36.2028449,
                  "lng" : -97.015489
               },
               "southwest" : {
                  "lat" : 36.0793398,
                  "lng" : -97.149722
               }
            },
            "location" : {
               "lat" : 36.1156071,
               "lng" : -97.0583681
            },
            "location_type" : "APPROXIMATE",
            "viewport" : {
               "northeast" : {
                  "lat" : 36.2028449,
                  "lng" : -97.015489
               },
               "southwest" : {
                  "lat" : 36.0793398,
                  "lng" : -97.149722
               }
            }
         },
         "place_id" : "ChIJI6-Z6_kJsYcRmdEQIBbakYw",
         "types" : [ "locality", "political" ]
      }
   ],
   "status" : "OK"
}
