{
   "results" : [
      {
         "address_components" : [
            {
               "long_name" : "Stockholm",
               "short_name" : "Stockholm",
               "types" : [ "locality", "political" ]
            },
            {
               "long_name" : "Stockholm",
               "short_name" : "Stockholm",
               "types" : [ "administrative_area_level_2", "political" ]
            },
            {
               "long_name" : "Stockholm County",
               "short_name" : "Stockholm County",
               "types" : [ "administrative_area_level_1", "political" ]
            },
            {
               "long_name" : "Sweden",
               "short_name" : "SE",
               "types" : [ "country", "political" ]
            }
         ],
         "formatted_address" : "Stockholm, Sweden",
         "geometry" : {
            "bounds" : {
               "northeast" : {
                  "lat" : 59.42784089999999,
                  "lng" : 18.198229
               },
               "southwest" : {
                  "lat" : 59.224443,
                  "lng" : 17.7768619
               }
            },
            "location" : {
               "lat" : 59.32932349999999,
               "lng" : 18.0685808
            },
            "location_type" : "APPROXIMATE",
            "viewport" : {
               "northeast" : {
                  "lat" : 59.42784089999999,
                  "lng" : 18.198229
               },
               "southwest" : {
                  "lat" : 59.224443,
                  "lng" : 17.7768619
               }
            }
         },
         "place_id" : "ChIJywtkGTF2X0YRZnedZ9MnDag",
         "types" : [ "locality", "political" ]
      }
   ],
   "status" : "OK"
}
