{
   "results" : [
      {
         "address_components" : [
            {
               "long_name" : "Stockton",
               "short_name" : "Stockton",
               "types" : [ "locality", "political" ]
            },
            {
               "long_name" : "San Joaquin County",
               "short_name" : "San Joaquin County",
               "types" : [ "administrative_area_level_2", "political" ]
            },
            {
               "long_name" : "California",
               "short_name" : "CA",
               "types" : [ "administrative_area_level_1", "political" ]
            },
            {
               "long_name" : "United States",
               "short_name" : "US",
               "types" : [ "country", "political" ]
            }
         ],
         "formatted_address" : "Stockton, CA, USA",
         "geometry" : {
            "bounds" : {
               "northeast" : {
                  "lat" : 38.0582999,
                  "lng" : -121.1840191
               },
               "southwest" : {
                  "lat" : 37.887747,
                  "lng" : -121.419736
               }
            },
            "location" : {
               "lat" : 37.9577016,
               "lng" : -121.2907796
            },
            "location_type" : "APPROXIMATE",
            "viewport" : {
               "northeast" : {
                  "lat" : 38.0582999,
                  "lng" : -121.1840191
               },
               "southwest" : {
                  "lat" : 37.887747,
                  "lng" : -121.419736
               }
            }
         },
         "place_id" : "ChIJgSFEe3MNkIAR2MtPBNH1dlg",
         "types" : [ "locality", "political" ]
      }
   ],
   "status" : "OK"
}
