{
   "results" : [
      {
         "address_components" : [
            {
               "long_name" : "Sumter",
               "short_name" : "Sumter",
               "types" : [ "locality", "political" ]
            },
            {
               "long_name" : "Sumter County",
               "short_name" : "Sumter County",
               "types" : [ "administrative_area_level_2", "political" ]
            },
            {
               "long_name" : "South Carolina",
               "short_name" : "SC",
               "types" : [ "administrative_area_level_1", "political" ]
            },
            {
               "long_name" : "United States",
               "short_name" : "US",
               "types" : [ "country", "political" ]
            }
         ],
         "formatted_address" : "Sumter, SC, USA",
         "geometry" : {
            "bounds" : {
               "northeast" : {
                  "lat" : 33.989263,
                  "lng" : -80.3060679
               },
               "southwest" : {
                  "lat" : 33.8633119,
                  "lng" : -80.448471
               }
            },
            "location" : {
               "lat" : 33.9204354,
               "lng" : -80.3414693
            },
            "location_type" : "APPROXIMATE",
            "viewport" : {
               "northeast" : {
                  "lat" : 33.989263,
                  "lng" : -80.3060679
               },
               "southwest" : {
                  "lat" : 33.8633119,
                  "lng" : -80.448471
               }
            }
         },
         "place_id" : "ChIJxVJPA7lo_4gRLmDerR6ncfM",
         "types" : [ "locality", "political" ]
      }
   ],
   "status" : "OK"
}
