{
   "results" : [
      {
         "address_components" : [
            {
               "long_name" : "Santa Cruz de Tenerife",
               "short_name" : "Santa Cruz de Tenerife",
               "types" : [ "locality", "political" ]
            },
            {
               "long_name" : "Santa Cruz de Tenerife",
               "short_name" : "Santa Cruz de Tenerife",
               "types" : [ "administrative_area_level_4", "political" ]
            },
            {
               "long_name" : "Anaga",
               "short_name" : "Anaga",
               "types" : [ "administrative_area_level_3", "political" ]
            },
            {
               "long_name" : "Santa Cruz de Tenerife",
               "short_name" : "TF",
               "types" : [ "administrative_area_level_2", "political" ]
            },
            {
               "long_name" : "Canarias",
               "short_name" : "CN",
               "types" : [ "administrative_area_level_1", "political" ]
            },
            {
               "long_name" : "Spain",
               "short_name" : "ES",
               "types" : [ "country", "political" ]
            }
         ],
         "formatted_address" : "Santa Cruz de Tenerife, Santa Cruz de Tenerife, Spain",
         "geometry" : {
            "bounds" : {
               "northeast" : {
                  "lat" : 28.487616,
                  "lng" : -16.2356646
               },
               "southwest" : {
                  "lat" : 28.4280248,
                  "lng" : -16.3370045
               }
            },
            "location" : {
               "lat" : 28.4636296,
               "lng" : -16.2518467
            },
            "location_type" : "APPROXIMATE",
            "viewport" : {
               "northeast" : {
                  "lat" : 28.487616,
                  "lng" : -16.2356646
               },
               "southwest" : {
                  "lat" : 28.4280248,
                  "lng" : -16.3370045
               }
            }
         },
         "place_id" : "ChIJcUElzOzMQQwRLuV30nMUEUM",
         "types" : [ "locality", "political" ]
      },
      {
         "address_components" : [
            {
               "long_name" : "Tenerife",
               "short_name" : "Tenerife",
               "types" : [ "natural_feature", "establishment" ]
            },
            {
               "long_name" : "Spain",
               "short_name" : "ES",
               "types" : [ "country", "political" ]
            }
         ],
         "formatted_address" : "Tenerife, Spain",
         "geometry" : {
            "bounds" : {
               "northeast" : {
                  "lat" : 28.5893007,
                  "lng" : -16.1194386
               },
               "southwest" : {
                  "lat" : 27.9980726,
                  "lng" : -16.9259232
               }
            },
            "location" : {
               "lat" : 28.2915637,
               "lng" : -16.6291304
            },
            "location_type" : "APPROXIMATE",
            "viewport" : {
               "northeast" : {
                  "lat" : 28.5893007,
                  "lng" : -16.1194386
               },
               "southwest" : {
                  "lat" : 27.9980726,
                  "lng" : -16.9259223
               }
            }
         },
         "place_id" : "ChIJ7YKG_u8pQAwRPK9LyPFLGrA",
         "types" : [ "natural_feature", "establishment" ]
      }
   ],
   "status" : "OK"
}
