{
   "results" : [
      {
         "address_components" : [
            {
               "long_name" : "Thunder Bay",
               "short_name" : "Thunder Bay",
               "types" : [ "locality", "political" ]
            },
            {
               "long_name" : "Thunder Bay District",
               "short_name" : "Thunder Bay District",
               "types" : [ "administrative_area_level_2", "political" ]
            },
            {
               "long_name" : "Ontario",
               "short_name" : "ON",
               "types" : [ "administrative_area_level_1", "political" ]
            },
            {
               "long_name" : "Canada",
               "short_name" : "CA",
               "types" : [ "country", "political" ]
            }
         ],
         "formatted_address" : "Thunder Bay, ON, Canada",
         "geometry" : {
            "bounds" : {
               "northeast" : {
                  "lat" : 48.515816,
                  "lng" : -89.1161462
               },
               "southwest" : {
                  "lat" : 48.28930099999999,
                  "lng" : -89.4278451
               }
            },
            "location" : {
               "lat" : 48.3808951,
               "lng" : -89.24768229999999
            },
            "location_type" : "APPROXIMATE",
            "viewport" : {
               "northeast" : {
                  "lat" : 48.515816,
                  "lng" : -89.1161462
               },
               "southwest" : {
                  "lat" : 48.28930099999999,
                  "lng" : -89.4278451
               }
            }
         },
         "place_id" : "ChIJjekWTHchWU0RdIsdjzRXBT0",
         "types" : [ "locality", "political" ]
      }
   ],
   "status" : "OK"
}
