{
   "results" : [
      {
         "address_components" : [
            {
               "long_name" : "Tinley Park",
               "short_name" : "Tinley Park",
               "types" : [ "locality", "political" ]
            },
            {
               "long_name" : "Cook County",
               "short_name" : "Cook County",
               "types" : [ "administrative_area_level_2", "political" ]
            },
            {
               "long_name" : "Illinois",
               "short_name" : "IL",
               "types" : [ "administrative_area_level_1", "political" ]
            },
            {
               "long_name" : "United States",
               "short_name" : "US",
               "types" : [ "country", "political" ]
            }
         ],
         "formatted_address" : "Tinley Park, IL, USA",
         "geometry" : {
            "bounds" : {
               "northeast" : {
                  "lat" : 41.603833,
                  "lng" : -87.75941
               },
               "southwest" : {
                  "lat" : 41.5244341,
                  "lng" : -87.8562939
               }
            },
            "location" : {
               "lat" : 41.5731442,
               "lng" : -87.79329389999999
            },
            "location_type" : "APPROXIMATE",
            "viewport" : {
               "northeast" : {
                  "lat" : 41.603833,
                  "lng" : -87.75941
               },
               "southwest" : {
                  "lat" : 41.5244341,
                  "lng" : -87.8562939
               }
            }
         },
         "place_id" : "ChIJZfioBYwVDogRmNgWCDHc7-4",
         "types" : [ "locality", "political" ]
      }
   ],
   "status" : "OK"
}
