{
   "results" : [
      {
         "address_components" : [
            {
               "long_name" : "Tipperary",
               "short_name" : "Tipperary",
               "types" : [ "administrative_area_level_1", "political" ]
            },
            {
               "long_name" : "Ireland",
               "short_name" : "IE",
               "types" : [ "country", "political" ]
            }
         ],
         "formatted_address" : "Co. Tipperary, Ireland",
         "geometry" : {
            "bounds" : {
               "northeast" : {
                  "lat" : 53.1675822,
                  "lng" : -7.372055800000001
               },
               "southwest" : {
                  "lat" : 52.2020144,
                  "lng" : -8.4800793
               }
            },
            "location" : {
               "lat" : 52.47378940000001,
               "lng" : -8.1618514
            },
            "location_type" : "APPROXIMATE",
            "viewport" : {
               "northeast" : {
                  "lat" : 53.1675822,
                  "lng" : -7.3720599
               },
               "southwest" : {
                  "lat" : 52.2020144,
                  "lng" : -8.4800793
               }
            }
         },
         "place_id" : "ChIJX7R4YLfGXEgR0B2Y8azHABg",
         "types" : [ "administrative_area_level_1", "political" ]
      },
      {
         "address_components" : [
            {
               "long_name" : "Tipperary",
               "short_name" : "Tipperary",
               "types" : [ "locality", "political" ]
            },
            {
               "long_name" : "South Tipperary",
               "short_name" : "South Tipperary",
               "types" : [ "administrative_area_level_2", "political" ]
            },
            {
               "long_name" : "Tipperary",
               "short_name" : "Tipperary",
               "types" : [ "administrative_area_level_1", "political" ]
            },
            {
               "long_name" : "Ireland",
               "short_name" : "IE",
               "types" : [ "country", "political" ]
            }
         ],
         "formatted_address" : "Tipperary, Ireland",
         "geometry" : {
            "location" : {
               "lat" : 52.47472639999999,
               "lng" : -8.154442599999999
            },
            "location_type" : "APPROXIMATE",
            "viewport" : {
               "northeast" : {
                  "lat" : 52.47607538029149,
                  "lng" : -8.153093619708496
               },
               "southwest" : {
                  "lat" : 52.4733774197085,
                  "lng" : -8.155791580291501
               }
            }
         },
         "place_id" : "ChIJlTpMqmiyXEgRYHUxl6nHAAo",
         "types" : [ "locality", "political" ]
      }
   ],
   "status" : "OK"
}
