{
   "results" : [
      {
         "address_components" : [
            {
               "long_name" : "Tournai",
               "short_name" : "Tournai",
               "types" : [ "locality", "political" ]
            },
            {
               "long_name" : "Hainaut",
               "short_name" : "HT",
               "types" : [ "administrative_area_level_2", "political" ]
            },
            {
               "long_name" : "Walloon Region",
               "short_name" : "Walloon Region",
               "types" : [ "administrative_area_level_1", "political" ]
            },
            {
               "long_name" : "Belgium",
               "short_name" : "BE",
               "types" : [ "country", "political" ]
            }
         ],
         "formatted_address" : "Tournai, Belgium",
         "geometry" : {
            "bounds" : {
               "northeast" : {
                  "lat" : 50.6887801,
                  "lng" : 3.57688
               },
               "southwest" : {
                  "lat" : 50.5523099,
                  "lng" : 3.24408
               }
            },
            "location" : {
               "lat" : 50.6056475,
               "lng" : 3.3879338
            },
            "location_type" : "APPROXIMATE",
            "viewport" : {
               "northeast" : {
                  "lat" : 50.6887801,
                  "lng" : 3.57688
               },
               "southwest" : {
                  "lat" : 50.5523099,
                  "lng" : 3.24408
               }
            }
         },
         "place_id" : "ChIJ4zuyShjgwkcRMHFNL6uZAAQ",
         "types" : [ "locality", "political" ]
      },
      {
         "address_components" : [
            {
               "long_name" : "Tournai",
               "short_name" : "Tournai",
               "types" : [ "sublocality_level_1", "sublocality", "political" ]
            },
            {
               "long_name" : "Tournai",
               "short_name" : "Tournai",
               "types" : [ "locality", "political" ]
            },
            {
               "long_name" : "Hainaut",
               "short_name" : "HT",
               "types" : [ "administrative_area_level_2", "political" ]
            },
            {
               "long_name" : "Région wallonne",
               "short_name" : "Région wallonne",
               "types" : [ "administrative_area_level_1", "political" ]
            },
            {
               "long_name" : "Belgium",
               "short_name" : "BE",
               "types" : [ "country", "political" ]
            },
            {
               "long_name" : "7500",
               "short_name" : "7500",
               "types" : [ "postal_code" ]
            }
         ],
         "formatted_address" : "Tournai, 7500 Tournai, Belgium",
         "geometry" : {
            "location" : {
               "lat" : 50.6056059,
               "lng" : 3.3880367
            },
            "location_type" : "APPROXIMATE",
            "viewport" : {
               "northeast" : {
                  "lat" : 50.6069548802915,
                  "lng" : 3.389385680291502
               },
               "southwest" : {
                  "lat" : 50.6042569197085,
                  "lng" : 3.386687719708498
               }
            }
         },
         "place_id" : "ChIJa_nf7HXgwkcRoXMgsot9W9A",
         "types" : [ "sublocality_level_1", "sublocality", "political" ]
      }
   ],
   "status" : "OK"
}
