{
   "results" : [
      {
         "address_components" : [
            {
               "long_name" : "Trelew",
               "short_name" : "Trelew",
               "types" : [ "locality", "political" ]
            },
            {
               "long_name" : "Rawson Department",
               "short_name" : "Rawson Department",
               "types" : [ "administrative_area_level_2", "political" ]
            },
            {
               "long_name" : "Chubut Province",
               "short_name" : "Chubut Province",
               "types" : [ "administrative_area_level_1", "political" ]
            },
            {
               "long_name" : "Argentina",
               "short_name" : "AR",
               "types" : [ "country", "political" ]
            }
         ],
         "formatted_address" : "Trelew, Chubut Province, Argentina",
         "geometry" : {
            "bounds" : {
               "northeast" : {
                  "lat" : -43.2301712,
                  "lng" : -65.24713149999999
               },
               "southwest" : {
                  "lat" : -43.2964816,
                  "lng" : -65.37896859999999
               }
            },
            "location" : {
               "lat" : -43.2493016,
               "lng" : -65.30763510000001
            },
            "location_type" : "APPROXIMATE",
            "viewport" : {
               "northeast" : {
                  "lat" : -43.2301712,
                  "lng" : -65.24713149999999
               },
               "southwest" : {
                  "lat" : -43.2964816,
                  "lng" : -65.37896859999999
               }
            }
         },
         "place_id" : "ChIJu2lnz7ZEAb4RDS4Tr3ZsvZw",
         "types" : [ "locality", "political" ]
      }
   ],
   "status" : "OK"
}
