{
   "results" : [
      {
         "address_components" : [
            {
               "long_name" : "Troy",
               "short_name" : "Troy",
               "types" : [ "locality", "political" ]
            },
            {
               "long_name" : "Jarvis Township",
               "short_name" : "Jarvis Township",
               "types" : [ "administrative_area_level_3", "political" ]
            },
            {
               "long_name" : "Madison County",
               "short_name" : "Madison County",
               "types" : [ "administrative_area_level_2", "political" ]
            },
            {
               "long_name" : "Illinois",
               "short_name" : "IL",
               "types" : [ "administrative_area_level_1", "political" ]
            },
            {
               "long_name" : "United States",
               "short_name" : "US",
               "types" : [ "country", "political" ]
            }
         ],
         "formatted_address" : "Troy, IL, USA",
         "geometry" : {
            "bounds" : {
               "northeast" : {
                  "lat" : 38.747927,
                  "lng" : -89.86634099999999
               },
               "southwest" : {
                  "lat" : 38.7013249,
                  "lng" : -89.9331249
               }
            },
            "location" : {
               "lat" : 38.7292147,
               "lng" : -89.8831541
            },
            "location_type" : "APPROXIMATE",
            "viewport" : {
               "northeast" : {
                  "lat" : 38.747927,
                  "lng" : -89.86634099999999
               },
               "southwest" : {
                  "lat" : 38.7013249,
                  "lng" : -89.9331249
               }
            }
         },
         "place_id" : "ChIJkb8d23H8dYgRWfyubYlgDQ0",
         "types" : [ "locality", "political" ]
      }
   ],
   "status" : "OK"
}
