{
   "results" : [
      {
         "address_components" : [
            {
               "long_name" : "Truckee",
               "short_name" : "Truckee",
               "types" : [ "locality", "political" ]
            },
            {
               "long_name" : "Nevada County",
               "short_name" : "Nevada County",
               "types" : [ "administrative_area_level_2", "political" ]
            },
            {
               "long_name" : "California",
               "short_name" : "CA",
               "types" : [ "administrative_area_level_1", "political" ]
            },
            {
               "long_name" : "United States",
               "short_name" : "US",
               "types" : [ "country", "political" ]
            },
            {
               "long_name" : "96161",
               "short_name" : "96161",
               "types" : [ "postal_code" ]
            }
         ],
         "formatted_address" : "Truckee, CA 96161, USA",
         "geometry" : {
            "bounds" : {
               "northeast" : {
                  "lat" : 39.3873249,
                  "lng" : -120.0772791
               },
               "southwest" : {
                  "lat" : 39.31619389999999,
                  "lng" : -120.3015919
               }
            },
            "location" : {
               "lat" : 39.327962,
               "lng" : -120.1832533
            },
            "location_type" : "APPROXIMATE",
            "viewport" : {
               "northeast" : {
                  "lat" : 39.3873249,
                  "lng" : -120.0772791
               },
               "southwest" : {
                  "lat" : 39.31619389999999,
                  "lng" : -120.3015919
               }
            }
         },
         "place_id" : "ChIJ141OPOzfm4ARyfw0wYgvF20",
         "types" : [ "locality", "political" ]
      }
   ],
   "status" : "OK"
}
