{
   "results" : [
      {
         "address_components" : [
            {
               "long_name" : "Utica",
               "short_name" : "Utica",
               "types" : [ "locality", "political" ]
            },
            {
               "long_name" : "Oneida County",
               "short_name" : "Oneida County",
               "types" : [ "administrative_area_level_2", "political" ]
            },
            {
               "long_name" : "New York",
               "short_name" : "NY",
               "types" : [ "administrative_area_level_1", "political" ]
            },
            {
               "long_name" : "United States",
               "short_name" : "US",
               "types" : [ "country", "political" ]
            }
         ],
         "formatted_address" : "Utica, NY, USA",
         "geometry" : {
            "bounds" : {
               "northeast" : {
                  "lat" : 43.132269,
                  "lng" : -75.1609059
               },
               "southwest" : {
                  "lat" : 43.0644689,
                  "lng" : -75.29529599999999
               }
            },
            "location" : {
               "lat" : 43.100903,
               "lng" : -75.232664
            },
            "location_type" : "APPROXIMATE",
            "viewport" : {
               "northeast" : {
                  "lat" : 43.132269,
                  "lng" : -75.1609059
               },
               "southwest" : {
                  "lat" : 43.0644689,
                  "lng" : -75.29529599999999
               }
            }
         },
         "place_id" : "ChIJKXZqNVE32YkRhvztGCY2GhE",
         "types" : [ "locality", "political" ]
      }
   ],
   "status" : "OK"
}
