{
   "results" : [
      {
         "address_components" : [
            {
               "long_name" : "Vancouver",
               "short_name" : "Vancouver",
               "types" : [ "locality", "political" ]
            },
            {
               "long_name" : "Greater Vancouver",
               "short_name" : "Greater Vancouver",
               "types" : [ "administrative_area_level_2", "political" ]
            },
            {
               "long_name" : "British Columbia",
               "short_name" : "BC",
               "types" : [ "administrative_area_level_1", "political" ]
            },
            {
               "long_name" : "Canada",
               "short_name" : "CA",
               "types" : [ "country", "political" ]
            }
         ],
         "formatted_address" : "Vancouver, BC, Canada",
         "geometry" : {
            "bounds" : {
               "northeast" : {
                  "lat" : 49.3140764,
                  "lng" : -123.023068
               },
               "southwest" : {
                  "lat" : 49.19817700000001,
                  "lng" : -123.224759
               }
            },
            "location" : {
               "lat" : 49.2827291,
               "lng" : -123.1207375
            },
            "location_type" : "APPROXIMATE",
            "viewport" : {
               "northeast" : {
                  "lat" : 49.3140764,
                  "lng" : -123.023068
               },
               "southwest" : {
                  "lat" : 49.19817700000001,
                  "lng" : -123.224759
               }
            }
         },
         "place_id" : "ChIJs0-pQ_FzhlQRi_OBm-qWkbs",
         "types" : [ "locality", "political" ]
      }
   ],
   "status" : "OK"
}
