{
   "results" : [
      {
         "address_components" : [
            {
               "long_name" : "Visby",
               "short_name" : "Visby",
               "types" : [ "locality", "political" ]
            },
            {
               "long_name" : "Gotland",
               "short_name" : "Gotland",
               "types" : [ "administrative_area_level_2", "political" ]
            },
            {
               "long_name" : "Gotland County",
               "short_name" : "Gotland County",
               "types" : [ "administrative_area_level_1", "political" ]
            },
            {
               "long_name" : "Sweden",
               "short_name" : "SE",
               "types" : [ "country", "political" ]
            }
         ],
         "formatted_address" : "Visby, Sweden",
         "geometry" : {
            "bounds" : {
               "northeast" : {
                  "lat" : 57.6537687,
                  "lng" : 18.3608929
               },
               "southwest" : {
                  "lat" : 57.599706,
                  "lng" : 18.2583508
               }
            },
            "location" : {
               "lat" : 57.6348,
               "lng" : 18.29484
            },
            "location_type" : "APPROXIMATE",
            "viewport" : {
               "northeast" : {
                  "lat" : 57.6537687,
                  "lng" : 18.3608929
               },
               "southwest" : {
                  "lat" : 57.599706,
                  "lng" : 18.2583508
               }
            }
         },
         "place_id" : "ChIJCc4i0dOo90YRwAmNsvX-AAo",
         "types" : [ "locality", "political" ]
      }
   ],
   "status" : "OK"
}
