{
   "results" : [
      {
         "address_components" : [
            {
               "long_name" : "Washington",
               "short_name" : "Washington",
               "types" : [ "locality", "political" ]
            },
            {
               "long_name" : "District of Columbia",
               "short_name" : "District of Columbia",
               "types" : [ "administrative_area_level_2", "political" ]
            },
            {
               "long_name" : "District of Columbia",
               "short_name" : "DC",
               "types" : [ "administrative_area_level_1", "political" ]
            },
            {
               "long_name" : "United States",
               "short_name" : "US",
               "types" : [ "country", "political" ]
            }
         ],
         "formatted_address" : "Washington, DC, USA",
         "geometry" : {
            "bounds" : {
               "northeast" : {
                  "lat" : 38.995548,
                  "lng" : -76.90939299999999
               },
               "southwest" : {
                  "lat" : 38.8031495,
                  "lng" : -77.11973999999999
               }
            },
            "location" : {
               "lat" : 38.9071923,
               "lng" : -77.03687069999999
            },
            "location_type" : "APPROXIMATE",
            "viewport" : {
               "northeast" : {
                  "lat" : 38.995548,
                  "lng" : -76.90939299999999
               },
               "southwest" : {
                  "lat" : 38.8031495,
                  "lng" : -77.11973999999999
               }
            }
         },
         "place_id" : "ChIJW-T2Wt7Gt4kRKl2I1CJFUsI",
         "types" : [ "locality", "political" ]
      },
      {
         "address_components" : [
            {
               "long_name" : "Washington",
               "short_name" : "Washington",
               "types" : [ "locality", "political" ]
            },
            {
               "long_name" : "Hampton",
               "short_name" : "Hampton",
               "types" : [ "administrative_area_level_3", "political" ]
            },
            {
               "long_name" : "Rappahannock County",
               "short_name" : "Rappahannock County",
               "types" : [ "administrative_area_level_2", "political" ]
            },
            {
               "long_name" : "Virginia",
               "short_name" : "VA",
               "types" : [ "administrative_area_level_1", "political" ]
            },
            {
               "long_name" : "United States",
               "short_name" : "US",
               "types" : [ "country", "political" ]
            },
            {
               "long_name" : "22747",
               "short_name" : "22747",
               "types" : [ "postal_code" ]
            }
         ],
         "formatted_address" : "Washington, VA 22747, USA",
         "geometry" : {
            "bounds" : {
               "northeast" : {
                  "lat" : 38.717447,
                  "lng" : -78.1546579
               },
               "southwest" : {
                  "lat" : 38.7077278,
                  "lng" : -78.16559889999999
               }
            },
            "location" : {
               "lat" : 38.7134519,
               "lng" : -78.1594439
            },
            "location_type" : "APPROXIMATE",
            "viewport" : {
               "northeast" : {
                  "lat" : 38.717447,
                  "lng" : -78.1546579
               },
               "southwest" : {
                  "lat" : 38.7077278,
                  "lng" : -78.16559889999999
               }
            }
         },
         "place_id" : "ChIJgcQcZykztIkRdZRJgYO-NM4",
         "types" : [ "locality", "political" ]
      },
      {
         "address_components" : [
            {
               "long_name" : "Washington",
               "short_name" : "Washington",
               "types" : [ "locality", "political" ]
            },
            {
               "long_name" : "Washington County",
               "short_name" : "Washington County",
               "types" : [ "administrative_area_level_2", "political" ]
            },
            {
               "long_name" : "Utah",
               "short_name" : "UT",
               "types" : [ "administrative_area_level_1", "political" ]
            },
            {
               "long_name" : "United States",
               "short_name" : "US",
               "types" : [ "country", "political" ]
            }
         ],
         "formatted_address" : "Washington, UT, USA",
         "geometry" : {
            "bounds" : {
               "northeast" : {
                  "lat" : 37.1912612,
                  "lng" : -113.4216337
               },
               "southwest" : {
                  "lat" : 37.0449575,
                  "lng" : -113.5366738
               }
            },
            "location" : {
               "lat" : 37.1305373,
               "lng" : -113.5082867
            },
            "location_type" : "APPROXIMATE",
            "viewport" : {
               "northeast" : {
                  "lat" : 37.1912612,
                  "lng" : -113.4216337
               },
               "southwest" : {
                  "lat" : 37.0449575,
                  "lng" : -113.5366738
               }
            }
         },
         "place_id" : "ChIJM8ibgoBZyoARipTj-GvKL3M",
         "types" : [ "locality", "political" ]
      },
      {
         "address_components" : [
            {
               "long_name" : "Washington",
               "short_name" : "Washington",
               "types" : [ "locality", "political" ]
            },
            {
               "long_name" : "Washington",
               "short_name" : "Washington",
               "types" : [ "administrative_area_level_3", "political" ]
            },
            {
               "long_name" : "Washington County",
               "short_name" : "Washington County",
               "types" : [ "administrative_area_level_2", "political" ]
            },
            {
               "long_name" : "Iowa",
               "short_name" : "IA",
               "types" : [ "administrative_area_level_1", "political" ]
            },
            {
               "long_name" : "United States",
               "short_name" : "US",
               "types" : [ "country", "political" ]
            },
            {
               "long_name" : "52353",
               "short_name" : "52353",
               "types" : [ "postal_code" ]
            }
         ],
         "formatted_address" : "Washington, IA 52353, USA",
         "geometry" : {
            "bounds" : {
               "northeast" : {
                  "lat" : 41.3163429,
                  "lng" : -91.66413799999999
               },
               "southwest" : {
                  "lat" : 41.279653,
                  "lng" : -91.7225869
               }
            },
            "location" : {
               "lat" : 41.30140770000001,
               "lng" : -91.69164169999999
            },
            "location_type" : "APPROXIMATE",
            "viewport" : {
               "northeast" : {
                  "lat" : 41.3163429,
                  "lng" : -91.66413799999999
               },
               "southwest" : {
                  "lat" : 41.279653,
                  "lng" : -91.7225869
               }
            }
         },
         "place_id" : "ChIJGeFayWco5IcR6l_c2SoPa_0",
         "types" : [ "locality", "political" ]
      },
      {
         "address_components" : [
            {
               "long_name" : "Washington",
               "short_name" : "Washington",
               "types" : [ "locality", "political" ]
            },
            {
               "long_name" : "Wilkes County",
               "short_name" : "Wilkes County",
               "types" : [ "administrative_area_level_2", "political" ]
            },
            {
               "long_name" : "Georgia",
               "short_name" : "GA",
               "types" : [ "administrative_area_level_1", "political" ]
            },
            {
               "long_name" : "United States",
               "short_name" : "US",
               "types" : [ "country", "political" ]
            },
            {
               "long_name" : "30673",
               "short_name" : "30673",
               "types" : [ "postal_code" ]
            }
         ],
         "formatted_address" : "Washington, GA 30673, USA",
         "geometry" : {
            "bounds" : {
               "northeast" : {
                  "lat" : 33.7568209,
                  "lng" : -82.7132029
               },
               "southwest" : {
                  "lat" : 33.705673,
                  "lng" : -82.783627
               }
            },
            "location" : {
               "lat" : 33.7367948,
               "lng" : -82.7393089
            },
            "location_type" : "APPROXIMATE",
            "viewport" : {
               "northeast" : {
                  "lat" : 33.7568209,
                  "lng" : -82.7132029
               },
               "southwest" : {
                  "lat" : 33.705673,
                  "lng" : -82.783627
               }
            }
         },
         "place_id" : "ChIJ81BBKaql94gR3lSoBi3ngMM",
         "types" : [ "locality", "political" ]
      },
      {
         "address_components" : [
            {
               "long_name" : "Washington",
               "short_name" : "Washington",
               "types" : [ "locality", "political" ]
            },
            {
               "long_name" : "Lubeck",
               "short_name" : "Lubeck",
               "types" : [ "administrative_area_level_3", "political" ]
            },
            {
               "long_name" : "Wood County",
               "short_name" : "Wood County",
               "types" : [ "administrative_area_level_2", "political" ]
            },
            {
               "long_name" : "West Virginia",
               "short_name" : "WV",
               "types" : [ "administrative_area_level_1", "political" ]
            },
            {
               "long_name" : "United States",
               "short_name" : "US",
               "types" : [ "country", "political" ]
            }
         ],
         "formatted_address" : "Washington, WV, USA",
         "geometry" : {
            "bounds" : {
               "northeast" : {
                  "lat" : 39.2625859,
                  "lng" : -81.644955
               },
               "southwest" : {
                  "lat" : 39.22258009999999,
                  "lng" : -81.69162799999999
               }
            },
            "location" : {
               "lat" : 39.244853,
               "lng" : -81.6637765
            },
            "location_type" : "APPROXIMATE",
            "viewport" : {
               "northeast" : {
                  "lat" : 39.2625859,
                  "lng" : -81.644955
               },
               "southwest" : {
                  "lat" : 39.22258009999999,
                  "lng" : -81.69162799999999
               }
            }
         },
         "place_id" : "ChIJmVYtjW1PSIgR0MWRd5Rd9wM",
         "types" : [ "locality", "political" ]
      }
   ],
   "status" : "OK"
}
