{
   "results" : [
      {
         "address_components" : [
            {
               "long_name" : "Watertown",
               "short_name" : "Watertown",
               "types" : [ "locality", "political" ]
            },
            {
               "long_name" : "Codington County",
               "short_name" : "Codington County",
               "types" : [ "administrative_area_level_2", "political" ]
            },
            {
               "long_name" : "South Dakota",
               "short_name" : "SD",
               "types" : [ "administrative_area_level_1", "political" ]
            },
            {
               "long_name" : "United States",
               "short_name" : "US",
               "types" : [ "country", "political" ]
            },
            {
               "long_name" : "57201",
               "short_name" : "57201",
               "types" : [ "postal_code" ]
            }
         ],
         "formatted_address" : "Watertown, SD 57201, USA",
         "geometry" : {
            "bounds" : {
               "northeast" : {
                  "lat" : 44.953685,
                  "lng" : -97.04501689999999
               },
               "southwest" : {
                  "lat" : 44.866051,
                  "lng" : -97.2547721
               }
            },
            "location" : {
               "lat" : 44.8994088,
               "lng" : -97.1150732
            },
            "location_type" : "APPROXIMATE",
            "viewport" : {
               "northeast" : {
                  "lat" : 44.953685,
                  "lng" : -97.04501689999999
               },
               "southwest" : {
                  "lat" : 44.866051,
                  "lng" : -97.2547721
               }
            }
         },
         "place_id" : "ChIJa88y1dHXzFIRzRUOgdgFr-k",
         "types" : [ "locality", "political" ]
      }
   ],
   "status" : "OK"
}
