{
   "results" : [
      {
         "address_components" : [
            {
               "long_name" : "Wellington",
               "short_name" : "Wellington",
               "types" : [ "locality", "political" ]
            },
            {
               "long_name" : "Wellington City",
               "short_name" : "Wellington City",
               "types" : [ "administrative_area_level_2", "political" ]
            },
            {
               "long_name" : "Wellington",
               "short_name" : "Wellington",
               "types" : [ "administrative_area_level_1", "political" ]
            },
            {
               "long_name" : "New Zealand",
               "short_name" : "NZ",
               "types" : [ "country", "political" ]
            }
         ],
         "formatted_address" : "Wellington, New Zealand",
         "geometry" : {
            "bounds" : {
               "northeast" : {
                  "lat" : -41.126285,
                  "lng" : 174.9106252
               },
               "southwest" : {
                  "lat" : -41.3624551,
                  "lng" : 174.613084
               }
            },
            "location" : {
               "lat" : -41.2864603,
               "lng" : 174.776236
            },
            "location_type" : "APPROXIMATE",
            "viewport" : {
               "northeast" : {
                  "lat" : -41.126285,
                  "lng" : 174.9106252
               },
               "southwest" : {
                  "lat" : -41.3624551,
                  "lng" : 174.613084
               }
            }
         },
         "place_id" : "ChIJy3TpSfyxOG0RcLQTomPvAAo",
         "types" : [ "locality", "political" ]
      },
      {
         "address_components" : [
            {
               "long_name" : "Wellington",
               "short_name" : "Wellington",
               "types" : [ "sublocality_level_1", "sublocality", "political" ]
            },
            {
               "long_name" : "Wellington",
               "short_name" : "Wellington",
               "types" : [ "locality", "political" ]
            },
            {
               "long_name" : "Wellington City",
               "short_name" : "Wellington City",
               "types" : [ "administrative_area_level_2", "political" ]
            },
            {
               "long_name" : "Wellington",
               "short_name" : "Wellington",
               "types" : [ "administrative_area_level_1", "political" ]
            },
            {
               "long_name" : "New Zealand",
               "short_name" : "NZ",
               "types" : [ "country", "political" ]
            }
         ],
         "formatted_address" : "Wellington, Wellington, New Zealand",
         "geometry" : {
            "bounds" : {
               "northeast" : {
                  "lat" : -41.2779306,
                  "lng" : 174.780461
               },
               "southwest" : {
                  "lat" : -41.2911216,
                  "lng" : 174.7707681
               }
            },
            "location" : {
               "lat" : -41.2864257,
               "lng" : 174.7762442
            },
            "location_type" : "APPROXIMATE",
            "viewport" : {
               "northeast" : {
                  "lat" : -41.2779306,
                  "lng" : 174.780461
               },
               "southwest" : {
                  "lat" : -41.2911216,
                  "lng" : 174.7707681
               }
            }
         },
         "place_id" : "ChIJjfUaH9WvOG0R4BijQ2HvAAU",
         "types" : [ "sublocality_level_1", "sublocality", "political" ]
      }
   ],
   "status" : "OK"
}
