{
   "results" : [
      {
         "address_components" : [
            {
               "long_name" : "Whakatane",
               "short_name" : "Whakatane",
               "types" : [ "locality", "political" ]
            },
            {
               "long_name" : "Whakatane District",
               "short_name" : "Whakatane District",
               "types" : [ "administrative_area_level_2", "political" ]
            },
            {
               "long_name" : "Bay Of Plenty",
               "short_name" : "Bay Of Plenty",
               "types" : [ "administrative_area_level_1", "political" ]
            },
            {
               "long_name" : "New Zealand",
               "short_name" : "NZ",
               "types" : [ "country", "political" ]
            }
         ],
         "formatted_address" : "Whakatane, New Zealand",
         "geometry" : {
            "bounds" : {
               "northeast" : {
                  "lat" : -37.94054029999999,
                  "lng" : 177.015279
               },
               "southwest" : {
                  "lat" : -38.0100762,
                  "lng" : 176.9545984
               }
            },
            "location" : {
               "lat" : -37.9534115,
               "lng" : 176.9908015
            },
            "location_type" : "APPROXIMATE",
            "viewport" : {
               "northeast" : {
                  "lat" : -37.94054029999999,
                  "lng" : 177.015279
               },
               "southwest" : {
                  "lat" : -38.0100762,
                  "lng" : 176.9545984
               }
            }
         },
         "place_id" : "ChIJdwngI04Ab20RYBqjQ2HvAAU",
         "types" : [ "locality", "political" ]
      }
   ],
   "status" : "OK"
}
