{
   "results" : [
      {
         "address_components" : [
            {
               "long_name" : "Whistler",
               "short_name" : "Whistler",
               "types" : [ "locality", "political" ]
            },
            {
               "long_name" : "Whistler",
               "short_name" : "Whistler",
               "types" : [ "administrative_area_level_3", "political" ]
            },
            {
               "long_name" : "Squamish-Lillooet",
               "short_name" : "Squamish-Lillooet",
               "types" : [ "administrative_area_level_2", "political" ]
            },
            {
               "long_name" : "British Columbia",
               "short_name" : "BC",
               "types" : [ "administrative_area_level_1", "political" ]
            },
            {
               "long_name" : "Canada",
               "short_name" : "CA",
               "types" : [ "country", "political" ]
            },
            {
               "long_name" : "V0N",
               "short_name" : "V0N",
               "types" : [ "postal_code_prefix", "postal_code" ]
            }
         ],
         "formatted_address" : "Whistler, BC V0N, Canada",
         "geometry" : {
            "bounds" : {
               "northeast" : {
                  "lat" : 50.175747,
                  "lng" : -122.8610199
               },
               "southwest" : {
                  "lat" : 50.032549,
                  "lng" : -123.1420102
               }
            },
            "location" : {
               "lat" : 50.1163196,
               "lng" : -122.9573563
            },
            "location_type" : "APPROXIMATE",
            "viewport" : {
               "northeast" : {
                  "lat" : 50.175747,
                  "lng" : -122.8610199
               },
               "southwest" : {
                  "lat" : 50.032549,
                  "lng" : -123.1420102
               }
            }
         },
         "place_id" : "ChIJh3uVA7I8h1QR9s_1dehBt0o",
         "types" : [ "locality", "political" ]
      }
   ],
   "status" : "OK"
}
