{
   "results" : [
      {
         "address_components" : [
            {
               "long_name" : "Windsor",
               "short_name" : "Windsor",
               "types" : [ "locality", "political" ]
            },
            {
               "long_name" : "Windsor",
               "short_name" : "Windsor",
               "types" : [ "postal_town" ]
            },
            {
               "long_name" : "Windsor and Maidenhead",
               "short_name" : "Windsor and Maidenhead",
               "types" : [ "administrative_area_level_2", "political" ]
            },
            {
               "long_name" : "England",
               "short_name" : "England",
               "types" : [ "administrative_area_level_1", "political" ]
            },
            {
               "long_name" : "United Kingdom",
               "short_name" : "GB",
               "types" : [ "country", "political" ]
            },
            {
               "long_name" : "SL4",
               "short_name" : "SL4",
               "types" : [ "postal_code_prefix", "postal_code" ]
            }
         ],
         "formatted_address" : "Windsor, Windsor, Windsor and Maidenhead SL4, UK",
         "geometry" : {
            "bounds" : {
               "northeast" : {
                  "lat" : 51.4904886,
                  "lng" : -0.6011968999999999
               },
               "southwest" : {
                  "lat" : 51.4641221,
                  "lng" : -0.6641712
               }
            },
            "location" : {
               "lat" : 51.4817279,
               "lng" : -0.613576
            },
            "location_type" : "APPROXIMATE",
            "viewport" : {
               "northeast" : {
                  "lat" : 51.4904886,
                  "lng" : -0.6011968999999999
               },
               "southwest" : {
                  "lat" : 51.4641221,
                  "lng" : -0.6641712
               }
            }
         },
         "place_id" : "ChIJlzkySAx6dkgRtjJ97dN2bUo",
         "types" : [ "locality", "political" ]
      }
   ],
   "status" : "OK"
}
