{
   "results" : [
      {
         "address_components" : [
            {
               "long_name" : "Wirral",
               "short_name" : "Wirral",
               "types" : [ "natural_feature", "establishment" ]
            },
            {
               "long_name" : "Wirral",
               "short_name" : "Wirral",
               "types" : [ "postal_town" ]
            },
            {
               "long_name" : "Merseyside",
               "short_name" : "Merseyside",
               "types" : [ "administrative_area_level_2", "political" ]
            },
            {
               "long_name" : "United Kingdom",
               "short_name" : "GB",
               "types" : [ "country", "political" ]
            },
            {
               "long_name" : "CH60",
               "short_name" : "CH60",
               "types" : [ "postal_code_prefix", "postal_code" ]
            }
         ],
         "formatted_address" : "Wirral, Wirral, Merseyside CH60, UK",
         "geometry" : {
            "location" : {
               "lat" : 53.3333333,
               "lng" : -3.0833333
            },
            "location_type" : "APPROXIMATE",
            "viewport" : {
               "northeast" : {
                  "lat" : 53.33999590000001,
                  "lng" : -3.0673259
               },
               "southwest" : {
                  "lat" : 53.3266697,
                  "lng" : -3.0993407
               }
            }
         },
         "place_id" : "ChIJc2SL5xnYekgRBlJNnWGvVVg",
         "types" : [ "natural_feature", "establishment" ]
      }
   ],
   "status" : "OK"
}
