{
   "results" : [
      {
         "address_components" : [
            {
               "long_name" : "Woodhaven",
               "short_name" : "Woodhaven",
               "types" : [ "locality", "political" ]
            },
            {
               "long_name" : "Wayne County",
               "short_name" : "Wayne County",
               "types" : [ "administrative_area_level_2", "political" ]
            },
            {
               "long_name" : "Michigan",
               "short_name" : "MI",
               "types" : [ "administrative_area_level_1", "political" ]
            },
            {
               "long_name" : "United States",
               "short_name" : "US",
               "types" : [ "country", "political" ]
            }
         ],
         "formatted_address" : "Woodhaven, MI, USA",
         "geometry" : {
            "bounds" : {
               "northeast" : {
                  "lat" : 42.155266,
                  "lng" : -83.215514
               },
               "southwest" : {
                  "lat" : 42.10922,
                  "lng" : -83.265507
               }
            },
            "location" : {
               "lat" : 42.1389839,
               "lng" : -83.24179939999999
            },
            "location_type" : "APPROXIMATE",
            "viewport" : {
               "northeast" : {
                  "lat" : 42.155266,
                  "lng" : -83.215514
               },
               "southwest" : {
                  "lat" : 42.10922,
                  "lng" : -83.265507
               }
            }
         },
         "place_id" : "ChIJwfPUN6M4O4gRdfCtAsY3woE",
         "types" : [ "locality", "political" ]
      }
   ],
   "status" : "OK"
}
