{
   "results" : [
      {
         "address_components" : [
            {
               "long_name" : "Woodstock",
               "short_name" : "Woodstock",
               "types" : [ "locality", "political" ]
            },
            {
               "long_name" : "Oxford County",
               "short_name" : "Oxford County",
               "types" : [ "administrative_area_level_2", "political" ]
            },
            {
               "long_name" : "Ontario",
               "short_name" : "ON",
               "types" : [ "administrative_area_level_1", "political" ]
            },
            {
               "long_name" : "Canada",
               "short_name" : "CA",
               "types" : [ "country", "political" ]
            }
         ],
         "formatted_address" : "Woodstock, ON, Canada",
         "geometry" : {
            "bounds" : {
               "northeast" : {
                  "lat" : 43.1665869,
                  "lng" : -80.69380489999999
               },
               "southwest" : {
                  "lat" : 43.0943249,
                  "lng" : -80.7822951
               }
            },
            "location" : {
               "lat" : 43.1314966,
               "lng" : -80.74716509999999
            },
            "location_type" : "APPROXIMATE",
            "viewport" : {
               "northeast" : {
                  "lat" : 43.1665869,
                  "lng" : -80.69380489999999
               },
               "southwest" : {
                  "lat" : 43.0943249,
                  "lng" : -80.7822951
               }
            }
         },
         "place_id" : "ChIJzVO_VEcfLIgRkB4jxyh7AwU",
         "types" : [ "locality", "political" ]
      }
   ],
   "status" : "OK"
}
