{
   "results" : [
      {
         "address_components" : [
            {
               "long_name" : "Wuppertal",
               "short_name" : "West",
               "types" : [ "locality", "political" ]
            },
            {
               "long_name" : "Düsseldorf",
               "short_name" : "Düsseldorf",
               "types" : [ "administrative_area_level_2", "political" ]
            },
            {
               "long_name" : "North Rhine-Westphalia",
               "short_name" : "NRW",
               "types" : [ "administrative_area_level_1", "political" ]
            },
            {
               "long_name" : "Germany",
               "short_name" : "DE",
               "types" : [ "country", "political" ]
            }
         ],
         "formatted_address" : "Wuppertal, Germany",
         "geometry" : {
            "bounds" : {
               "northeast" : {
                  "lat" : 51.31809390000001,
                  "lng" : 7.3134358
               },
               "southwest" : {
                  "lat" : 51.1656894,
                  "lng" : 7.014097599999999
               }
            },
            "location" : {
               "lat" : 51.2562128,
               "lng" : 7.150763599999999
            },
            "location_type" : "APPROXIMATE",
            "viewport" : {
               "northeast" : {
                  "lat" : 51.31809390000001,
                  "lng" : 7.3134358
               },
               "southwest" : {
                  "lat" : 51.1656894,
                  "lng" : 7.014097599999999
               }
            }
         },
         "place_id" : "ChIJZ9RhXDrWuEcRQHQqSvxgJwQ",
         "types" : [ "locality", "political" ]
      }
   ],
   "status" : "OK"
}
