{
   "results" : [
      {
         "address_components" : [
            {
               "long_name" : "Zwolle",
               "short_name" : "Zwolle",
               "types" : [ "locality", "political" ]
            },
            {
               "long_name" : "Zwolle",
               "short_name" : "Zwolle",
               "types" : [ "administrative_area_level_2", "political" ]
            },
            {
               "long_name" : "Overijssel",
               "short_name" : "Overste",
               "types" : [ "administrative_area_level_1", "political" ]
            },
            {
               "long_name" : "Netherlands",
               "short_name" : "NL",
               "types" : [ "country", "political" ]
            }
         ],
         "formatted_address" : "Zwolle, Netherlands",
         "geometry" : {
            "bounds" : {
               "northeast" : {
                  "lat" : 52.5879408,
                  "lng" : 6.210545100000001
               },
               "southwest" : {
                  "lat" : 52.4405205,
                  "lng" : 6.0034506
               }
            },
            "location" : {
               "lat" : 52.5167747,
               "lng" : 6.083021899999999
            },
            "location_type" : "APPROXIMATE",
            "viewport" : {
               "northeast" : {
                  "lat" : 52.5879408,
                  "lng" : 6.210545100000001
               },
               "southwest" : {
                  "lat" : 52.4405205,
                  "lng" : 6.0034506
               }
            }
         },
         "place_id" : "ChIJsewSnSDfx0cRjD7dkiRbC80",
         "types" : [ "locality", "political" ]
      }
   ],
   "status" : "OK"
}
